{"id": "1789938004.123375", "decoder": "windows_eventchannel", "location": "EventChannel", "full_log": "{\"win\":{\"system\":{\"providerName\":\"Microsoft-Windows-Security-Auditing\",\"providerGuid\":\"{54849625-5478-4994-a5ba-3e3b0328c30d}\",\"eventID\":\"4624\",\"version\":\"2\",\"level\":\"0\",\"task\":\"12544\",\"opcode\":\"0\",\"keywords\":\"0x8020000000000000\",\"systemTime\":\"2026-09-20T21:00:04.0185662Z\",\"eventRecordID\":\"2838993857\",\"processID\":\"768\",\"threadID\":\"15556\",\"channel\":\"Security\",\"computer\":\"DC2.zaferbalkan.com\",\"severityValue\":\"AUDIT_SUCCESS\",\"message\":\"\\\"An account was successfully logged on.\\r\\n\\r\\nSubject:\\r\\n\\tSecurity ID:\\t\\tS-1-0-0\\r\\n\\tAccount Name:\\t\\t-\\r\\n\\tAccount Domain:\\t\\t-\\r\\n\\tLogon ID:\\t\\t0x0\\r\\n\\r\\nLogon Information:\\r\\n\\tLogon Type:\\t\\t3\\r\\n\\tRestricted Admin Mode:\\t-\\r\\n\\tVirtual Account:\\t\\tNo\\r\\n\\tElevated Token:\\t\\tYes\\r\\n\\r\\nImpersonation Level:\\t\\tImpersonation\\r\\n\\r\\nNew Logon:\\r\\n\\tSecurity ID:\\t\\tS-1-5-21-1485762334-58807183-3007761946-11182\\r\\n\\tAccount Name:\\t\\tRHEL10-TEMPLATE$\\r\\n\\tAccount Domain:\\t\\tzaferbalkan.com\\r\\n\\tLogon ID:\\t\\t0x3AFE20B9\\r\\n\\tLinked Logon ID:\\t\\t0x0\\r\\n\\tNetwork Account Name:\\t-\\r\\n\\tNetwork Account Domain:\\t-\\r\\n\\tLogon GUID:\\t\\t{f5a36428-2169-4b36-f8a9-58811adea6a0}\\r\\n\\r\\nProcess Information:\\r\\n\\tProcess ID:\\t\\t0x0\\r\\n\\tProcess Name:\\t\\t-\\r\\n\\r\\nNetwork Information:\\r\\n\\tWorkstation Name:\\t-\\r\\n\\tSource Network Address:\\t172.0.0.32\\r\\n\\tSource Port:\\t\\t60014\\r\\n\\r\\nDetailed Authentication Information:\\r\\n\\tLogon Process:\\t\\tKerberos\\r\\n\\tAuthentication Package:\\tKerberos\\r\\n\\tTransited Services:\\t-\\r\\n\\tPackage Name (NTLM only):\\t-\\r\\n\\tKey Length:\\t\\t0\\r\\n\\r\\nThis event is generated when a logon session is created. It is generated on the computer that was accessed.\\r\\n\\r\\nThe subject fields indicate the account on the local system which requested the logon. This is most commonly a service such as the Server service, or a local process such as Winlogon.exe or Services.exe.\\r\\n\\r\\nThe logon type field indicates the kind of logon that occurred. The most common types are 2 (interactive) and 3 (network).\\r\\n\\r\\nThe New Logon fields indicate the account for whom the new logon was created, i.e. the account that was logged on.\\r\\n\\r\\nThe network fields indicate where a remote logon request originated. Workstation name is not always available and may be left blank in some cases.\\r\\n\\r\\nThe impersonation level field indicates the extent to which a process in the logon session can impersonate.\\r\\n\\r\\nThe authentication information fields provide detailed information about this specific logon request.\\r\\n\\t- Logon GUID is a unique identifier that can be used to correlate this event with a KDC event.\\r\\n\\t- Transited services indicate which intermediate services have participated in this logon request.\\r\\n\\t- Package name indicates which sub-protocol was used among the NTLM protocols.\\r\\n\\t- Key length indicates the length of the generated session key. This will be 0 if no session key was requested.\\\"\"},\"eventdata\":{\"subjectUserSid\":\"S-1-0-0\",\"subjectLogonId\":\"0x0\",\"targetUserSid\":\"S-1-5-21-1485762334-58807183-3007761946-11182\",\"targetUserName\":\"RHEL10-TEMPLATE$\",\"targetDomainName\":\"zaferbalkan.com\",\"targetLogonId\":\"0x3afe20b9\",\"logonType\":\"3\",\"logonProcessName\":\"Kerberos\",\"authenticationPackageName\":\"Kerberos\",\"logonGuid\":\"{f5a36428-2169-4b36-f8a9-58811adea6a0}\",\"keyLength\":\"0\",\"processId\":\"0x0\",\"ipAddress\":\"172.0.0.32\",\"ipPort\":\"60014\",\"impersonationLevel\":\"%%1833\",\"virtualAccount\":\"%%1843\",\"targetLinkedLogonId\":\"0x0\",\"elevatedToken\":\"%%1842\"}}}"}
{"id": "1789938004.124166", "decoder": "windows_eventchannel", "location": "EventChannel", "full_log": "{\"win\":{\"system\":{\"providerName\":\"Microsoft-Windows-Security-Auditing\",\"providerGuid\":\"{54849625-5478-4994-a5ba-3e3b0328c30d}\",\"eventID\":\"4768\",\"version\":\"2\",\"level\":\"0\",\"task\":\"14339\",\"opcode\":\"0\",\"keywords\":\"0x8020000000000000\",\"systemTime\":\"2026-09-20T21:00:04.0205595Z\",\"eventRecordID\":\"2838993858\",\"processID\":\"768\",\"threadID\":\"15556\",\"channel\":\"Security\",\"computer\":\"DC2.zaferbalkan.com\",\"severityValue\":\"AUDIT_SUCCESS\",\"message\":\"\\\"A Kerberos authentication ticket (TGT) was requested.\\r\\n\\r\\nAccount Information:\\r\\n\\tAccount Name:\\t\\tBNTGW1$\\r\\n\\tSupplied Realm Name:\\tzaferbalkan.com\\r\\n\\tUser ID:\\t\\t\\tS-1-5-21-1485762334-58807183-3007761946-7114\\r\\n\\tMSDS-SupportedEncryptionTypes:\\t0x18 (AES128-SHA96, AES256-SHA96)\\r\\n\\tAvailable Keys:\\tAES-SHA1, RC4\\r\\n\\r\\nService Information:\\r\\n\\tService Name:\\t\\tkrbtgt\\r\\n\\tService ID:\\t\\tS-1-5-21-1485762334-58807183-3007761946-502\\r\\n\\tMSDS-SupportedEncryptionTypes:\\t0x1F (DES, RC4, AES128-SHA96, AES256-SHA96)\\r\\n\\tAvailable Keys:\\tAES-SHA1, RC4\\r\\n\\r\\nDomain Controller Information:\\r\\n\\tMSDS-SupportedEncryptionTypes:\\t0x1F (DES, RC4, AES128-SHA96, AES256-SHA96)\\r\\n\\tAvailable Keys:\\tAES-SHA1, RC4\\r\\n\\r\\nNetwork Information:\\r\\n\\tClient Address:\\t\\t::ffff:172.0.0.7\\r\\n\\tClient Port:\\t\\t53344\\r\\n\\tAdvertized Etypes:\\t\\n\\t\\tAES256-CTS-HMAC-SHA1-96\\n\\t\\tAES128-CTS-HMAC-SHA1-96\\n\\t\\t20\\n\\t\\t19\\r\\n\\r\\nAdditional Information:\\r\\n\\tTicket Options:\\t\\t0x800000\\r\\n\\tResult Code:\\t\\t0x0\\r\\n\\tTicket Encryption Type:\\t0x12\\r\\n\\tSession Encryption Type:\\t0x12\\r\\n\\tPre-Authentication Type:\\t2\\r\\n\\tPre-Authentication EncryptionType:\\t0x12\\r\\n\\r\\nCertificate Information:\\r\\n\\tCertificate Issuer Name:\\t\\t\\r\\n\\tCertificate Serial Number:\\t\\r\\n\\tCertificate Thumbprint:\\t\\t\\r\\n\\r\\nTicket information\\r\\n\\tResponse ticket hash:\\t\\ty7bEYDaiLQH4KTDjxZ5OsZ3CPyfEmVsElfFrndiUkYo=\\r\\n\\r\\nCertificate information is only provided if a certificate was used for pre-authentication.\\r\\n\\r\\nPre-authentication types, ticket options, encryption types and result codes are defined in RFC 4120.\\\"\"},\"eventdata\":{\"targetUserName\":\"BNTGW1$\",\"targetDomainName\":\"zaferbalkan.com\",\"targetSid\":\"S-1-5-21-1485762334-58807183-3007761946-7114\",\"serviceName\":\"krbtgt\",\"serviceSid\":\"S-1-5-21-1485762334-58807183-3007761946-502\",\"ticketOptions\":\"0x800000\",\"status\":\"0x0\",\"ticketEncryptionType\":\"0x12\",\"preAuthType\":\"2\",\"ipAddress\":\"::ffff:172.0.0.7\",\"ipPort\":\"53344\",\"responseTicket\":\"y7bEYDaiLQH4KTDjxZ5OsZ3CPyfEmVsElfFrndiUkYo=\",\"accountSupportedEncryptionTypes\":\"0x18 (AES128-SHA96, AES256-SHA96)\",\"accountAvailableKeys\":\"AES-SHA1, RC4\",\"serviceSupportedEncryptionTypes\":\"0x1F (DES, RC4, AES128-SHA96, AES256-SHA96)\",\"serviceAvailableKeys\":\"AES-SHA1, RC4\",\"dCSupportedEncryptionTypes\":\"0x1F (DES, RC4, AES128-SHA96, AES256-SHA96)\",\"dCAvailableKeys\":\"AES-SHA1, RC4\",\"clientAdvertizedEncryptionTypes\":\"   AES256-CTS-HMAC-SHA1-96   AES128-CTS-HMAC-SHA1-96   20   19\",\"sessionKeyEncryptionType\":\"0x12\",\"preAuthEncryptionType\":\"0x12\"}}}"}
{"id": "1789938004.125439", "decoder": "windows_eventchannel", "location": "EventChannel", "full_log": "{\"win\":{\"system\":{\"providerName\":\"Microsoft-Windows-Security-Auditing\",\"providerGuid\":\"{54849625-5478-4994-a5ba-3e3b0328c30d}\",\"eventID\":\"4769\",\"version\":\"2\",\"level\":\"0\",\"task\":\"14337\",\"opcode\":\"0\",\"keywords\":\"0x8020000000000000\",\"systemTime\":\"2026-09-20T21:00:04.0251658Z\",\"eventRecordID\":\"2838993859\",\"processID\":\"768\",\"threadID\":\"15556\",\"channel\":\"Security\",\"computer\":\"DC2.zaferbalkan.com\",\"severityValue\":\"AUDIT_SUCCESS\",\"message\":\"\\\"A Kerberos service ticket was requested.\\r\\n\\r\\nAccount Information:\\r\\n\\tAccount Name:\\t\\tBNTGW1$@zaferbalkan.com\\r\\n\\tAccount Domain:\\t\\tzaferbalkan.com\\r\\n\\tLogon GUID:\\t\\t{783becc2-33e1-f544-2fdb-07f06f85922d}\\r\\n\\tMSDS-SupportedEncryptionTypes:\\tN/A\\r\\n\\tAvailable Keys:\\tN/A\\r\\n\\r\\nService Information:\\r\\n\\tService Name:\\t\\tDC2$\\r\\n\\tService ID:\\t\\tS-1-5-21-1485762334-58807183-3007761946-8129\\r\\n\\tMSDS-SupportedEncryptionTypes:\\t0x1F (DES, RC4, AES128-SHA96, AES256-SHA96)\\r\\n\\tAvailable Keys:\\tAES-SHA1, RC4\\r\\n\\r\\nDomain Controller Information:\\r\\n\\tMSDS-SupportedEncryptionTypes:\\t0x1F (DES, RC4, AES128-SHA96, AES256-SHA96)\\r\\n\\tAvailable Keys:\\tAES-SHA1, RC4\\r\\n\\r\\nNetwork Information:\\r\\n\\tClient Address:\\t\\t::ffff:172.0.0.7\\r\\n\\tClient Port:\\t\\t53352\\r\\n\\tAdvertized Etypes:\\t\\n\\t\\t20\\n\\t\\t19\\n\\t\\tAES256-CTS-HMAC-SHA1-96\\n\\t\\tAES128-CTS-HMAC-SHA1-96\\r\\n\\r\\nAdditional Information:\\r\\n\\tTicket Options:\\t\\t0x810000\\r\\n\\tTicket Encryption Type:\\t0x12\\r\\n\\tSession Encryption Type:\\t0x12\\r\\n\\tFailure Code:\\t\\t0x0\\r\\n\\tTransited Services:\\t-\\r\\n\\r\\nTicket information\\r\\n\\tRequest ticket hash:\\t\\ty7bEYDaiLQH4KTDjxZ5OsZ3CPyfEmVsElfFrndiUkYo=\\r\\n\\tResponse ticket hash:\\t\\txNSYaowMrJpwGEfUXTiqSdVq3Yd31TJcWYgfNw6XOMA=\\r\\n\\r\\nThis event is generated every time access is requested to a resource such as a computer or a Windows service.  The service name indicates the resource to which access was requested.\\r\\n\\r\\nThis event can be correlated with Windows logon events by comparing the Logon GUID fields in each event.  The logon event occurs on the machine that was accessed, which is often a different machine than the domain controller which issued the service ticket.\\r\\n\\r\\nPre-authentication types, ticket options, encryption types and result codes are defined in RFC 4120.\\\"\"},\"eventdata\":{\"targetUserName\":\"BNTGW1$@zaferbalkan.com\",\"targetDomainName\":\"zaferbalkan.com\",\"serviceName\":\"DC2$\",\"serviceSid\":\"S-1-5-21-1485762334-58807183-3007761946-8129\",\"ticketOptions\":\"0x810000\",\"ticketEncryptionType\":\"0x12\",\"ipAddress\":\"::ffff:172.0.0.7\",\"ipPort\":\"53352\",\"status\":\"0x0\",\"logonGuid\":\"{783becc2-33e1-f544-2fdb-07f06f85922d}\",\"requestTicketHash\":\"y7bEYDaiLQH4KTDjxZ5OsZ3CPyfEmVsElfFrndiUkYo=\",\"responseTicketHash\":\"xNSYaowMrJpwGEfUXTiqSdVq3Yd31TJcWYgfNw6XOMA=\",\"accountSupportedEncryptionTypes\":\"N/A\",\"accountAvailableKeys\":\"N/A\",\"serviceSupportedEncryptionTypes\":\"0x1F (DES, RC4, AES128-SHA96, AES256-SHA96)\",\"serviceAvailableKeys\":\"AES-SHA1, RC4\",\"dCSupportedEncryptionTypes\":\"0x1F (DES, RC4, AES128-SHA96, AES256-SHA96)\",\"dCAvailableKeys\":\"AES-SHA1, RC4\",\"clientAdvertizedEncryptionTypes\":\"   20   19   AES256-CTS-HMAC-SHA1-96   AES128-CTS-HMAC-SHA1-96\",\"sessionKeyEncryptionType\":\"0x12\"}}}"}
{"id": "1789938004.125439", "decoder": "windows_eventchannel", "location": "EventChannel", "full_log": "{\"win\":{\"system\":{\"providerName\":\"Microsoft-Windows-Security-Auditing\",\"providerGuid\":\"{54849625-5478-4994-a5ba-3e3b0328c30d}\",\"eventID\":\"4624\",\"version\":\"2\",\"level\":\"0\",\"task\":\"12544\",\"opcode\":\"0\",\"keywords\":\"0x8020000000000000\",\"systemTime\":\"2026-09-20T21:00:04.0263122Z\",\"eventRecordID\":\"2838993860\",\"processID\":\"768\",\"threadID\":\"15556\",\"channel\":\"Security\",\"computer\":\"DC2.zaferbalkan.com\",\"severityValue\":\"AUDIT_SUCCESS\",\"message\":\"\\\"An account was successfully logged on.\\r\\n\\r\\nSubject:\\r\\n\\tSecurity ID:\\t\\tS-1-0-0\\r\\n\\tAccount Name:\\t\\t-\\r\\n\\tAccount Domain:\\t\\t-\\r\\n\\tLogon ID:\\t\\t0x0\\r\\n\\r\\nLogon Information:\\r\\n\\tLogon Type:\\t\\t3\\r\\n\\tRestricted Admin Mode:\\t-\\r\\n\\tVirtual Account:\\t\\tNo\\r\\n\\tElevated Token:\\t\\tYes\\r\\n\\r\\nImpersonation Level:\\t\\tImpersonation\\r\\n\\r\\nNew Logon:\\r\\n\\tSecurity ID:\\t\\tS-1-5-21-1485762334-58807183-3007761946-7114\\r\\n\\tAccount Name:\\t\\tBNTGW1$\\r\\n\\tAccount Domain:\\t\\tzaferbalkan.com\\r\\n\\tLogon ID:\\t\\t0x3AFE20D3\\r\\n\\tLinked Logon ID:\\t\\t0x0\\r\\n\\tNetwork Account Name:\\t-\\r\\n\\tNetwork Account Domain:\\t-\\r\\n\\tLogon GUID:\\t\\t{f9d17baa-41b4-ca86-c15d-d8f68efdc12a}\\r\\n\\r\\nProcess Information:\\r\\n\\tProcess ID:\\t\\t0x0\\r\\n\\tProcess Name:\\t\\t-\\r\\n\\r\\nNetwork Information:\\r\\n\\tWorkstation Name:\\t-\\r\\n\\tSource Network Address:\\t172.0.0.7\\r\\n\\tSource Port:\\t\\t57288\\r\\n\\r\\nDetailed Authentication Information:\\r\\n\\tLogon Process:\\t\\tKerberos\\r\\n\\tAuthentication Package:\\tKerberos\\r\\n\\tTransited Services:\\t-\\r\\n\\tPackage Name (NTLM only):\\t-\\r\\n\\tKey Length:\\t\\t0\\r\\n\\r\\nThis event is generated when a logon session is created. It is generated on the computer that was accessed.\\r\\n\\r\\nThe subject fields indicate the account on the local system which requested the logon. This is most commonly a service such as the Server service, or a local process such as Winlogon.exe or Services.exe.\\r\\n\\r\\nThe logon type field indicates the kind of logon that occurred. The most common types are 2 (interactive) and 3 (network).\\r\\n\\r\\nThe New Logon fields indicate the account for whom the new logon was created, i.e. the account that was logged on.\\r\\n\\r\\nThe network fields indicate where a remote logon request originated. Workstation name is not always available and may be left blank in some cases.\\r\\n\\r\\nThe impersonation level field indicates the extent to which a process in the logon session can impersonate.\\r\\n\\r\\nThe authentication information fields provide detailed information about this specific logon request.\\r\\n\\t- Logon GUID is a unique identifier that can be used to correlate this event with a KDC event.\\r\\n\\t- Transited services indicate which intermediate services have participated in this logon request.\\r\\n\\t- Package name indicates which sub-protocol was used among the NTLM protocols.\\r\\n\\t- Key length indicates the length of the generated session key. This will be 0 if no session key was requested.\\\"\"},\"eventdata\":{\"subjectUserSid\":\"S-1-0-0\",\"subjectLogonId\":\"0x0\",\"targetUserSid\":\"S-1-5-21-1485762334-58807183-3007761946-7114\",\"targetUserName\":\"BNTGW1$\",\"targetDomainName\":\"zaferbalkan.com\",\"targetLogonId\":\"0x3afe20d3\",\"logonType\":\"3\",\"logonProcessName\":\"Kerberos\",\"authenticationPackageName\":\"Kerberos\",\"logonGuid\":\"{f9d17baa-41b4-ca86-c15d-d8f68efdc12a}\",\"keyLength\":\"0\",\"processId\":\"0x0\",\"ipAddress\":\"172.0.0.7\",\"ipPort\":\"57288\",\"impersonationLevel\":\"%%1833\",\"virtualAccount\":\"%%1843\",\"targetLinkedLogonId\":\"0x0\",\"elevatedToken\":\"%%1842\"}}}"}
{"id": "1789938005.180169", "decoder": "windows_eventchannel", "location": "EventChannel", "full_log": "{\"win\":{\"system\":{\"providerName\":\"Service Control Manager\",\"providerGuid\":\"{555908d1-a6d7-4695-8e1e-26931d2012f4}\",\"eventSourceName\":\"Service Control Manager\",\"eventID\":\"7036\",\"version\":\"0\",\"level\":\"4\",\"task\":\"0\",\"opcode\":\"0\",\"keywords\":\"0x8080000000000000\",\"systemTime\":\"2026-09-20T21:00:04.5954217Z\",\"eventRecordID\":\"1738421\",\"processID\":\"928\",\"threadID\":\"26312\",\"channel\":\"System\",\"computer\":\"jumphost1.zaferbalkan.com\",\"severityValue\":\"INFORMATION\",\"message\":\"\\\"The Windows Installer service entered the stopped state.\\\"\"},\"eventdata\":{\"param1\":\"Windows Installer\",\"param2\":\"stopped\",\"binary\":\"6D00730069007300650072007600650072002F0031000000\"}}}"}
{"id": "1789938005.180169", "decoder": "windows_eventchannel", "location": "EventChannel", "full_log": "{\"win\":{\"system\":{\"providerName\":\"Service Control Manager\",\"providerGuid\":\"{555908d1-a6d7-4695-8e1e-26931d2012f4}\",\"eventSourceName\":\"Service Control Manager\",\"eventID\":\"7036\",\"version\":\"0\",\"level\":\"4\",\"task\":\"0\",\"opcode\":\"0\",\"keywords\":\"0x8080000000000000\",\"systemTime\":\"2026-09-20T21:00:04.6891701Z\",\"eventRecordID\":\"1738422\",\"processID\":\"928\",\"threadID\":\"26312\",\"channel\":\"System\",\"computer\":\"jumphost1.zaferbalkan.com\",\"severityValue\":\"INFORMATION\",\"message\":\"\\\"The Client License Service (ClipSVC) service entered the stopped state.\\\"\"},\"eventdata\":{\"param1\":\"Client License Service (ClipSVC)\",\"param2\":\"stopped\",\"binary\":\"43006C00690070005300560043002F0031000000\"}}}"}
{"id": "1789938005.180973", "decoder": "windows_eventchannel", "location": "EventChannel", "full_log": "{\"win\":{\"system\":{\"providerName\":\"Microsoft-Windows-Security-Auditing\",\"providerGuid\":\"{54849625-5478-4994-a5ba-3e3b0328c30d}\",\"eventID\":\"4768\",\"version\":\"2\",\"level\":\"0\",\"task\":\"14339\",\"opcode\":\"0\",\"keywords\":\"0x8020000000000000\",\"systemTime\":\"2026-09-20T21:00:04.7755824Z\",\"eventRecordID\":\"2838993890\",\"processID\":\"768\",\"threadID\":\"2412\",\"channel\":\"Security\",\"computer\":\"DC2.zaferbalkan.com\",\"severityValue\":\"AUDIT_SUCCESS\",\"message\":\"\\\"A Kerberos authentication ticket (TGT) was requested.\\r\\n\\r\\nAccount Information:\\r\\n\\tAccount Name:\\t\\tMONGODB2-TEST$\\r\\n\\tSupplied Realm Name:\\tzaferbalkan.com\\r\\n\\tUser ID:\\t\\t\\tS-1-5-21-1485762334-58807183-3007761946-8152\\r\\n\\tMSDS-SupportedEncryptionTypes:\\t0x18 (AES128-SHA96, AES256-SHA96)\\r\\n\\tAvailable Keys:\\tAES-SHA1, RC4\\r\\n\\r\\nService Information:\\r\\n\\tService Name:\\t\\tkrbtgt\\r\\n\\tService ID:\\t\\tS-1-5-21-1485762334-58807183-3007761946-502\\r\\n\\tMSDS-SupportedEncryptionTypes:\\t0x1F (DES, RC4, AES128-SHA96, AES256-SHA96)\\r\\n\\tAvailable Keys:\\tAES-SHA1, RC4\\r\\n\\r\\nDomain Controller Information:\\r\\n\\tMSDS-SupportedEncryptionTypes:\\t0x1F (DES, RC4, AES128-SHA96, AES256-SHA96)\\r\\n\\tAvailable Keys:\\tAES-SHA1, RC4\\r\\n\\r\\nNetwork Information:\\r\\n\\tClient Address:\\t\\t::ffff:172.0.0.22\\r\\n\\tClient Port:\\t\\t36212\\r\\n\\tAdvertized Etypes:\\t\\n\\t\\tAES256-CTS-HMAC-SHA1-96\\n\\t\\tAES128-CTS-HMAC-SHA1-96\\n\\t\\t20\\n\\t\\t19\\n\\t\\t26\\n\\t\\t25\\r\\n\\r\\nAdditional Information:\\r\\n\\tTicket Options:\\t\\t0x10\\r\\n\\tResult Code:\\t\\t0x0\\r\\n\\tTicket Encryption Type:\\t0x12\\r\\n\\tSession Encryption Type:\\t0x12\\r\\n\\tPre-Authentication Type:\\t2\\r\\n\\tPre-Authentication EncryptionType:\\t0x12\\r\\n\\r\\nCertificate Information:\\r\\n\\tCertificate Issuer Name:\\t\\t\\r\\n\\tCertificate Serial Number:\\t\\r\\n\\tCertificate Thumbprint:\\t\\t\\r\\n\\r\\nTicket information\\r\\n\\tResponse ticket hash:\\t\\tyQ7ghIl5P36Y4SfzzWMLuuZJ+9cOJ6sNluLV68leRBU=\\r\\n\\r\\nCertificate information is only provided if a certificate was used for pre-authentication.\\r\\n\\r\\nPre-authentication types, ticket options, encryption types and result codes are defined in RFC 4120.\\\"\"},\"eventdata\":{\"targetUserName\":\"MONGODB2-TEST$\",\"targetDomainName\":\"zaferbalkan.com\",\"targetSid\":\"S-1-5-21-1485762334-58807183-3007761946-8152\",\"serviceName\":\"krbtgt\",\"serviceSid\":\"S-1-5-21-1485762334-58807183-3007761946-502\",\"ticketOptions\":\"0x10\",\"status\":\"0x0\",\"ticketEncryptionType\":\"0x12\",\"preAuthType\":\"2\",\"ipAddress\":\"::ffff:172.0.0.22\",\"ipPort\":\"36212\",\"responseTicket\":\"yQ7ghIl5P36Y4SfzzWMLuuZJ+9cOJ6sNluLV68leRBU=\",\"accountSupportedEncryptionTypes\":\"0x18 (AES128-SHA96, AES256-SHA96)\",\"accountAvailableKeys\":\"AES-SHA1, RC4\",\"serviceSupportedEncryptionTypes\":\"0x1F (DES, RC4, AES128-SHA96, AES256-SHA96)\",\"serviceAvailableKeys\":\"AES-SHA1, RC4\",\"dCSupportedEncryptionTypes\":\"0x1F (DES, RC4, AES128-SHA96, AES256-SHA96)\",\"dCAvailableKeys\":\"AES-SHA1, RC4\",\"clientAdvertizedEncryptionTypes\":\"   AES256-CTS-HMAC-SHA1-96   AES128-CTS-HMAC-SHA1-96   20   19   26   25\",\"sessionKeyEncryptionType\":\"0x12\",\"preAuthEncryptionType\":\"0x12\"}}}"}
{"id": "1789938005.180973", "decoder": "windows_eventchannel", "location": "EventChannel", "full_log": "{\"win\":{\"system\":{\"providerName\":\"Microsoft-Windows-Security-Auditing\",\"providerGuid\":\"{54849625-5478-4994-a5ba-3e3b0328c30d}\",\"eventID\":\"4769\",\"version\":\"2\",\"level\":\"0\",\"task\":\"14337\",\"opcode\":\"0\",\"keywords\":\"0x8020000000000000\",\"systemTime\":\"2026-09-20T21:00:04.7800282Z\",\"eventRecordID\":\"2838993891\",\"processID\":\"768\",\"threadID\":\"2412\",\"channel\":\"Security\",\"computer\":\"DC2.zaferbalkan.com\",\"severityValue\":\"AUDIT_SUCCESS\",\"message\":\"\\\"A Kerberos service ticket was requested.\\r\\n\\r\\nAccount Information:\\r\\n\\tAccount Name:\\t\\tMONGODB2-TEST$@zaferbalkan.com\\r\\n\\tAccount Domain:\\t\\tzaferbalkan.com\\r\\n\\tLogon GUID:\\t\\t{bb834e1e-9147-4c86-7ac0-f236ba3b24da}\\r\\n\\tMSDS-SupportedEncryptionTypes:\\tN/A\\r\\n\\tAvailable Keys:\\tN/A\\r\\n\\r\\nService Information:\\r\\n\\tService Name:\\t\\tDC1$\\r\\n\\tService ID:\\t\\tS-1-5-21-1485762334-58807183-3007761946-6298\\r\\n\\tMSDS-SupportedEncryptionTypes:\\t0x1F (DES, RC4, AES128-SHA96, AES256-SHA96)\\r\\n\\tAvailable Keys:\\tAES-SHA1, RC4\\r\\n\\r\\nDomain Controller Information:\\r\\n\\tMSDS-SupportedEncryptionTypes:\\t0x1F (DES, RC4, AES128-SHA96, AES256-SHA96)\\r\\n\\tAvailable Keys:\\tAES-SHA1, RC4\\r\\n\\r\\nNetwork Information:\\r\\n\\tClient Address:\\t\\t::ffff:172.0.0.22\\r\\n\\tClient Port:\\t\\t36220\\r\\n\\tAdvertized Etypes:\\t\\n\\t\\t20\\n\\t\\t19\\n\\t\\tAES256-CTS-HMAC-SHA1-96\\n\\t\\tAES128-CTS-HMAC-SHA1-96\\n\\t\\t26\\n\\t\\t25\\r\\n\\r\\nAdditional Information:\\r\\n\\tTicket Options:\\t\\t0x810000\\r\\n\\tTicket Encryption Type:\\t0x12\\r\\n\\tSession Encryption Type:\\t0x12\\r\\n\\tFailure Code:\\t\\t0x0\\r\\n\\tTransited Services:\\t-\\r\\n\\r\\nTicket information\\r\\n\\tRequest ticket hash:\\t\\tyQ7ghIl5P36Y4SfzzWMLuuZJ+9cOJ6sNluLV68leRBU=\\r\\n\\tResponse ticket hash:\\t\\tcOF64Jo/RaXLPG093iSwuGpW2q0o6HSZjVFbFDz7c2Q=\\r\\n\\r\\nThis event is generated every time access is requested to a resource such as a computer or a Windows service.  The service name indicates the resource to which access was requested.\\r\\n\\r\\nThis event can be correlated with Windows logon events by comparing the Logon GUID fields in each event.  The logon event occurs on the machine that was accessed, which is often a different machine than the domain controller which issued the service ticket.\\r\\n\\r\\nPre-authentication types, ticket options, encryption types and result codes are defined in RFC 4120.\\\"\"},\"eventdata\":{\"targetUserName\":\"MONGODB2-TEST$@zaferbalkan.com\",\"targetDomainName\":\"zaferbalkan.com\",\"serviceName\":\"DC1$\",\"serviceSid\":\"S-1-5-21-1485762334-58807183-3007761946-6298\",\"ticketOptions\":\"0x810000\",\"ticketEncryptionType\":\"0x12\",\"ipAddress\":\"::ffff:172.0.0.22\",\"ipPort\":\"36220\",\"status\":\"0x0\",\"logonGuid\":\"{bb834e1e-9147-4c86-7ac0-f236ba3b24da}\",\"requestTicketHash\":\"yQ7ghIl5P36Y4SfzzWMLuuZJ+9cOJ6sNluLV68leRBU=\",\"responseTicketHash\":\"cOF64Jo/RaXLPG093iSwuGpW2q0o6HSZjVFbFDz7c2Q=\",\"accountSupportedEncryptionTypes\":\"N/A\",\"accountAvailableKeys\":\"N/A\",\"serviceSupportedEncryptionTypes\":\"0x1F (DES, RC4, AES128-SHA96, AES256-SHA96)\",\"serviceAvailableKeys\":\"AES-SHA1, RC4\",\"dCSupportedEncryptionTypes\":\"0x1F (DES, RC4, AES128-SHA96, AES256-SHA96)\",\"dCAvailableKeys\":\"AES-SHA1, RC4\",\"clientAdvertizedEncryptionTypes\":\"   20   19   AES256-CTS-HMAC-SHA1-96   AES128-CTS-HMAC-SHA1-96   26   25\",\"sessionKeyEncryptionType\":\"0x12\"}}}"}
{"id": "1789938005.180973", "decoder": "windows_eventchannel", "location": "EventChannel", "full_log": "{\"win\":{\"system\":{\"providerName\":\"Microsoft-Windows-Security-Auditing\",\"providerGuid\":\"{54849625-5478-4994-a5ba-3e3b0328c30d}\",\"eventID\":\"4768\",\"version\":\"2\",\"level\":\"0\",\"task\":\"14339\",\"opcode\":\"0\",\"keywords\":\"0x8020000000000000\",\"systemTime\":\"2026-09-20T21:00:05.0269297Z\",\"eventRecordID\":\"2838993892\",\"processID\":\"768\",\"threadID\":\"15556\",\"channel\":\"Security\",\"computer\":\"DC2.zaferbalkan.com\",\"severityValue\":\"AUDIT_SUCCESS\",\"message\":\"\\\"A Kerberos authentication ticket (TGT) was requested.\\r\\n\\r\\nAccount Information:\\r\\n\\tAccount Name:\\t\\tSRV-RAC-VAE1$\\r\\n\\tSupplied Realm Name:\\tzaferbalkan.com\\r\\n\\tUser ID:\\t\\t\\tS-1-5-21-1485762334-58807183-3007761946-8238\\r\\n\\tMSDS-SupportedEncryptionTypes:\\t0x18 (AES128-SHA96, AES256-SHA96)\\r\\n\\tAvailable Keys:\\tAES-SHA1, RC4\\r\\n\\r\\nService Information:\\r\\n\\tService Name:\\t\\tkrbtgt\\r\\n\\tService ID:\\t\\tS-1-5-21-1485762334-58807183-3007761946-502\\r\\n\\tMSDS-SupportedEncryptionTypes:\\t0x1F (DES, RC4, AES128-SHA96, AES256-SHA96)\\r\\n\\tAvailable Keys:\\tAES-SHA1, RC4\\r\\n\\r\\nDomain Controller Information:\\r\\n\\tMSDS-SupportedEncryptionTypes:\\t0x1F (DES, RC4, AES128-SHA96, AES256-SHA96)\\r\\n\\tAvailable Keys:\\tAES-SHA1, RC4\\r\\n\\r\\nNetwork Information:\\r\\n\\tClient Address:\\t\\t::ffff:172.0.0.73\\r\\n\\tClient Port:\\t\\t51534\\r\\n\\tAdvertized Etypes:\\t\\n\\t\\tAES256-CTS-HMAC-SHA1-96\\n\\t\\tAES128-CTS-HMAC-SHA1-96\\n\\t\\t20\\n\\t\\t19\\r\\n\\r\\nAdditional Information:\\r\\n\\tTicket Options:\\t\\t0x800000\\r\\n\\tResult Code:\\t\\t0x0\\r\\n\\tTicket Encryption Type:\\t0x12\\r\\n\\tSession Encryption Type:\\t0x12\\r\\n\\tPre-Authentication Type:\\t2\\r\\n\\tPre-Authentication EncryptionType:\\t0x12\\r\\n\\r\\nCertificate Information:\\r\\n\\tCertificate Issuer Name:\\t\\t\\r\\n\\tCertificate Serial Number:\\t\\r\\n\\tCertificate Thumbprint:\\t\\t\\r\\n\\r\\nTicket information\\r\\n\\tResponse ticket hash:\\t\\tz/TqyBSdBDA/evlzjfPGfxsn15zf3amxiSYf0PyDlRE=\\r\\n\\r\\nCertificate information is only provided if a certificate was used for pre-authentication.\\r\\n\\r\\nPre-authentication types, ticket options, encryption types and result codes are defined in RFC 4120.\\\"\"},\"eventdata\":{\"targetUserName\":\"SRV-RAC-VAE1$\",\"targetDomainName\":\"zaferbalkan.com\",\"targetSid\":\"S-1-5-21-1485762334-58807183-3007761946-8238\",\"serviceName\":\"krbtgt\",\"serviceSid\":\"S-1-5-21-1485762334-58807183-3007761946-502\",\"ticketOptions\":\"0x800000\",\"status\":\"0x0\",\"ticketEncryptionType\":\"0x12\",\"preAuthType\":\"2\",\"ipAddress\":\"::ffff:172.0.0.73\",\"ipPort\":\"51534\",\"responseTicket\":\"z/TqyBSdBDA/evlzjfPGfxsn15zf3amxiSYf0PyDlRE=\",\"accountSupportedEncryptionTypes\":\"0x18 (AES128-SHA96, AES256-SHA96)\",\"accountAvailableKeys\":\"AES-SHA1, RC4\",\"serviceSupportedEncryptionTypes\":\"0x1F (DES, RC4, AES128-SHA96, AES256-SHA96)\",\"serviceAvailableKeys\":\"AES-SHA1, RC4\",\"dCSupportedEncryptionTypes\":\"0x1F (DES, RC4, AES128-SHA96, AES256-SHA96)\",\"dCAvailableKeys\":\"AES-SHA1, RC4\",\"clientAdvertizedEncryptionTypes\":\"   AES256-CTS-HMAC-SHA1-96   AES128-CTS-HMAC-SHA1-96   20   19\",\"sessionKeyEncryptionType\":\"0x12\",\"preAuthEncryptionType\":\"0x12\"}}}"}
{"id": "1789938005.180973", "decoder": "windows_eventchannel", "location": "EventChannel", "full_log": "{\"win\":{\"system\":{\"providerName\":\"Microsoft-Windows-Security-Auditing\",\"providerGuid\":\"{54849625-5478-4994-a5ba-3e3b0328c30d}\",\"eventID\":\"4769\",\"version\":\"2\",\"level\":\"0\",\"task\":\"14337\",\"opcode\":\"0\",\"keywords\":\"0x8020000000000000\",\"systemTime\":\"2026-09-20T21:00:05.0327288Z\",\"eventRecordID\":\"2838993893\",\"processID\":\"768\",\"threadID\":\"15556\",\"channel\":\"Security\",\"computer\":\"DC2.zaferbalkan.com\",\"severityValue\":\"AUDIT_SUCCESS\",\"message\":\"\\\"A Kerberos service ticket was requested.\\r\\n\\r\\nAccount Information:\\r\\n\\tAccount Name:\\t\\tSRV-RAC-VAE1$@zaferbalkan.com\\r\\n\\tAccount Domain:\\t\\tzaferbalkan.com\\r\\n\\tLogon GUID:\\t\\t{a0fa5c0d-b69b-15d7-c1f0-46898b1f423c}\\r\\n\\tMSDS-SupportedEncryptionTypes:\\tN/A\\r\\n\\tAvailable Keys:\\tN/A\\r\\n\\r\\nService Information:\\r\\n\\tService Name:\\t\\tDC2$\\r\\n\\tService ID:\\t\\tS-1-5-21-1485762334-58807183-3007761946-8129\\r\\n\\tMSDS-SupportedEncryptionTypes:\\t0x1F (DES, RC4, AES128-SHA96, AES256-SHA96)\\r\\n\\tAvailable Keys:\\tAES-SHA1, RC4\\r\\n\\r\\nDomain Controller Information:\\r\\n\\tMSDS-SupportedEncryptionTypes:\\t0x1F (DES, RC4, AES128-SHA96, AES256-SHA96)\\r\\n\\tAvailable Keys:\\tAES-SHA1, RC4\\r\\n\\r\\nNetwork Information:\\r\\n\\tClient Address:\\t\\t::ffff:172.0.0.73\\r\\n\\tClient Port:\\t\\t51542\\r\\n\\tAdvertized Etypes:\\t\\n\\t\\t20\\n\\t\\t19\\n\\t\\tAES256-CTS-HMAC-SHA1-96\\n\\t\\tAES128-CTS-HMAC-SHA1-96\\r\\n\\r\\nAdditional Information:\\r\\n\\tTicket Options:\\t\\t0x810000\\r\\n\\tTicket Encryption Type:\\t0x12\\r\\n\\tSession Encryption Type:\\t0x12\\r\\n\\tFailure Code:\\t\\t0x0\\r\\n\\tTransited Services:\\t-\\r\\n\\r\\nTicket information\\r\\n\\tRequest ticket hash:\\t\\tz/TqyBSdBDA/evlzjfPGfxsn15zf3amxiSYf0PyDlRE=\\r\\n\\tResponse ticket hash:\\t\\tGL3U2aC2wmJ1uLFA3On8D7LwkTEKxFGMzlaURPOTS4I=\\r\\n\\r\\nThis event is generated every time access is requested to a resource such as a computer or a Windows service.  The service name indicates the resource to which access was requested.\\r\\n\\r\\nThis event can be correlated with Windows logon events by comparing the Logon GUID fields in each event.  The logon event occurs on the machine that was accessed, which is often a different machine than the domain controller which issued the service ticket.\\r\\n\\r\\nPre-authentication types, ticket options, encryption types and result codes are defined in RFC 4120.\\\"\"},\"eventdata\":{\"targetUserName\":\"SRV-RAC-VAE1$@zaferbalkan.com\",\"targetDomainName\":\"zaferbalkan.com\",\"serviceName\":\"DC2$\",\"serviceSid\":\"S-1-5-21-1485762334-58807183-3007761946-8129\",\"ticketOptions\":\"0x810000\",\"ticketEncryptionType\":\"0x12\",\"ipAddress\":\"::ffff:172.0.0.73\",\"ipPort\":\"51542\",\"status\":\"0x0\",\"logonGuid\":\"{a0fa5c0d-b69b-15d7-c1f0-46898b1f423c}\",\"requestTicketHash\":\"z/TqyBSdBDA/evlzjfPGfxsn15zf3amxiSYf0PyDlRE=\",\"responseTicketHash\":\"GL3U2aC2wmJ1uLFA3On8D7LwkTEKxFGMzlaURPOTS4I=\",\"accountSupportedEncryptionTypes\":\"N/A\",\"accountAvailableKeys\":\"N/A\",\"serviceSupportedEncryptionTypes\":\"0x1F (DES, RC4, AES128-SHA96, AES256-SHA96)\",\"serviceAvailableKeys\":\"AES-SHA1, RC4\",\"dCSupportedEncryptionTypes\":\"0x1F (DES, RC4, AES128-SHA96, AES256-SHA96)\",\"dCAvailableKeys\":\"AES-SHA1, RC4\",\"clientAdvertizedEncryptionTypes\":\"   20   19   AES256-CTS-HMAC-SHA1-96   AES128-CTS-HMAC-SHA1-96\",\"sessionKeyEncryptionType\":\"0x12\"}}}"}
{"id": "1789938005.180973", "decoder": "windows_eventchannel", "location": "EventChannel", "full_log": "{\"win\":{\"system\":{\"providerName\":\"Microsoft-Windows-Security-Auditing\",\"providerGuid\":\"{54849625-5478-4994-a5ba-3e3b0328c30d}\",\"eventID\":\"4624\",\"version\":\"2\",\"level\":\"0\",\"task\":\"12544\",\"opcode\":\"0\",\"keywords\":\"0x8020000000000000\",\"systemTime\":\"2026-09-20T21:00:05.0344297Z\",\"eventRecordID\":\"2838993894\",\"processID\":\"768\",\"threadID\":\"15556\",\"channel\":\"Security\",\"computer\":\"DC2.zaferbalkan.com\",\"severityValue\":\"AUDIT_SUCCESS\",\"message\":\"\\\"An account was successfully logged on.\\r\\n\\r\\nSubject:\\r\\n\\tSecurity ID:\\t\\tS-1-0-0\\r\\n\\tAccount Name:\\t\\t-\\r\\n\\tAccount Domain:\\t\\t-\\r\\n\\tLogon ID:\\t\\t0x0\\r\\n\\r\\nLogon Information:\\r\\n\\tLogon Type:\\t\\t3\\r\\n\\tRestricted Admin Mode:\\t-\\r\\n\\tVirtual Account:\\t\\tNo\\r\\n\\tElevated Token:\\t\\tYes\\r\\n\\r\\nImpersonation Level:\\t\\tImpersonation\\r\\n\\r\\nNew Logon:\\r\\n\\tSecurity ID:\\t\\tS-1-5-21-1485762334-58807183-3007761946-8238\\r\\n\\tAccount Name:\\t\\tSRV-RAC-VAE1$\\r\\n\\tAccount Domain:\\t\\tzaferbalkan.com\\r\\n\\tLogon ID:\\t\\t0x3AFE2214\\r\\n\\tLinked Logon ID:\\t\\t0x0\\r\\n\\tNetwork Account Name:\\t-\\r\\n\\tNetwork Account Domain:\\t-\\r\\n\\tLogon GUID:\\t\\t{1f39706a-64f6-9d78-69ff-b5900735e669}\\r\\n\\r\\nProcess Information:\\r\\n\\tProcess ID:\\t\\t0x0\\r\\n\\tProcess Name:\\t\\t-\\r\\n\\r\\nNetwork Information:\\r\\n\\tWorkstation Name:\\t-\\r\\n\\tSource Network Address:\\t172.0.0.73\\r\\n\\tSource Port:\\t\\t32060\\r\\n\\r\\nDetailed Authentication Information:\\r\\n\\tLogon Process:\\t\\tKerberos\\r\\n\\tAuthentication Package:\\tKerberos\\r\\n\\tTransited Services:\\t-\\r\\n\\tPackage Name (NTLM only):\\t-\\r\\n\\tKey Length:\\t\\t0\\r\\n\\r\\nThis event is generated when a logon session is created. It is generated on the computer that was accessed.\\r\\n\\r\\nThe subject fields indicate the account on the local system which requested the logon. This is most commonly a service such as the Server service, or a local process such as Winlogon.exe or Services.exe.\\r\\n\\r\\nThe logon type field indicates the kind of logon that occurred. The most common types are 2 (interactive) and 3 (network).\\r\\n\\r\\nThe New Logon fields indicate the account for whom the new logon was created, i.e. the account that was logged on.\\r\\n\\r\\nThe network fields indicate where a remote logon request originated. Workstation name is not always available and may be left blank in some cases.\\r\\n\\r\\nThe impersonation level field indicates the extent to which a process in the logon session can impersonate.\\r\\n\\r\\nThe authentication information fields provide detailed information about this specific logon request.\\r\\n\\t- Logon GUID is a unique identifier that can be used to correlate this event with a KDC event.\\r\\n\\t- Transited services indicate which intermediate services have participated in this logon request.\\r\\n\\t- Package name indicates which sub-protocol was used among the NTLM protocols.\\r\\n\\t- Key length indicates the length of the generated session key. This will be 0 if no session key was requested.\\\"\"},\"eventdata\":{\"subjectUserSid\":\"S-1-0-0\",\"subjectLogonId\":\"0x0\",\"targetUserSid\":\"S-1-5-21-1485762334-58807183-3007761946-8238\",\"targetUserName\":\"SRV-RAC-VAE1$\",\"targetDomainName\":\"zaferbalkan.com\",\"targetLogonId\":\"0x3afe2214\",\"logonType\":\"3\",\"logonProcessName\":\"Kerberos\",\"authenticationPackageName\":\"Kerberos\",\"logonGuid\":\"{1f39706a-64f6-9d78-69ff-b5900735e669}\",\"keyLength\":\"0\",\"processId\":\"0x0\",\"ipAddress\":\"172.0.0.73\",\"ipPort\":\"32060\",\"impersonationLevel\":\"%%1833\",\"virtualAccount\":\"%%1843\",\"targetLinkedLogonId\":\"0x0\",\"elevatedToken\":\"%%1842\"}}}"}
{"id": "1789938005.180973", "decoder": "windows_eventchannel", "location": "EventChannel", "full_log": "{\"win\":{\"system\":{\"providerName\":\"Microsoft-Windows-Security-Auditing\",\"providerGuid\":\"{54849625-5478-4994-a5ba-3e3b0328c30d}\",\"eventID\":\"4624\",\"version\":\"2\",\"level\":\"0\",\"task\":\"12544\",\"opcode\":\"0\",\"keywords\":\"0x8020000000000000\",\"systemTime\":\"2026-09-20T21:00:05.4985449Z\",\"eventRecordID\":\"2838993895\",\"processID\":\"768\",\"threadID\":\"2412\",\"channel\":\"Security\",\"computer\":\"DC2.zaferbalkan.com\",\"severityValue\":\"AUDIT_SUCCESS\",\"message\":\"\\\"An account was successfully logged on.\\r\\n\\r\\nSubject:\\r\\n\\tSecurity ID:\\t\\tS-1-0-0\\r\\n\\tAccount Name:\\t\\t-\\r\\n\\tAccount Domain:\\t\\t-\\r\\n\\tLogon ID:\\t\\t0x0\\r\\n\\r\\nLogon Information:\\r\\n\\tLogon Type:\\t\\t3\\r\\n\\tRestricted Admin Mode:\\t-\\r\\n\\tVirtual Account:\\t\\tNo\\r\\n\\tElevated Token:\\t\\tYes\\r\\n\\r\\nImpersonation Level:\\t\\tImpersonation\\r\\n\\r\\nNew Logon:\\r\\n\\tSecurity ID:\\t\\tS-1-5-21-1485762334-58807183-3007761946-6297\\r\\n\\tAccount Name:\\t\\tSSO-3$\\r\\n\\tAccount Domain:\\t\\tzaferbalkan.com\\r\\n\\tLogon ID:\\t\\t0x3AFE2270\\r\\n\\tLinked Logon ID:\\t\\t0x0\\r\\n\\tNetwork Account Name:\\t-\\r\\n\\tNetwork Account Domain:\\t-\\r\\n\\tLogon GUID:\\t\\t{7895fe96-a694-ec30-4aaa-ddd6050eb705}\\r\\n\\r\\nProcess Information:\\r\\n\\tProcess ID:\\t\\t0x0\\r\\n\\tProcess Name:\\t\\t-\\r\\n\\r\\nNetwork Information:\\r\\n\\tWorkstation Name:\\t-\\r\\n\\tSource Network Address:\\t172.0.0.29\\r\\n\\tSource Port:\\t\\t59322\\r\\n\\r\\nDetailed Authentication Information:\\r\\n\\tLogon Process:\\t\\tKerberos\\r\\n\\tAuthentication Package:\\tKerberos\\r\\n\\tTransited Services:\\t-\\r\\n\\tPackage Name (NTLM only):\\t-\\r\\n\\tKey Length:\\t\\t0\\r\\n\\r\\nThis event is generated when a logon session is created. It is generated on the computer that was accessed.\\r\\n\\r\\nThe subject fields indicate the account on the local system which requested the logon. This is most commonly a service such as the Server service, or a local process such as Winlogon.exe or Services.exe.\\r\\n\\r\\nThe logon type field indicates the kind of logon that occurred. The most common types are 2 (interactive) and 3 (network).\\r\\n\\r\\nThe New Logon fields indicate the account for whom the new logon was created, i.e. the account that was logged on.\\r\\n\\r\\nThe network fields indicate where a remote logon request originated. Workstation name is not always available and may be left blank in some cases.\\r\\n\\r\\nThe impersonation level field indicates the extent to which a process in the logon session can impersonate.\\r\\n\\r\\nThe authentication information fields provide detailed information about this specific logon request.\\r\\n\\t- Logon GUID is a unique identifier that can be used to correlate this event with a KDC event.\\r\\n\\t- Transited services indicate which intermediate services have participated in this logon request.\\r\\n\\t- Package name indicates which sub-protocol was used among the NTLM protocols.\\r\\n\\t- Key length indicates the length of the generated session key. This will be 0 if no session key was requested.\\\"\"},\"eventdata\":{\"subjectUserSid\":\"S-1-0-0\",\"subjectLogonId\":\"0x0\",\"targetUserSid\":\"S-1-5-21-1485762334-58807183-3007761946-6297\",\"targetUserName\":\"SSO-3$\",\"targetDomainName\":\"zaferbalkan.com\",\"targetLogonId\":\"0x3afe2270\",\"logonType\":\"3\",\"logonProcessName\":\"Kerberos\",\"authenticationPackageName\":\"Kerberos\",\"logonGuid\":\"{7895fe96-a694-ec30-4aaa-ddd6050eb705}\",\"keyLength\":\"0\",\"processId\":\"0x0\",\"ipAddress\":\"172.0.0.29\",\"ipPort\":\"59322\",\"impersonationLevel\":\"%%1833\",\"virtualAccount\":\"%%1843\",\"targetLinkedLogonId\":\"0x0\",\"elevatedToken\":\"%%1842\"}}}"}
{"id": "1789938006.191328", "decoder": "windows_eventchannel", "location": "EventChannel", "full_log": "{\"win\":{\"system\":{\"providerName\":\"Microsoft-Windows-TaskScheduler\",\"providerGuid\":\"{de7b24ea-73c8-4a09-985d-5bdadcfa9017}\",\"eventID\":\"129\",\"version\":\"0\",\"level\":\"4\",\"task\":\"129\",\"opcode\":\"0\",\"keywords\":\"0x8000000000000000\",\"systemTime\":\"2026-09-20T21:00:05.9432843Z\",\"eventRecordID\":\"3022767\",\"processID\":\"2100\",\"threadID\":\"16064\",\"channel\":\"Microsoft-Windows-TaskScheduler/Operational\",\"computer\":\"jumphost2.zaferbalkan.com\",\"severityValue\":\"INFORMATION\",\"message\":\"\\\"Task Scheduler launch task \\\"\\\\Microsoft\\\\Windows\\\\CertificateServicesClient\\\\UserTask-Roam\\\" , instance \\\"taskhostw.exe\\\"  with process ID 9092.\\\"\"},\"eventdata\":{\"taskName\":\"\\\\\\\\Microsoft\\\\\\\\Windows\\\\\\\\CertificateServicesClient\\\\\\\\UserTask-Roam\",\"path\":\"taskhostw.exe\",\"processID\":\"9092\",\"priority\":\"32\"}}}"}
{"id": "1789938006.191328", "decoder": "windows_eventchannel", "location": "EventChannel", "full_log": "{\"win\":{\"system\":{\"providerName\":\"Microsoft-Windows-TaskScheduler\",\"providerGuid\":\"{de7b24ea-73c8-4a09-985d-5bdadcfa9017}\",\"eventID\":\"100\",\"version\":\"0\",\"level\":\"4\",\"task\":\"100\",\"opcode\":\"1\",\"keywords\":\"0x8000000000000001\",\"systemTime\":\"2026-09-20T21:00:05.9434854Z\",\"eventRecordID\":\"3022768\",\"processID\":\"2100\",\"threadID\":\"16064\",\"channel\":\"Microsoft-Windows-TaskScheduler/Operational\",\"computer\":\"jumphost2.zaferbalkan.com\",\"severityValue\":\"INFORMATION\",\"message\":\"\\\"Task Scheduler started \\\"{3b5007b9-49bf-42ef-b6f8-01923cea308c}\\\" instance of the \\\"\\\\Microsoft\\\\Windows\\\\CertificateServicesClient\\\\UserTask-Roam\\\" task for user \\\"ZAFERBALKAN.COM\\\\zafer\\\".\\\"\"},\"eventdata\":{\"taskName\":\"\\\\\\\\Microsoft\\\\\\\\Windows\\\\\\\\CertificateServicesClient\\\\\\\\UserTask-Roam\",\"userContext\":\"ZAFERBALKAN.COM\\\\\\\\zafer\",\"instanceId\":\"{3b5007b9-49bf-42ef-b6f8-01923cea308c}\"}}}"}
{"id": "1789938006.191328", "decoder": "windows_eventchannel", "location": "EventChannel", "full_log": "{\"win\":{\"system\":{\"providerName\":\"Microsoft-Windows-TaskScheduler\",\"providerGuid\":\"{de7b24ea-73c8-4a09-985d-5bdadcfa9017}\",\"eventID\":\"200\",\"version\":\"1\",\"level\":\"4\",\"task\":\"200\",\"opcode\":\"1\",\"keywords\":\"0x8000000000000000\",\"systemTime\":\"2026-09-20T21:00:05.9434869Z\",\"eventRecordID\":\"3022769\",\"processID\":\"2100\",\"threadID\":\"16064\",\"channel\":\"Microsoft-Windows-TaskScheduler/Operational\",\"computer\":\"jumphost2.zaferbalkan.com\",\"severityValue\":\"INFORMATION\",\"message\":\"\\\"Task Scheduler launched action \\\"Certificate Services Client Task Handler\\\" in instance \\\"{3b5007b9-49bf-42ef-b6f8-01923cea308c}\\\" of task \\\"\\\\Microsoft\\\\Windows\\\\CertificateServicesClient\\\\UserTask-Roam\\\".\\\"\"},\"eventdata\":{\"taskName\":\"\\\\\\\\Microsoft\\\\\\\\Windows\\\\\\\\CertificateServicesClient\\\\\\\\UserTask-Roam\",\"actionName\":\"Certificate Services Client Task Handler\",\"taskInstanceId\":\"{3b5007b9-49bf-42ef-b6f8-01923cea308c}\",\"enginePID\":\"9092\"}}}"}
{"id": "1789938006.191328", "decoder": "windows_eventchannel", "location": "EventChannel", "full_log": "{\"win\":{\"system\":{\"providerName\":\"Microsoft-Windows-TaskScheduler\",\"providerGuid\":\"{de7b24ea-73c8-4a09-985d-5bdadcfa9017}\",\"eventID\":\"201\",\"version\":\"2\",\"level\":\"4\",\"task\":\"201\",\"opcode\":\"2\",\"keywords\":\"0x8000000000000000\",\"systemTime\":\"2026-09-20T21:00:05.9724764Z\",\"eventRecordID\":\"3022770\",\"processID\":\"2100\",\"threadID\":\"36596\",\"channel\":\"Microsoft-Windows-TaskScheduler/Operational\",\"computer\":\"jumphost2.zaferbalkan.com\",\"severityValue\":\"INFORMATION\",\"message\":\"\\\"Task Scheduler successfully completed task \\\"\\\\Microsoft\\\\Windows\\\\CertificateServicesClient\\\\UserTask-Roam\\\" , instance \\\"{3b5007b9-49bf-42ef-b6f8-01923cea308c}\\\" , action \\\"Certificate Services Client Task Handler\\\" with return code 0.\\\"\"},\"eventdata\":{\"taskName\":\"\\\\\\\\Microsoft\\\\\\\\Windows\\\\\\\\CertificateServicesClient\\\\\\\\UserTask-Roam\",\"taskInstanceId\":\"{3b5007b9-49bf-42ef-b6f8-01923cea308c}\",\"actionName\":\"Certificate Services Client Task Handler\",\"resultCode\":\"0\",\"enginePID\":\"9092\"}}}"}
{"id": "1789938006.191328", "decoder": "windows_eventchannel", "location": "EventChannel", "full_log": "{\"win\":{\"system\":{\"providerName\":\"Microsoft-Windows-TaskScheduler\",\"providerGuid\":\"{de7b24ea-73c8-4a09-985d-5bdadcfa9017}\",\"eventID\":\"102\",\"version\":\"0\",\"level\":\"4\",\"task\":\"102\",\"opcode\":\"2\",\"keywords\":\"0x8000000000000001\",\"systemTime\":\"2026-09-20T21:00:05.9724782Z\",\"eventRecordID\":\"3022771\",\"processID\":\"2100\",\"threadID\":\"36596\",\"channel\":\"Microsoft-Windows-TaskScheduler/Operational\",\"computer\":\"jumphost2.zaferbalkan.com\",\"severityValue\":\"INFORMATION\",\"message\":\"\\\"Task Scheduler successfully finished \\\"{3b5007b9-49bf-42ef-b6f8-01923cea308c}\\\" instance of the \\\"\\\\Microsoft\\\\Windows\\\\CertificateServicesClient\\\\UserTask-Roam\\\" task for user \\\"ZAFERBALKAN.COM\\\\zafer\\\".\\\"\"},\"eventdata\":{\"taskName\":\"\\\\\\\\Microsoft\\\\\\\\Windows\\\\\\\\CertificateServicesClient\\\\\\\\UserTask-Roam\",\"userContext\":\"ZAFERBALKAN.COM\\\\\\\\zafer\",\"instanceId\":\"{3b5007b9-49bf-42ef-b6f8-01923cea308c}\"}}}"}
{"id": "1789938006.216396", "decoder": "windows_eventchannel", "location": "EventChannel", "full_log": "{\"win\":{\"system\":{\"providerName\":\"Microsoft-Windows-Security-Auditing\",\"providerGuid\":\"{54849625-5478-4994-a5ba-3e3b0328c30d}\",\"eventID\":\"4611\",\"version\":\"0\",\"level\":\"0\",\"task\":\"12289\",\"opcode\":\"0\",\"keywords\":\"0x8020000000000000\",\"systemTime\":\"2026-09-20T21:00:05.9066433Z\",\"eventRecordID\":\"96042183\",\"processID\":\"868\",\"threadID\":\"34376\",\"channel\":\"Security\",\"computer\":\"jumphost2.zaferbalkan.com\",\"severityValue\":\"AUDIT_SUCCESS\",\"message\":\"\\\"A trusted logon process has been registered with the Local Security Authority.\\r\\nThis logon process will be trusted to submit logon requests.\\r\\n\\r\\nSubject:\\r\\n\\tSecurity ID:\\t\\tS-1-5-18\\r\\n\\tAccount Name:\\t\\tjumphost2$\\r\\n\\tAccount Domain:\\t\\tZAFERBALKAN.COM\\r\\n\\tLogon ID:\\t\\t0x3E7\\r\\n\\r\\nLogon Process Name:\\t\\tUserManager\\\"\"},\"eventdata\":{\"subjectUserSid\":\"S-1-5-18\",\"subjectUserName\":\"jumphost2$\",\"subjectDomainName\":\"ZAFERBALKAN.COM\",\"subjectLogonId\":\"0x3e7\",\"logonProcessName\":\"UserManager\"}}}"}
{"id": "1789938006.216396", "decoder": "windows_eventchannel", "location": "EventChannel", "full_log": "{\"win\":{\"system\":{\"providerName\":\"Microsoft-Windows-Security-Auditing\",\"providerGuid\":\"{54849625-5478-4994-a5ba-3e3b0328c30d}\",\"eventID\":\"4673\",\"version\":\"0\",\"level\":\"0\",\"task\":\"13056\",\"opcode\":\"0\",\"keywords\":\"0x8020000000000000\",\"systemTime\":\"2026-09-20T21:00:05.9066467Z\",\"eventRecordID\":\"96042184\",\"processID\":\"4\",\"threadID\":\"13680\",\"channel\":\"Security\",\"computer\":\"jumphost2.zaferbalkan.com\",\"severityValue\":\"AUDIT_SUCCESS\",\"message\":\"\\\"A privileged service was called.\\r\\n\\r\\nSubject:\\r\\n\\tSecurity ID:\\t\\tS-1-5-18\\r\\n\\tAccount Name:\\t\\tjumphost2$\\r\\n\\tAccount Domain:\\t\\tZAFERBALKAN.COM\\r\\n\\tLogon ID:\\t\\t0x3E7\\r\\n\\r\\nService:\\r\\n\\tServer:\\tNT Local Security Authority / Authentication Service\\r\\n\\tService Name:\\tLsaRegisterLogonProcess()\\r\\n\\r\\nProcess:\\r\\n\\tProcess ID:\\t0x364\\r\\n\\tProcess Name:\\tC:\\\\Windows\\\\System32\\\\lsass.exe\\r\\n\\r\\nService Request Information:\\r\\n\\tPrivileges:\\t\\tSeTcbPrivilege\\\"\"},\"eventdata\":{\"subjectUserSid\":\"S-1-5-18\",\"subjectUserName\":\"jumphost2$\",\"subjectDomainName\":\"ZAFERBALKAN.COM\",\"subjectLogonId\":\"0x3e7\",\"objectServer\":\"NT Local Security Authority / Authentication Service\",\"service\":\"LsaRegisterLogonProcess()\",\"privilegeList\":\"SeTcbPrivilege\",\"processId\":\"0x364\",\"processName\":\"C:\\\\\\\\Windows\\\\\\\\System32\\\\\\\\lsass.exe\"}}}"}
{"id": "1789938006.216396", "decoder": "windows_eventchannel", "location": "EventChannel", "full_log": "{\"win\":{\"system\":{\"providerName\":\"Microsoft-Windows-Security-Auditing\",\"providerGuid\":\"{54849625-5478-4994-a5ba-3e3b0328c30d}\",\"eventID\":\"4768\",\"version\":\"2\",\"level\":\"0\",\"task\":\"14339\",\"opcode\":\"0\",\"keywords\":\"0x8020000000000000\",\"systemTime\":\"2026-09-20T21:00:05.9156113Z\",\"eventRecordID\":\"2838993921\",\"processID\":\"768\",\"threadID\":\"15556\",\"channel\":\"Security\",\"computer\":\"DC2.zaferbalkan.com\",\"severityValue\":\"AUDIT_SUCCESS\",\"message\":\"\\\"A Kerberos authentication ticket (TGT) was requested.\\r\\n\\r\\nAccount Information:\\r\\n\\tAccount Name:\\t\\tzafer\\r\\n\\tSupplied Realm Name:\\tZAFERBALKAN.COM\\r\\n\\tUser ID:\\t\\t\\tS-1-5-21-1485762334-58807183-3007761946-3621\\r\\n\\tMSDS-SupportedEncryptionTypes:\\t0x18 (AES128-SHA96, AES256-SHA96)\\r\\n\\tAvailable Keys:\\tAES-SHA1, RC4\\r\\n\\r\\nService Information:\\r\\n\\tService Name:\\t\\tkrbtgt\\r\\n\\tService ID:\\t\\tS-1-5-21-1485762334-58807183-3007761946-502\\r\\n\\tMSDS-SupportedEncryptionTypes:\\t0x1F (DES, RC4, AES128-SHA96, AES256-SHA96)\\r\\n\\tAvailable Keys:\\tAES-SHA1, RC4\\r\\n\\r\\nDomain Controller Information:\\r\\n\\tMSDS-SupportedEncryptionTypes:\\t0x1F (DES, RC4, AES128-SHA96, AES256-SHA96)\\r\\n\\tAvailable Keys:\\tAES-SHA1, RC4\\r\\n\\r\\nNetwork Information:\\r\\n\\tClient Address:\\t\\t::ffff:172.0.0.19\\r\\n\\tClient Port:\\t\\t56426\\r\\n\\tAdvertized Etypes:\\t\\n\\t\\tAES256-CTS-HMAC-SHA1-96\\n\\t\\tAES128-CTS-HMAC-SHA1-96\\n\\t\\tDES-CBC-MD5\\r\\n\\r\\nAdditional Information:\\r\\n\\tTicket Options:\\t\\t0x40810010\\r\\n\\tResult Code:\\t\\t0x0\\r\\n\\tTicket Encryption Type:\\t0x12\\r\\n\\tSession Encryption Type:\\t0x12\\r\\n\\tPre-Authentication Type:\\t2\\r\\n\\tPre-Authentication EncryptionType:\\t0x12\\r\\n\\r\\nCertificate Information:\\r\\n\\tCertificate Issuer Name:\\t\\t\\r\\n\\tCertificate Serial Number:\\t\\r\\n\\tCertificate Thumbprint:\\t\\t\\r\\n\\r\\nTicket information\\r\\n\\tResponse ticket hash:\\t\\t8zVInpny938zvMrl+F/MvX1+OJi/FmyTSFeON0JBwfg=\\r\\n\\r\\nCertificate information is only provided if a certificate was used for pre-authentication.\\r\\n\\r\\nPre-authentication types, ticket options, encryption types and result codes are defined in RFC 4120.\\\"\"},\"eventdata\":{\"targetUserName\":\"zafer\",\"targetDomainName\":\"ZAFERBALKAN.COM\",\"targetSid\":\"S-1-5-21-1485762334-58807183-3007761946-3621\",\"serviceName\":\"krbtgt\",\"serviceSid\":\"S-1-5-21-1485762334-58807183-3007761946-502\",\"ticketOptions\":\"0x40810010\",\"status\":\"0x0\",\"ticketEncryptionType\":\"0x12\",\"preAuthType\":\"2\",\"ipAddress\":\"::ffff:172.0.0.19\",\"ipPort\":\"56426\",\"responseTicket\":\"8zVInpny938zvMrl+F/MvX1+OJi/FmyTSFeON0JBwfg=\",\"accountSupportedEncryptionTypes\":\"0x18 (AES128-SHA96, AES256-SHA96)\",\"accountAvailableKeys\":\"AES-SHA1, RC4\",\"serviceSupportedEncryptionTypes\":\"0x1F (DES, RC4, AES128-SHA96, AES256-SHA96)\",\"serviceAvailableKeys\":\"AES-SHA1, RC4\",\"dCSupportedEncryptionTypes\":\"0x1F (DES, RC4, AES128-SHA96, AES256-SHA96)\",\"dCAvailableKeys\":\"AES-SHA1, RC4\",\"clientAdvertizedEncryptionTypes\":\"   AES256-CTS-HMAC-SHA1-96   AES128-CTS-HMAC-SHA1-96   DES-CBC-MD5\",\"sessionKeyEncryptionType\":\"0x12\",\"preAuthEncryptionType\":\"0x12\"}}}"}
