{"id": "1789938002.66958", "decoder": "windows_eventchannel", "location": "EventChannel", "full_log": "{\"win\":{\"system\":{\"providerName\":\"Microsoft-Windows-Security-Auditing\",\"providerGuid\":\"{54849625-5478-4994-a5ba-3e3b0328c30d}\",\"eventID\":\"4769\",\"version\":\"2\",\"level\":\"0\",\"task\":\"14337\",\"opcode\":\"0\",\"keywords\":\"0x8020000000000000\",\"systemTime\":\"2026-09-20T21:00:01.9526825Z\",\"eventRecordID\":\"2838993756\",\"processID\":\"768\",\"threadID\":\"2412\",\"channel\":\"Security\",\"computer\":\"DC2.zaferbalkan.com\",\"severityValue\":\"AUDIT_SUCCESS\",\"message\":\"\\\"A Kerberos service ticket was requested.\\r\\n\\r\\nAccount Information:\\r\\n\\tAccount Name:\\t\\tapp-PROD-2$@zaferbalkan.com\\r\\n\\tAccount Domain:\\t\\tzaferbalkan.com\\r\\n\\tLogon GUID:\\t\\t{8e93acdf-32a8-79f1-847b-d4b226ffc8cb}\\r\\n\\tMSDS-SupportedEncryptionTypes:\\tN/A\\r\\n\\tAvailable Keys:\\tN/A\\r\\n\\r\\nService Information:\\r\\n\\tService Name:\\t\\tDC1$\\r\\n\\tService ID:\\t\\tS-1-5-21-1485762334-58807183-3007761946-6298\\r\\n\\tMSDS-SupportedEncryptionTypes:\\t0x1F (DES, RC4, AES128-SHA96, AES256-SHA96)\\r\\n\\tAvailable Keys:\\tAES-SHA1, RC4\\r\\n\\r\\nDomain Controller Information:\\r\\n\\tMSDS-SupportedEncryptionTypes:\\t0x1F (DES, RC4, AES128-SHA96, AES256-SHA96)\\r\\n\\tAvailable Keys:\\tAES-SHA1, RC4\\r\\n\\r\\nNetwork Information:\\r\\n\\tClient Address:\\t\\t::ffff:172.0.0.110\\r\\n\\tClient Port:\\t\\t55802\\r\\n\\tAdvertized Etypes:\\t\\n\\t\\t20\\n\\t\\t19\\n\\t\\tAES256-CTS-HMAC-SHA1-96\\n\\t\\tAES128-CTS-HMAC-SHA1-96\\n\\t\\t26\\n\\t\\t25\\r\\n\\r\\nAdditional Information:\\r\\n\\tTicket Options:\\t\\t0x810000\\r\\n\\tTicket Encryption Type:\\t0x12\\r\\n\\tSession Encryption Type:\\t0x12\\r\\n\\tFailure Code:\\t\\t0x0\\r\\n\\tTransited Services:\\t-\\r\\n\\r\\nTicket information\\r\\n\\tRequest ticket hash:\\t\\tJwsIVjbgkjhdgG7tzrw6INgrzpOt1ABaqF7mqXVoQ/M=\\r\\n\\tResponse ticket hash:\\t\\tRLqYPzRq40qNV1M0W+U8MgiBf4Qx17+d/AeHoMVDt2c=\\r\\n\\r\\nThis event is generated every time access is requested to a resource such as a computer or a Windows service.  The service name indicates the resource to which access was requested.\\r\\n\\r\\nThis event can be correlated with Windows logon events by comparing the Logon GUID fields in each event.  The logon event occurs on the machine that was accessed, which is often a different machine than the domain controller which issued the service ticket.\\r\\n\\r\\nPre-authentication types, ticket options, encryption types and result codes are defined in RFC 4120.\\\"\"},\"eventdata\":{\"targetUserName\":\"app-PROD-2$@zaferbalkan.com\",\"targetDomainName\":\"zaferbalkan.com\",\"serviceName\":\"DC1$\",\"serviceSid\":\"S-1-5-21-1485762334-58807183-3007761946-6298\",\"ticketOptions\":\"0x810000\",\"ticketEncryptionType\":\"0x12\",\"ipAddress\":\"::ffff:172.0.0.110\",\"ipPort\":\"55802\",\"status\":\"0x0\",\"logonGuid\":\"{8e93acdf-32a8-79f1-847b-d4b226ffc8cb}\",\"requestTicketHash\":\"JwsIVjbgkjhdgG7tzrw6INgrzpOt1ABaqF7mqXVoQ/M=\",\"responseTicketHash\":\"RLqYPzRq40qNV1M0W+U8MgiBf4Qx17+d/AeHoMVDt2c=\",\"accountSupportedEncryptionTypes\":\"N/A\",\"accountAvailableKeys\":\"N/A\",\"serviceSupportedEncryptionTypes\":\"0x1F (DES, RC4, AES128-SHA96, AES256-SHA96)\",\"serviceAvailableKeys\":\"AES-SHA1, RC4\",\"dCSupportedEncryptionTypes\":\"0x1F (DES, RC4, AES128-SHA96, AES256-SHA96)\",\"dCAvailableKeys\":\"AES-SHA1, RC4\",\"clientAdvertizedEncryptionTypes\":\"   20   19   AES256-CTS-HMAC-SHA1-96   AES128-CTS-HMAC-SHA1-96   26   25\",\"sessionKeyEncryptionType\":\"0x12\"}}}"}
{"id": "1789938002.66958", "decoder": "windows_eventchannel", "location": "EventChannel", "full_log": "{\"win\":{\"system\":{\"providerName\":\"Microsoft-Windows-TaskScheduler\",\"providerGuid\":\"{de7b24ea-73c8-4a09-985d-5bdadcfa9017}\",\"eventID\":\"201\",\"version\":\"2\",\"level\":\"4\",\"task\":\"201\",\"opcode\":\"2\",\"keywords\":\"0x8000000000000000\",\"systemTime\":\"2026-09-20T21:00:01.6833678Z\",\"eventRecordID\":\"3022765\",\"processID\":\"2100\",\"threadID\":\"20500\",\"channel\":\"Microsoft-Windows-TaskScheduler/Operational\",\"computer\":\"jumphost2.zaferbalkan.com\",\"severityValue\":\"INFORMATION\",\"message\":\"\\\"Task Scheduler successfully completed task \\\"\\\\Microsoft\\\\Windows\\\\Customer Experience Improvement Program\\\\Consolidator\\\" , instance \\\"{307e0372-9979-40ea-b226-70913c12c67e}\\\" , action \\\"%SystemRoot%\\\\System32\\\\wsqmcons.exe\\\" with return code 0.\\\"\"},\"eventdata\":{\"taskName\":\"\\\\\\\\Microsoft\\\\\\\\Windows\\\\\\\\Customer Experience Improvement Program\\\\\\\\Consolidator\",\"taskInstanceId\":\"{307e0372-9979-40ea-b226-70913c12c67e}\",\"actionName\":\"%SystemRoot%\\\\\\\\System32\\\\\\\\wsqmcons.exe\",\"resultCode\":\"0\",\"enginePID\":\"5744\"}}}"}
{"id": "1789938002.66958", "decoder": "windows_eventchannel", "location": "EventChannel", "full_log": "{\"win\":{\"system\":{\"providerName\":\"Microsoft-Windows-TaskScheduler\",\"providerGuid\":\"{de7b24ea-73c8-4a09-985d-5bdadcfa9017}\",\"eventID\":\"102\",\"version\":\"0\",\"level\":\"4\",\"task\":\"102\",\"opcode\":\"2\",\"keywords\":\"0x8000000000000001\",\"systemTime\":\"2026-09-20T21:00:01.6835475Z\",\"eventRecordID\":\"3022766\",\"processID\":\"2100\",\"threadID\":\"20500\",\"channel\":\"Microsoft-Windows-TaskScheduler/Operational\",\"computer\":\"jumphost2.zaferbalkan.com\",\"severityValue\":\"INFORMATION\",\"message\":\"\\\"Task Scheduler successfully finished \\\"{307e0372-9979-40ea-b226-70913c12c67e}\\\" instance of the \\\"\\\\Microsoft\\\\Windows\\\\Customer Experience Improvement Program\\\\Consolidator\\\" task for user \\\"NT AUTHORITY\\\\SYSTEM\\\".\\\"\"},\"eventdata\":{\"taskName\":\"\\\\\\\\Microsoft\\\\\\\\Windows\\\\\\\\Customer Experience Improvement Program\\\\\\\\Consolidator\",\"userContext\":\"NT AUTHORITY\\\\\\\\SYSTEM\",\"instanceId\":\"{307e0372-9979-40ea-b226-70913c12c67e}\"}}}"}
{"id": "1789938002.66958", "decoder": "windows_eventchannel", "location": "EventChannel", "full_log": "{\"win\":{\"system\":{\"providerName\":\"Microsoft-Windows-Security-Auditing\",\"providerGuid\":\"{54849625-5478-4994-a5ba-3e3b0328c30d}\",\"eventID\":\"4689\",\"version\":\"0\",\"level\":\"0\",\"task\":\"13313\",\"opcode\":\"0\",\"keywords\":\"0x8020000000000000\",\"systemTime\":\"2026-09-20T21:00:02.0306388Z\",\"eventRecordID\":\"2838993758\",\"processID\":\"4\",\"threadID\":\"16696\",\"channel\":\"Security\",\"computer\":\"DC2.zaferbalkan.com\",\"severityValue\":\"AUDIT_SUCCESS\",\"message\":\"\\\"A process has exited.\\r\\n\\r\\nSubject:\\r\\n\\tSecurity ID:\\t\\tS-1-5-18\\r\\n\\tAccount Name:\\t\\tDC2$\\r\\n\\tAccount Domain:\\t\\tZAFERBALKAN.COM\\r\\n\\tLogon ID:\\t\\t0x3E7\\r\\n\\r\\nProcess Information:\\r\\n\\tProcess ID:\\t0x3640\\r\\n\\tProcess Name:\\tC:\\\\Windows\\\\System32\\\\wsqmcons.exe\\r\\n\\tExit Status:\\t0x0\\\"\"},\"eventdata\":{\"subjectUserSid\":\"S-1-5-18\",\"subjectUserName\":\"DC2$\",\"subjectDomainName\":\"ZAFERBALKAN.COM\",\"subjectLogonId\":\"0x3e7\",\"status\":\"0x0\",\"processId\":\"0x3640\",\"processName\":\"C:\\\\\\\\Windows\\\\\\\\System32\\\\\\\\wsqmcons.exe\"}}}"}
{"id": "1789938002.66958", "decoder": "windows_eventchannel", "location": "EventChannel", "full_log": "{\"win\":{\"system\":{\"providerName\":\"Microsoft-Windows-Security-Auditing\",\"providerGuid\":\"{54849625-5478-4994-a5ba-3e3b0328c30d}\",\"eventID\":\"4688\",\"version\":\"2\",\"level\":\"0\",\"task\":\"13312\",\"opcode\":\"0\",\"keywords\":\"0x8020000000000000\",\"systemTime\":\"2026-09-20T21:00:02.0242500Z\",\"eventRecordID\":\"2838993757\",\"processID\":\"4\",\"threadID\":\"16688\",\"channel\":\"Security\",\"computer\":\"DC2.zaferbalkan.com\",\"severityValue\":\"AUDIT_SUCCESS\",\"message\":\"\\\"A new process has been created.\\r\\n\\r\\nCreator Subject:\\r\\n\\tSecurity ID:\\t\\tS-1-5-18\\r\\n\\tAccount Name:\\t\\tDC2$\\r\\n\\tAccount Domain:\\t\\tZAFERBALKAN.COM\\r\\n\\tLogon ID:\\t\\t0x3E7\\r\\n\\r\\nTarget Subject:\\r\\n\\tSecurity ID:\\t\\tS-1-0-0\\r\\n\\tAccount Name:\\t\\t-\\r\\n\\tAccount Domain:\\t\\t-\\r\\n\\tLogon ID:\\t\\t0x0\\r\\n\\r\\nProcess Information:\\r\\n\\tNew Process ID:\\t\\t0x3640\\r\\n\\tNew Process Name:\\tC:\\\\Windows\\\\System32\\\\wsqmcons.exe\\r\\n\\tToken Elevation Type:\\tTokenElevationTypeDefault (1)\\r\\n\\tMandatory Label:\\t\\tS-1-16-16384\\r\\n\\tCreator Process ID:\\t0x7b4\\r\\n\\tCreator Process Name:\\tC:\\\\Windows\\\\System32\\\\svchost.exe\\r\\n\\tProcess Command Line:\\t\\\"C:\\\\Windows\\\\System32\\\\wsqmcons.exe\\\"\\r\\n\\r\\nToken Elevation Type indicates the type of token that was assigned to the new process in accordance with User Account Control policy.\\r\\n\\r\\nType 1 is a full token with no privileges removed or groups disabled.  A full token is only used if User Account Control is disabled or if the user is the built-in Administrator account or a service account.\\r\\n\\r\\nType 2 is an elevated token with no privileges removed or groups disabled.  An elevated token is used when User Account Control is enabled and the user chooses to start the program using Run as administrator.  An elevated token is also used when an application is configured to always require administrative privilege or to always require maximum privilege, and the user is a member of the Administrators group.\\r\\n\\r\\nType 3 is a limited token with administrative privileges removed and administrative groups disabled.  The limited token is used when User Account Control is enabled, the application does not require administrative privilege, and the user does not choose to start the program using Run as administrator.\\\"\"},\"eventdata\":{\"subjectUserSid\":\"S-1-5-18\",\"subjectUserName\":\"DC2$\",\"subjectDomainName\":\"ZAFERBALKAN.COM\",\"subjectLogonId\":\"0x3e7\",\"newProcessId\":\"0x3640\",\"newProcessName\":\"C:\\\\\\\\Windows\\\\\\\\System32\\\\\\\\wsqmcons.exe\",\"tokenElevationType\":\"%%1936\",\"processId\":\"0x7b4\",\"commandLine\":\"\\\\\\\"C:\\\\\\\\Windows\\\\\\\\System32\\\\\\\\wsqmcons.exe\\\\\\\"\",\"targetUserSid\":\"S-1-0-0\",\"targetLogonId\":\"0x0\",\"parentProcessName\":\"C:\\\\\\\\Windows\\\\\\\\System32\\\\\\\\svchost.exe\",\"mandatoryLabel\":\"S-1-16-16384\"}}}"}
{"id": "1789938002.73336", "decoder": "windows_eventchannel", "location": "EventChannel", "full_log": "{\"win\":{\"system\":{\"providerName\":\"Microsoft-Windows-Security-Auditing\",\"providerGuid\":\"{54849625-5478-4994-a5ba-3e3b0328c30d}\",\"eventID\":\"4688\",\"version\":\"2\",\"level\":\"0\",\"task\":\"13312\",\"opcode\":\"0\",\"keywords\":\"0x8020000000000000\",\"systemTime\":\"2026-09-20T21:00:01.6646560Z\",\"eventRecordID\":\"96042182\",\"processID\":\"4\",\"threadID\":\"52028\",\"channel\":\"Security\",\"computer\":\"jumphost2.zaferbalkan.com\",\"severityValue\":\"AUDIT_SUCCESS\",\"message\":\"\\\"A new process has been created.\\r\\n\\r\\nCreator Subject:\\r\\n\\tSecurity ID:\\t\\tS-1-5-18\\r\\n\\tAccount Name:\\t\\tjumphost2$\\r\\n\\tAccount Domain:\\t\\tZAFERBALKAN.COM\\r\\n\\tLogon ID:\\t\\t0x3E7\\r\\n\\r\\nTarget Subject:\\r\\n\\tSecurity ID:\\t\\tS-1-0-0\\r\\n\\tAccount Name:\\t\\t-\\r\\n\\tAccount Domain:\\t\\t-\\r\\n\\tLogon ID:\\t\\t0x0\\r\\n\\r\\nProcess Information:\\r\\n\\tNew Process ID:\\t\\t0x1670\\r\\n\\tNew Process Name:\\tC:\\\\Windows\\\\System32\\\\wsqmcons.exe\\r\\n\\tToken Elevation Type:\\tTokenElevationTypeDefault (1)\\r\\n\\tMandatory Label:\\t\\tS-1-16-16384\\r\\n\\tCreator Process ID:\\t0x834\\r\\n\\tCreator Process Name:\\tC:\\\\Windows\\\\System32\\\\svchost.exe\\r\\n\\tProcess Command Line:\\t\\\"C:\\\\Windows\\\\System32\\\\wsqmcons.exe\\\"\\r\\n\\r\\nToken Elevation Type indicates the type of token that was assigned to the new process in accordance with User Account Control policy.\\r\\n\\r\\nType 1 is a full token with no privileges removed or groups disabled.  A full token is only used if User Account Control is disabled or if the user is the built-in Administrator account or a service account.\\r\\n\\r\\nType 2 is an elevated token with no privileges removed or groups disabled.  An elevated token is used when User Account Control is enabled and the user chooses to start the program using Run as administrator.  An elevated token is also used when an application is configured to always require administrative privilege or to always require maximum privilege, and the user is a member of the Administrators group.\\r\\n\\r\\nType 3 is a limited token with administrative privileges removed and administrative groups disabled.  The limited token is used when User Account Control is enabled, the application does not require administrative privilege, and the user does not choose to start the program using Run as administrator.\\\"\"},\"eventdata\":{\"subjectUserSid\":\"S-1-5-18\",\"subjectUserName\":\"jumphost2$\",\"subjectDomainName\":\"ZAFERBALKAN.COM\",\"subjectLogonId\":\"0x3e7\",\"newProcessId\":\"0x1670\",\"newProcessName\":\"C:\\\\\\\\Windows\\\\\\\\System32\\\\\\\\wsqmcons.exe\",\"tokenElevationType\":\"%%1936\",\"processId\":\"0x834\",\"commandLine\":\"\\\\\\\"C:\\\\\\\\Windows\\\\\\\\System32\\\\\\\\wsqmcons.exe\\\\\\\"\",\"targetUserSid\":\"S-1-0-0\",\"targetLogonId\":\"0x0\",\"parentProcessName\":\"C:\\\\\\\\Windows\\\\\\\\System32\\\\\\\\svchost.exe\",\"mandatoryLabel\":\"S-1-16-16384\"}}}"}
{"id": "1789938002.73336", "decoder": "windows_eventchannel", "location": "EventChannel", "full_log": "{\"win\":{\"system\":{\"providerName\":\"Microsoft-Windows-Security-Auditing\",\"providerGuid\":\"{54849625-5478-4994-a5ba-3e3b0328c30d}\",\"eventID\":\"4624\",\"version\":\"2\",\"level\":\"0\",\"task\":\"12544\",\"opcode\":\"0\",\"keywords\":\"0x8020000000000000\",\"systemTime\":\"2026-09-20T21:00:02.4688544Z\",\"eventRecordID\":\"2838993759\",\"processID\":\"768\",\"threadID\":\"2412\",\"channel\":\"Security\",\"computer\":\"DC2.zaferbalkan.com\",\"severityValue\":\"AUDIT_SUCCESS\",\"message\":\"\\\"An account was successfully logged on.\\r\\n\\r\\nSubject:\\r\\n\\tSecurity ID:\\t\\tS-1-0-0\\r\\n\\tAccount Name:\\t\\t-\\r\\n\\tAccount Domain:\\t\\t-\\r\\n\\tLogon ID:\\t\\t0x0\\r\\n\\r\\nLogon Information:\\r\\n\\tLogon Type:\\t\\t3\\r\\n\\tRestricted Admin Mode:\\t-\\r\\n\\tVirtual Account:\\t\\tNo\\r\\n\\tElevated Token:\\t\\tYes\\r\\n\\r\\nImpersonation Level:\\t\\tImpersonation\\r\\n\\r\\nNew Logon:\\r\\n\\tSecurity ID:\\t\\tS-1-5-21-1485762334-58807183-3007761946-6179\\r\\n\\tAccount Name:\\t\\tfile-TEST1$\\r\\n\\tAccount Domain:\\t\\tzaferbalkan.com\\r\\n\\tLogon ID:\\t\\t0x3AFE1AB6\\r\\n\\tLinked Logon ID:\\t\\t0x0\\r\\n\\tNetwork Account Name:\\t-\\r\\n\\tNetwork Account Domain:\\t-\\r\\n\\tLogon GUID:\\t\\t{97d8f819-2bae-0cd9-e782-aab0858dc285}\\r\\n\\r\\nProcess Information:\\r\\n\\tProcess ID:\\t\\t0x0\\r\\n\\tProcess Name:\\t\\t-\\r\\n\\r\\nNetwork Information:\\r\\n\\tWorkstation Name:\\t-\\r\\n\\tSource Network Address:\\t172.0.0.43\\r\\n\\tSource Port:\\t\\t53728\\r\\n\\r\\nDetailed Authentication Information:\\r\\n\\tLogon Process:\\t\\tKerberos\\r\\n\\tAuthentication Package:\\tKerberos\\r\\n\\tTransited Services:\\t-\\r\\n\\tPackage Name (NTLM only):\\t-\\r\\n\\tKey Length:\\t\\t0\\r\\n\\r\\nThis event is generated when a logon session is created. It is generated on the computer that was accessed.\\r\\n\\r\\nThe subject fields indicate the account on the local system which requested the logon. This is most commonly a service such as the Server service, or a local process such as Winlogon.exe or Services.exe.\\r\\n\\r\\nThe logon type field indicates the kind of logon that occurred. The most common types are 2 (interactive) and 3 (network).\\r\\n\\r\\nThe New Logon fields indicate the account for whom the new logon was created, i.e. the account that was logged on.\\r\\n\\r\\nThe network fields indicate where a remote logon request originated. Workstation name is not always available and may be left blank in some cases.\\r\\n\\r\\nThe impersonation level field indicates the extent to which a process in the logon session can impersonate.\\r\\n\\r\\nThe authentication information fields provide detailed information about this specific logon request.\\r\\n\\t- Logon GUID is a unique identifier that can be used to correlate this event with a KDC event.\\r\\n\\t- Transited services indicate which intermediate services have participated in this logon request.\\r\\n\\t- Package name indicates which sub-protocol was used among the NTLM protocols.\\r\\n\\t- Key length indicates the length of the generated session key. This will be 0 if no session key was requested.\\\"\"},\"eventdata\":{\"subjectUserSid\":\"S-1-0-0\",\"subjectLogonId\":\"0x0\",\"targetUserSid\":\"S-1-5-21-1485762334-58807183-3007761946-6179\",\"targetUserName\":\"file-TEST1$\",\"targetDomainName\":\"zaferbalkan.com\",\"targetLogonId\":\"0x3afe1ab6\",\"logonType\":\"3\",\"logonProcessName\":\"Kerberos\",\"authenticationPackageName\":\"Kerberos\",\"logonGuid\":\"{97d8f819-2bae-0cd9-e782-aab0858dc285}\",\"keyLength\":\"0\",\"processId\":\"0x0\",\"ipAddress\":\"172.0.0.43\",\"ipPort\":\"53728\",\"impersonationLevel\":\"%%1833\",\"virtualAccount\":\"%%1843\",\"targetLinkedLogonId\":\"0x0\",\"elevatedToken\":\"%%1842\"}}}"}
{"id": "1789938003.96327", "decoder": "windows_eventchannel", "location": "EventChannel", "full_log": "{\"win\":{\"system\":{\"providerName\":\"Microsoft-Windows-TaskScheduler\",\"providerGuid\":\"{de7b24ea-73c8-4a09-985d-5bdadcfa9017}\",\"eventID\":\"107\",\"version\":\"0\",\"level\":\"4\",\"task\":\"107\",\"opcode\":\"0\",\"keywords\":\"0x8000000000000000\",\"systemTime\":\"2026-09-20T21:00:02.0228895Z\",\"eventRecordID\":\"7655492\",\"processID\":\"1972\",\"threadID\":\"11432\",\"channel\":\"Microsoft-Windows-TaskScheduler/Operational\",\"computer\":\"DC2.zaferbalkan.com\",\"severityValue\":\"INFORMATION\",\"message\":\"\\\"Task Scheduler launched \\\"{a8fcfd20-9924-4f23-a27a-b81fab2ec940}\\\"  instance of task \\\"\\\\Microsoft\\\\Windows\\\\Customer Experience Improvement Program\\\\Consolidator\\\" due to a time trigger condition.\\\"\"},\"eventdata\":{\"taskName\":\"\\\\\\\\Microsoft\\\\\\\\Windows\\\\\\\\Customer Experience Improvement Program\\\\\\\\Consolidator\",\"instanceId\":\"{a8fcfd20-9924-4f23-a27a-b81fab2ec940}\"}}}"}
{"id": "1789938003.96327", "decoder": "windows_eventchannel", "location": "EventChannel", "full_log": "{\"win\":{\"system\":{\"providerName\":\"Microsoft-Windows-TaskScheduler\",\"providerGuid\":\"{de7b24ea-73c8-4a09-985d-5bdadcfa9017}\",\"eventID\":\"129\",\"version\":\"0\",\"level\":\"4\",\"task\":\"129\",\"opcode\":\"0\",\"keywords\":\"0x8000000000000000\",\"systemTime\":\"2026-09-20T21:00:02.0277012Z\",\"eventRecordID\":\"7655493\",\"processID\":\"1972\",\"threadID\":\"11432\",\"channel\":\"Microsoft-Windows-TaskScheduler/Operational\",\"computer\":\"DC2.zaferbalkan.com\",\"severityValue\":\"INFORMATION\",\"message\":\"\\\"Task Scheduler launch task \\\"\\\\Microsoft\\\\Windows\\\\Customer Experience Improvement Program\\\\Consolidator\\\" , instance \\\"%SystemRoot%\\\\System32\\\\wsqmcons.exe\\\"  with process ID 13888.\\\"\"},\"eventdata\":{\"taskName\":\"\\\\\\\\Microsoft\\\\\\\\Windows\\\\\\\\Customer Experience Improvement Program\\\\\\\\Consolidator\",\"path\":\"%SystemRoot%\\\\\\\\System32\\\\\\\\wsqmcons.exe\",\"processID\":\"13888\",\"priority\":\"16384\"}}}"}
{"id": "1789938003.96327", "decoder": "windows_eventchannel", "location": "EventChannel", "full_log": "{\"win\":{\"system\":{\"providerName\":\"Microsoft-Windows-TaskScheduler\",\"providerGuid\":\"{de7b24ea-73c8-4a09-985d-5bdadcfa9017}\",\"eventID\":\"100\",\"version\":\"0\",\"level\":\"4\",\"task\":\"100\",\"opcode\":\"1\",\"keywords\":\"0x8000000000000001\",\"systemTime\":\"2026-09-20T21:00:02.0280095Z\",\"eventRecordID\":\"7655494\",\"processID\":\"1972\",\"threadID\":\"11432\",\"channel\":\"Microsoft-Windows-TaskScheduler/Operational\",\"computer\":\"DC2.zaferbalkan.com\",\"severityValue\":\"INFORMATION\",\"message\":\"\\\"Task Scheduler started \\\"{a8fcfd20-9924-4f23-a27a-b81fab2ec940}\\\" instance of the \\\"\\\\Microsoft\\\\Windows\\\\Customer Experience Improvement Program\\\\Consolidator\\\" task for user \\\"NT AUTHORITY\\\\SYSTEM\\\".\\\"\"},\"eventdata\":{\"taskName\":\"\\\\\\\\Microsoft\\\\\\\\Windows\\\\\\\\Customer Experience Improvement Program\\\\\\\\Consolidator\",\"userContext\":\"NT AUTHORITY\\\\\\\\SYSTEM\",\"instanceId\":\"{a8fcfd20-9924-4f23-a27a-b81fab2ec940}\"}}}"}
{"id": "1789938003.96327", "decoder": "windows_eventchannel", "location": "EventChannel", "full_log": "{\"win\":{\"system\":{\"providerName\":\"Microsoft-Windows-TaskScheduler\",\"providerGuid\":\"{de7b24ea-73c8-4a09-985d-5bdadcfa9017}\",\"eventID\":\"200\",\"version\":\"1\",\"level\":\"4\",\"task\":\"200\",\"opcode\":\"1\",\"keywords\":\"0x8000000000000000\",\"systemTime\":\"2026-09-20T21:00:02.0280124Z\",\"eventRecordID\":\"7655495\",\"processID\":\"1972\",\"threadID\":\"11432\",\"channel\":\"Microsoft-Windows-TaskScheduler/Operational\",\"computer\":\"DC2.zaferbalkan.com\",\"severityValue\":\"INFORMATION\",\"message\":\"\\\"Task Scheduler launched action \\\"%SystemRoot%\\\\System32\\\\wsqmcons.exe\\\" in instance \\\"{a8fcfd20-9924-4f23-a27a-b81fab2ec940}\\\" of task \\\"\\\\Microsoft\\\\Windows\\\\Customer Experience Improvement Program\\\\Consolidator\\\".\\\"\"},\"eventdata\":{\"taskName\":\"\\\\\\\\Microsoft\\\\\\\\Windows\\\\\\\\Customer Experience Improvement Program\\\\\\\\Consolidator\",\"actionName\":\"%SystemRoot%\\\\\\\\System32\\\\\\\\wsqmcons.exe\",\"taskInstanceId\":\"{a8fcfd20-9924-4f23-a27a-b81fab2ec940}\",\"enginePID\":\"13888\"}}}"}
{"id": "1789938003.96327", "decoder": "windows_eventchannel", "location": "EventChannel", "full_log": "{\"win\":{\"system\":{\"providerName\":\"Microsoft-Windows-TaskScheduler\",\"providerGuid\":\"{de7b24ea-73c8-4a09-985d-5bdadcfa9017}\",\"eventID\":\"201\",\"version\":\"2\",\"level\":\"4\",\"task\":\"201\",\"opcode\":\"2\",\"keywords\":\"0x8000000000000000\",\"systemTime\":\"2026-09-20T21:00:02.0311997Z\",\"eventRecordID\":\"7655496\",\"processID\":\"1972\",\"threadID\":\"11432\",\"channel\":\"Microsoft-Windows-TaskScheduler/Operational\",\"computer\":\"DC2.zaferbalkan.com\",\"severityValue\":\"INFORMATION\",\"message\":\"\\\"Task Scheduler successfully completed task \\\"\\\\Microsoft\\\\Windows\\\\Customer Experience Improvement Program\\\\Consolidator\\\" , instance \\\"{a8fcfd20-9924-4f23-a27a-b81fab2ec940}\\\" , action \\\"%SystemRoot%\\\\System32\\\\wsqmcons.exe\\\" with return code 0.\\\"\"},\"eventdata\":{\"taskName\":\"\\\\\\\\Microsoft\\\\\\\\Windows\\\\\\\\Customer Experience Improvement Program\\\\\\\\Consolidator\",\"taskInstanceId\":\"{a8fcfd20-9924-4f23-a27a-b81fab2ec940}\",\"actionName\":\"%SystemRoot%\\\\\\\\System32\\\\\\\\wsqmcons.exe\",\"resultCode\":\"0\",\"enginePID\":\"13888\"}}}"}
{"id": "1789938003.96327", "decoder": "windows_eventchannel", "location": "EventChannel", "full_log": "{\"win\":{\"system\":{\"providerName\":\"Microsoft-Windows-TaskScheduler\",\"providerGuid\":\"{de7b24ea-73c8-4a09-985d-5bdadcfa9017}\",\"eventID\":\"102\",\"version\":\"0\",\"level\":\"4\",\"task\":\"102\",\"opcode\":\"2\",\"keywords\":\"0x8000000000000001\",\"systemTime\":\"2026-09-20T21:00:02.0313725Z\",\"eventRecordID\":\"7655497\",\"processID\":\"1972\",\"threadID\":\"11432\",\"channel\":\"Microsoft-Windows-TaskScheduler/Operational\",\"computer\":\"DC2.zaferbalkan.com\",\"severityValue\":\"INFORMATION\",\"message\":\"\\\"Task Scheduler successfully finished \\\"{a8fcfd20-9924-4f23-a27a-b81fab2ec940}\\\" instance of the \\\"\\\\Microsoft\\\\Windows\\\\Customer Experience Improvement Program\\\\Consolidator\\\" task for user \\\"NT AUTHORITY\\\\SYSTEM\\\".\\\"\"},\"eventdata\":{\"taskName\":\"\\\\\\\\Microsoft\\\\\\\\Windows\\\\\\\\Customer Experience Improvement Program\\\\\\\\Consolidator\",\"userContext\":\"NT AUTHORITY\\\\\\\\SYSTEM\",\"instanceId\":\"{a8fcfd20-9924-4f23-a27a-b81fab2ec940}\"}}}"}
{"id": "1789938003.107974", "decoder": "windows_eventchannel", "location": "EventChannel", "full_log": "{\"win\":{\"system\":{\"providerName\":\"Microsoft-Windows-Security-Auditing\",\"providerGuid\":\"{54849625-5478-4994-a5ba-3e3b0328c30d}\",\"eventID\":\"4768\",\"version\":\"2\",\"level\":\"0\",\"task\":\"14339\",\"opcode\":\"0\",\"keywords\":\"0x8020000000000000\",\"systemTime\":\"2026-09-20T21:00:02.6808107Z\",\"eventRecordID\":\"2838993790\",\"processID\":\"768\",\"threadID\":\"7568\",\"channel\":\"Security\",\"computer\":\"DC2.zaferbalkan.com\",\"severityValue\":\"AUDIT_SUCCESS\",\"message\":\"\\\"A Kerberos authentication ticket (TGT) was requested.\\r\\n\\r\\nAccount Information:\\r\\n\\tAccount Name:\\t\\tREPO-OL7$\\r\\n\\tSupplied Realm Name:\\tzaferbalkan.com\\r\\n\\tUser ID:\\t\\t\\tS-1-5-21-1485762334-58807183-3007761946-11179\\r\\n\\tMSDS-SupportedEncryptionTypes:\\t0x1C (RC4, AES128-SHA96, AES256-SHA96)\\r\\n\\tAvailable Keys:\\tAES-SHA1, RC4\\r\\n\\r\\nService Information:\\r\\n\\tService Name:\\t\\tkrbtgt\\r\\n\\tService ID:\\t\\tS-1-5-21-1485762334-58807183-3007761946-502\\r\\n\\tMSDS-SupportedEncryptionTypes:\\t0x1F (DES, RC4, AES128-SHA96, AES256-SHA96)\\r\\n\\tAvailable Keys:\\tAES-SHA1, RC4\\r\\n\\r\\nDomain Controller Information:\\r\\n\\tMSDS-SupportedEncryptionTypes:\\t0x1F (DES, RC4, AES128-SHA96, AES256-SHA96)\\r\\n\\tAvailable Keys:\\tAES-SHA1, RC4\\r\\n\\r\\nNetwork Information:\\r\\n\\tClient Address:\\t\\t::ffff:172.0.0.38\\r\\n\\tClient Port:\\t\\t44788\\r\\n\\tAdvertized Etypes:\\t\\n\\t\\tAES256-CTS-HMAC-SHA1-96\\n\\t\\tAES128-CTS-HMAC-SHA1-96\\n\\t\\tRC4-HMAC-NT\\n\\t\\t20\\n\\t\\t19\\n\\t\\t16\\n\\t\\t25\\n\\t\\t26\\r\\n\\r\\nAdditional Information:\\r\\n\\tTicket Options:\\t\\t0x800000\\r\\n\\tResult Code:\\t\\t0x0\\r\\n\\tTicket Encryption Type:\\t0x12\\r\\n\\tSession Encryption Type:\\t0x12\\r\\n\\tPre-Authentication Type:\\t2\\r\\n\\tPre-Authentication EncryptionType:\\t0x12\\r\\n\\r\\nCertificate Information:\\r\\n\\tCertificate Issuer Name:\\t\\t\\r\\n\\tCertificate Serial Number:\\t\\r\\n\\tCertificate Thumbprint:\\t\\t\\r\\n\\r\\nTicket information\\r\\n\\tResponse ticket hash:\\t\\tsJbBCIiCdSiKVSUNGPPsgIc20eHrnjSknIPxjiZoLEI=\\r\\n\\r\\nCertificate information is only provided if a certificate was used for pre-authentication.\\r\\n\\r\\nPre-authentication types, ticket options, encryption types and result codes are defined in RFC 4120.\\\"\"},\"eventdata\":{\"targetUserName\":\"REPO-OL7$\",\"targetDomainName\":\"zaferbalkan.com\",\"targetSid\":\"S-1-5-21-1485762334-58807183-3007761946-11179\",\"serviceName\":\"krbtgt\",\"serviceSid\":\"S-1-5-21-1485762334-58807183-3007761946-502\",\"ticketOptions\":\"0x800000\",\"status\":\"0x0\",\"ticketEncryptionType\":\"0x12\",\"preAuthType\":\"2\",\"ipAddress\":\"::ffff:172.0.0.38\",\"ipPort\":\"44788\",\"responseTicket\":\"sJbBCIiCdSiKVSUNGPPsgIc20eHrnjSknIPxjiZoLEI=\",\"accountSupportedEncryptionTypes\":\"0x1C (RC4, AES128-SHA96, AES256-SHA96)\",\"accountAvailableKeys\":\"AES-SHA1, RC4\",\"serviceSupportedEncryptionTypes\":\"0x1F (DES, RC4, AES128-SHA96, AES256-SHA96)\",\"serviceAvailableKeys\":\"AES-SHA1, RC4\",\"dCSupportedEncryptionTypes\":\"0x1F (DES, RC4, AES128-SHA96, AES256-SHA96)\",\"dCAvailableKeys\":\"AES-SHA1, RC4\",\"clientAdvertizedEncryptionTypes\":\"   AES256-CTS-HMAC-SHA1-96   AES128-CTS-HMAC-SHA1-96   RC4-HMAC-NT   20   19   16   25   26\",\"sessionKeyEncryptionType\":\"0x12\",\"preAuthEncryptionType\":\"0x12\"}}}"}
{"id": "1789938003.107974", "decoder": "windows_eventchannel", "location": "EventChannel", "full_log": "{\"win\":{\"system\":{\"providerName\":\"Microsoft-Windows-Security-Auditing\",\"providerGuid\":\"{54849625-5478-4994-a5ba-3e3b0328c30d}\",\"eventID\":\"4769\",\"version\":\"2\",\"level\":\"0\",\"task\":\"14337\",\"opcode\":\"0\",\"keywords\":\"0x8020000000000000\",\"systemTime\":\"2026-09-20T21:00:02.6850353Z\",\"eventRecordID\":\"2838993791\",\"processID\":\"768\",\"threadID\":\"7568\",\"channel\":\"Security\",\"computer\":\"DC2.zaferbalkan.com\",\"severityValue\":\"AUDIT_SUCCESS\",\"message\":\"\\\"A Kerberos service ticket was requested.\\r\\n\\r\\nAccount Information:\\r\\n\\tAccount Name:\\t\\tREPO-OL7$@zaferbalkan.com\\r\\n\\tAccount Domain:\\t\\tzaferbalkan.com\\r\\n\\tLogon GUID:\\t\\t{2455f40c-36f4-7120-35bf-15b837e0c051}\\r\\n\\tMSDS-SupportedEncryptionTypes:\\tN/A\\r\\n\\tAvailable Keys:\\tN/A\\r\\n\\r\\nService Information:\\r\\n\\tService Name:\\t\\tDC2$\\r\\n\\tService ID:\\t\\tS-1-5-21-1485762334-58807183-3007761946-8129\\r\\n\\tMSDS-SupportedEncryptionTypes:\\t0x1F (DES, RC4, AES128-SHA96, AES256-SHA96)\\r\\n\\tAvailable Keys:\\tAES-SHA1, RC4\\r\\n\\r\\nDomain Controller Information:\\r\\n\\tMSDS-SupportedEncryptionTypes:\\t0x1F (DES, RC4, AES128-SHA96, AES256-SHA96)\\r\\n\\tAvailable Keys:\\tAES-SHA1, RC4\\r\\n\\r\\nNetwork Information:\\r\\n\\tClient Address:\\t\\t::ffff:172.0.0.38\\r\\n\\tClient Port:\\t\\t44790\\r\\n\\tAdvertized Etypes:\\t\\n\\t\\tAES256-CTS-HMAC-SHA1-96\\n\\t\\tAES128-CTS-HMAC-SHA1-96\\n\\t\\t20\\n\\t\\t19\\n\\t\\t16\\n\\t\\tRC4-HMAC-NT\\n\\t\\t25\\n\\t\\t26\\r\\n\\r\\nAdditional Information:\\r\\n\\tTicket Options:\\t\\t0x810000\\r\\n\\tTicket Encryption Type:\\t0x12\\r\\n\\tSession Encryption Type:\\t0x12\\r\\n\\tFailure Code:\\t\\t0x0\\r\\n\\tTransited Services:\\t-\\r\\n\\r\\nTicket information\\r\\n\\tRequest ticket hash:\\t\\tsJbBCIiCdSiKVSUNGPPsgIc20eHrnjSknIPxjiZoLEI=\\r\\n\\tResponse ticket hash:\\t\\tZVbAvSSOYDDfmSarOnfBpOnswzmfoUwc210pzFHCCAk=\\r\\n\\r\\nThis event is generated every time access is requested to a resource such as a computer or a Windows service.  The service name indicates the resource to which access was requested.\\r\\n\\r\\nThis event can be correlated with Windows logon events by comparing the Logon GUID fields in each event.  The logon event occurs on the machine that was accessed, which is often a different machine than the domain controller which issued the service ticket.\\r\\n\\r\\nPre-authentication types, ticket options, encryption types and result codes are defined in RFC 4120.\\\"\"},\"eventdata\":{\"targetUserName\":\"REPO-OL7$@zaferbalkan.com\",\"targetDomainName\":\"zaferbalkan.com\",\"serviceName\":\"DC2$\",\"serviceSid\":\"S-1-5-21-1485762334-58807183-3007761946-8129\",\"ticketOptions\":\"0x810000\",\"ticketEncryptionType\":\"0x12\",\"ipAddress\":\"::ffff:172.0.0.38\",\"ipPort\":\"44790\",\"status\":\"0x0\",\"logonGuid\":\"{2455f40c-36f4-7120-35bf-15b837e0c051}\",\"requestTicketHash\":\"sJbBCIiCdSiKVSUNGPPsgIc20eHrnjSknIPxjiZoLEI=\",\"responseTicketHash\":\"ZVbAvSSOYDDfmSarOnfBpOnswzmfoUwc210pzFHCCAk=\",\"accountSupportedEncryptionTypes\":\"N/A\",\"accountAvailableKeys\":\"N/A\",\"serviceSupportedEncryptionTypes\":\"0x1F (DES, RC4, AES128-SHA96, AES256-SHA96)\",\"serviceAvailableKeys\":\"AES-SHA1, RC4\",\"dCSupportedEncryptionTypes\":\"0x1F (DES, RC4, AES128-SHA96, AES256-SHA96)\",\"dCAvailableKeys\":\"AES-SHA1, RC4\",\"clientAdvertizedEncryptionTypes\":\"   AES256-CTS-HMAC-SHA1-96   AES128-CTS-HMAC-SHA1-96   20   19   16   RC4-HMAC-NT   25   26\",\"sessionKeyEncryptionType\":\"0x12\"}}}"}
{"id": "1789938003.108339", "decoder": "windows_eventchannel", "location": "EventChannel", "full_log": "{\"win\":{\"system\":{\"providerName\":\"Microsoft-Windows-Security-Auditing\",\"providerGuid\":\"{54849625-5478-4994-a5ba-3e3b0328c30d}\",\"eventID\":\"4624\",\"version\":\"2\",\"level\":\"0\",\"task\":\"12544\",\"opcode\":\"0\",\"keywords\":\"0x8020000000000000\",\"systemTime\":\"2026-09-20T21:00:02.6862834Z\",\"eventRecordID\":\"2838993792\",\"processID\":\"768\",\"threadID\":\"7568\",\"channel\":\"Security\",\"computer\":\"DC2.zaferbalkan.com\",\"severityValue\":\"AUDIT_SUCCESS\",\"message\":\"\\\"An account was successfully logged on.\\r\\n\\r\\nSubject:\\r\\n\\tSecurity ID:\\t\\tS-1-0-0\\r\\n\\tAccount Name:\\t\\t-\\r\\n\\tAccount Domain:\\t\\t-\\r\\n\\tLogon ID:\\t\\t0x0\\r\\n\\r\\nLogon Information:\\r\\n\\tLogon Type:\\t\\t3\\r\\n\\tRestricted Admin Mode:\\t-\\r\\n\\tVirtual Account:\\t\\tNo\\r\\n\\tElevated Token:\\t\\tYes\\r\\n\\r\\nImpersonation Level:\\t\\tImpersonation\\r\\n\\r\\nNew Logon:\\r\\n\\tSecurity ID:\\t\\tS-1-5-21-1485762334-58807183-3007761946-11179\\r\\n\\tAccount Name:\\t\\tREPO-OL7$\\r\\n\\tAccount Domain:\\t\\tzaferbalkan.com\\r\\n\\tLogon ID:\\t\\t0x3AFE1BC3\\r\\n\\tLinked Logon ID:\\t\\t0x0\\r\\n\\tNetwork Account Name:\\t-\\r\\n\\tNetwork Account Domain:\\t-\\r\\n\\tLogon GUID:\\t\\t{b4553f18-7b1f-084c-4cfd-1dc895f619e0}\\r\\n\\r\\nProcess Information:\\r\\n\\tProcess ID:\\t\\t0x0\\r\\n\\tProcess Name:\\t\\t-\\r\\n\\r\\nNetwork Information:\\r\\n\\tWorkstation Name:\\t-\\r\\n\\tSource Network Address:\\t172.0.0.38\\r\\n\\tSource Port:\\t\\t56766\\r\\n\\r\\nDetailed Authentication Information:\\r\\n\\tLogon Process:\\t\\tKerberos\\r\\n\\tAuthentication Package:\\tKerberos\\r\\n\\tTransited Services:\\t-\\r\\n\\tPackage Name (NTLM only):\\t-\\r\\n\\tKey Length:\\t\\t0\\r\\n\\r\\nThis event is generated when a logon session is created. It is generated on the computer that was accessed.\\r\\n\\r\\nThe subject fields indicate the account on the local system which requested the logon. This is most commonly a service such as the Server service, or a local process such as Winlogon.exe or Services.exe.\\r\\n\\r\\nThe logon type field indicates the kind of logon that occurred. The most common types are 2 (interactive) and 3 (network).\\r\\n\\r\\nThe New Logon fields indicate the account for whom the new logon was created, i.e. the account that was logged on.\\r\\n\\r\\nThe network fields indicate where a remote logon request originated. Workstation name is not always available and may be left blank in some cases.\\r\\n\\r\\nThe impersonation level field indicates the extent to which a process in the logon session can impersonate.\\r\\n\\r\\nThe authentication information fields provide detailed information about this specific logon request.\\r\\n\\t- Logon GUID is a unique identifier that can be used to correlate this event with a KDC event.\\r\\n\\t- Transited services indicate which intermediate services have participated in this logon request.\\r\\n\\t- Package name indicates which sub-protocol was used among the NTLM protocols.\\r\\n\\t- Key length indicates the length of the generated session key. This will be 0 if no session key was requested.\\\"\"},\"eventdata\":{\"subjectUserSid\":\"S-1-0-0\",\"subjectLogonId\":\"0x0\",\"targetUserSid\":\"S-1-5-21-1485762334-58807183-3007761946-11179\",\"targetUserName\":\"REPO-OL7$\",\"targetDomainName\":\"zaferbalkan.com\",\"targetLogonId\":\"0x3afe1bc3\",\"logonType\":\"3\",\"logonProcessName\":\"Kerberos\",\"authenticationPackageName\":\"Kerberos\",\"logonGuid\":\"{b4553f18-7b1f-084c-4cfd-1dc895f619e0}\",\"keyLength\":\"0\",\"processId\":\"0x0\",\"ipAddress\":\"172.0.0.38\",\"ipPort\":\"56766\",\"impersonationLevel\":\"%%1833\",\"virtualAccount\":\"%%1843\",\"targetLinkedLogonId\":\"0x0\",\"elevatedToken\":\"%%1842\"}}}"}
{"id": "1789938003.109110", "decoder": "windows_eventchannel", "location": "EventChannel", "full_log": "{\"win\":{\"system\":{\"providerName\":\"Microsoft-Windows-Security-Auditing\",\"providerGuid\":\"{54849625-5478-4994-a5ba-3e3b0328c30d}\",\"eventID\":\"4624\",\"version\":\"2\",\"level\":\"0\",\"task\":\"12544\",\"opcode\":\"0\",\"keywords\":\"0x8020000000000000\",\"systemTime\":\"2026-09-20T21:00:03.2255430Z\",\"eventRecordID\":\"2838993823\",\"processID\":\"768\",\"threadID\":\"7568\",\"channel\":\"Security\",\"computer\":\"DC2.zaferbalkan.com\",\"severityValue\":\"AUDIT_SUCCESS\",\"message\":\"\\\"An account was successfully logged on.\\r\\n\\r\\nSubject:\\r\\n\\tSecurity ID:\\t\\tS-1-0-0\\r\\n\\tAccount Name:\\t\\t-\\r\\n\\tAccount Domain:\\t\\t-\\r\\n\\tLogon ID:\\t\\t0x0\\r\\n\\r\\nLogon Information:\\r\\n\\tLogon Type:\\t\\t3\\r\\n\\tRestricted Admin Mode:\\t-\\r\\n\\tVirtual Account:\\t\\tNo\\r\\n\\tElevated Token:\\t\\tYes\\r\\n\\r\\nImpersonation Level:\\t\\tImpersonation\\r\\n\\r\\nNew Logon:\\r\\n\\tSecurity ID:\\t\\tS-1-5-21-1485762334-58807183-3007761946-11188\\r\\n\\tAccount Name:\\t\\tW11-PROD$\\r\\n\\tAccount Domain:\\t\\tzaferbalkan.com\\r\\n\\tLogon ID:\\t\\t0x3AFE1FA6\\r\\n\\tLinked Logon ID:\\t\\t0x0\\r\\n\\tNetwork Account Name:\\t-\\r\\n\\tNetwork Account Domain:\\t-\\r\\n\\tLogon GUID:\\t\\t{faff6488-6547-3926-c2ae-de36d98f21c8}\\r\\n\\r\\nProcess Information:\\r\\n\\tProcess ID:\\t\\t0x0\\r\\n\\tProcess Name:\\t\\t-\\r\\n\\r\\nNetwork Information:\\r\\n\\tWorkstation Name:\\t-\\r\\n\\tSource Network Address:\\t172.0.0.115\\r\\n\\tSource Port:\\t\\t45020\\r\\n\\r\\nDetailed Authentication Information:\\r\\n\\tLogon Process:\\t\\tKerberos\\r\\n\\tAuthentication Package:\\tKerberos\\r\\n\\tTransited Services:\\t-\\r\\n\\tPackage Name (NTLM only):\\t-\\r\\n\\tKey Length:\\t\\t0\\r\\n\\r\\nThis event is generated when a logon session is created. It is generated on the computer that was accessed.\\r\\n\\r\\nThe subject fields indicate the account on the local system which requested the logon. This is most commonly a service such as the Server service, or a local process such as Winlogon.exe or Services.exe.\\r\\n\\r\\nThe logon type field indicates the kind of logon that occurred. The most common types are 2 (interactive) and 3 (network).\\r\\n\\r\\nThe New Logon fields indicate the account for whom the new logon was created, i.e. the account that was logged on.\\r\\n\\r\\nThe network fields indicate where a remote logon request originated. Workstation name is not always available and may be left blank in some cases.\\r\\n\\r\\nThe impersonation level field indicates the extent to which a process in the logon session can impersonate.\\r\\n\\r\\nThe authentication information fields provide detailed information about this specific logon request.\\r\\n\\t- Logon GUID is a unique identifier that can be used to correlate this event with a KDC event.\\r\\n\\t- Transited services indicate which intermediate services have participated in this logon request.\\r\\n\\t- Package name indicates which sub-protocol was used among the NTLM protocols.\\r\\n\\t- Key length indicates the length of the generated session key. This will be 0 if no session key was requested.\\\"\"},\"eventdata\":{\"subjectUserSid\":\"S-1-0-0\",\"subjectLogonId\":\"0x0\",\"targetUserSid\":\"S-1-5-21-1485762334-58807183-3007761946-11188\",\"targetUserName\":\"W11-PROD$\",\"targetDomainName\":\"zaferbalkan.com\",\"targetLogonId\":\"0x3afe1fa6\",\"logonType\":\"3\",\"logonProcessName\":\"Kerberos\",\"authenticationPackageName\":\"Kerberos\",\"logonGuid\":\"{faff6488-6547-3926-c2ae-de36d98f21c8}\",\"keyLength\":\"0\",\"processId\":\"0x0\",\"ipAddress\":\"172.0.0.115\",\"ipPort\":\"45020\",\"impersonationLevel\":\"%%1833\",\"virtualAccount\":\"%%1843\",\"targetLinkedLogonId\":\"0x0\",\"elevatedToken\":\"%%1842\"}}}"}
{"id": "1789938004.123375", "decoder": "windows_eventchannel", "location": "EventChannel", "full_log": "{\"win\":{\"system\":{\"providerName\":\"Microsoft-Windows-Security-Auditing\",\"providerGuid\":\"{54849625-5478-4994-a5ba-3e3b0328c30d}\",\"eventID\":\"4624\",\"version\":\"2\",\"level\":\"0\",\"task\":\"12544\",\"opcode\":\"0\",\"keywords\":\"0x8020000000000000\",\"systemTime\":\"2026-09-20T21:00:03.5380755Z\",\"eventRecordID\":\"2838993849\",\"processID\":\"768\",\"threadID\":\"2412\",\"channel\":\"Security\",\"computer\":\"DC2.zaferbalkan.com\",\"severityValue\":\"AUDIT_SUCCESS\",\"message\":\"\\\"An account was successfully logged on.\\r\\n\\r\\nSubject:\\r\\n\\tSecurity ID:\\t\\tS-1-0-0\\r\\n\\tAccount Name:\\t\\t-\\r\\n\\tAccount Domain:\\t\\t-\\r\\n\\tLogon ID:\\t\\t0x0\\r\\n\\r\\nLogon Information:\\r\\n\\tLogon Type:\\t\\t3\\r\\n\\tRestricted Admin Mode:\\t-\\r\\n\\tVirtual Account:\\t\\tNo\\r\\n\\tElevated Token:\\t\\tYes\\r\\n\\r\\nImpersonation Level:\\t\\tImpersonation\\r\\n\\r\\nNew Logon:\\r\\n\\tSecurity ID:\\t\\tS-1-5-21-1485762334-58807183-3007761946-11175\\r\\n\\tAccount Name:\\t\\tWI1$\\r\\n\\tAccount Domain:\\t\\tzaferbalkan.com\\r\\n\\tLogon ID:\\t\\t0x3AFE2026\\r\\n\\tLinked Logon ID:\\t\\t0x0\\r\\n\\tNetwork Account Name:\\t-\\r\\n\\tNetwork Account Domain:\\t-\\r\\n\\tLogon GUID:\\t\\t{d58c7fe3-d0d2-0d27-5da1-95fb459667b1}\\r\\n\\r\\nProcess Information:\\r\\n\\tProcess ID:\\t\\t0x0\\r\\n\\tProcess Name:\\t\\t-\\r\\n\\r\\nNetwork Information:\\r\\n\\tWorkstation Name:\\t-\\r\\n\\tSource Network Address:\\t172.0.0.88\\r\\n\\tSource Port:\\t\\t35568\\r\\n\\r\\nDetailed Authentication Information:\\r\\n\\tLogon Process:\\t\\tKerberos\\r\\n\\tAuthentication Package:\\tKerberos\\r\\n\\tTransited Services:\\t-\\r\\n\\tPackage Name (NTLM only):\\t-\\r\\n\\tKey Length:\\t\\t0\\r\\n\\r\\nThis event is generated when a logon session is created. It is generated on the computer that was accessed.\\r\\n\\r\\nThe subject fields indicate the account on the local system which requested the logon. This is most commonly a service such as the Server service, or a local process such as Winlogon.exe or Services.exe.\\r\\n\\r\\nThe logon type field indicates the kind of logon that occurred. The most common types are 2 (interactive) and 3 (network).\\r\\n\\r\\nThe New Logon fields indicate the account for whom the new logon was created, i.e. the account that was logged on.\\r\\n\\r\\nThe network fields indicate where a remote logon request originated. Workstation name is not always available and may be left blank in some cases.\\r\\n\\r\\nThe impersonation level field indicates the extent to which a process in the logon session can impersonate.\\r\\n\\r\\nThe authentication information fields provide detailed information about this specific logon request.\\r\\n\\t- Logon GUID is a unique identifier that can be used to correlate this event with a KDC event.\\r\\n\\t- Transited services indicate which intermediate services have participated in this logon request.\\r\\n\\t- Package name indicates which sub-protocol was used among the NTLM protocols.\\r\\n\\t- Key length indicates the length of the generated session key. This will be 0 if no session key was requested.\\\"\"},\"eventdata\":{\"subjectUserSid\":\"S-1-0-0\",\"subjectLogonId\":\"0x0\",\"targetUserSid\":\"S-1-5-21-1485762334-58807183-3007761946-11175\",\"targetUserName\":\"WI1$\",\"targetDomainName\":\"zaferbalkan.com\",\"targetLogonId\":\"0x3afe2026\",\"logonType\":\"3\",\"logonProcessName\":\"Kerberos\",\"authenticationPackageName\":\"Kerberos\",\"logonGuid\":\"{d58c7fe3-d0d2-0d27-5da1-95fb459667b1}\",\"keyLength\":\"0\",\"processId\":\"0x0\",\"ipAddress\":\"172.0.0.88\",\"ipPort\":\"35568\",\"impersonationLevel\":\"%%1833\",\"virtualAccount\":\"%%1843\",\"targetLinkedLogonId\":\"0x0\",\"elevatedToken\":\"%%1842\"}}}"}
{"id": "1789938004.123375", "decoder": "windows_eventchannel", "location": "EventChannel", "full_log": "{\"win\":{\"system\":{\"providerName\":\"Microsoft-Windows-Security-Auditing\",\"providerGuid\":\"{54849625-5478-4994-a5ba-3e3b0328c30d}\",\"eventID\":\"4768\",\"version\":\"2\",\"level\":\"0\",\"task\":\"14339\",\"opcode\":\"0\",\"keywords\":\"0x8020000000000000\",\"systemTime\":\"2026-09-20T21:00:04.0145026Z\",\"eventRecordID\":\"2838993855\",\"processID\":\"768\",\"threadID\":\"15556\",\"channel\":\"Security\",\"computer\":\"DC2.zaferbalkan.com\",\"severityValue\":\"AUDIT_SUCCESS\",\"message\":\"\\\"A Kerberos authentication ticket (TGT) was requested.\\r\\n\\r\\nAccount Information:\\r\\n\\tAccount Name:\\t\\tRHEL10-TEMPLATE$\\r\\n\\tSupplied Realm Name:\\tzaferbalkan.com\\r\\n\\tUser ID:\\t\\t\\tS-1-5-21-1485762334-58807183-3007761946-11182\\r\\n\\tMSDS-SupportedEncryptionTypes:\\t0x18 (AES128-SHA96, AES256-SHA96)\\r\\n\\tAvailable Keys:\\tAES-SHA1, RC4\\r\\n\\r\\nService Information:\\r\\n\\tService Name:\\t\\tkrbtgt\\r\\n\\tService ID:\\t\\tS-1-5-21-1485762334-58807183-3007761946-502\\r\\n\\tMSDS-SupportedEncryptionTypes:\\t0x1F (DES, RC4, AES128-SHA96, AES256-SHA96)\\r\\n\\tAvailable Keys:\\tAES-SHA1, RC4\\r\\n\\r\\nDomain Controller Information:\\r\\n\\tMSDS-SupportedEncryptionTypes:\\t0x1F (DES, RC4, AES128-SHA96, AES256-SHA96)\\r\\n\\tAvailable Keys:\\tAES-SHA1, RC4\\r\\n\\r\\nNetwork Information:\\r\\n\\tClient Address:\\t\\t::ffff:172.0.0.32\\r\\n\\tClient Port:\\t\\t39008\\r\\n\\tAdvertized Etypes:\\t\\n\\t\\tAES256-CTS-HMAC-SHA1-96\\n\\t\\tAES128-CTS-HMAC-SHA1-96\\n\\t\\t20\\n\\t\\t19\\r\\n\\r\\nAdditional Information:\\r\\n\\tTicket Options:\\t\\t0x800000\\r\\n\\tResult Code:\\t\\t0x0\\r\\n\\tTicket Encryption Type:\\t0x12\\r\\n\\tSession Encryption Type:\\t0x12\\r\\n\\tPre-Authentication Type:\\t2\\r\\n\\tPre-Authentication EncryptionType:\\t0x12\\r\\n\\r\\nCertificate Information:\\r\\n\\tCertificate Issuer Name:\\t\\t\\r\\n\\tCertificate Serial Number:\\t\\r\\n\\tCertificate Thumbprint:\\t\\t\\r\\n\\r\\nTicket information\\r\\n\\tResponse ticket hash:\\t\\tEq+W0xL70e6egYyr8TP1o54MumU0U6E9YSta6sRay5E=\\r\\n\\r\\nCertificate information is only provided if a certificate was used for pre-authentication.\\r\\n\\r\\nPre-authentication types, ticket options, encryption types and result codes are defined in RFC 4120.\\\"\"},\"eventdata\":{\"targetUserName\":\"RHEL10-TEMPLATE$\",\"targetDomainName\":\"zaferbalkan.com\",\"targetSid\":\"S-1-5-21-1485762334-58807183-3007761946-11182\",\"serviceName\":\"krbtgt\",\"serviceSid\":\"S-1-5-21-1485762334-58807183-3007761946-502\",\"ticketOptions\":\"0x800000\",\"status\":\"0x0\",\"ticketEncryptionType\":\"0x12\",\"preAuthType\":\"2\",\"ipAddress\":\"::ffff:172.0.0.32\",\"ipPort\":\"39008\",\"responseTicket\":\"Eq+W0xL70e6egYyr8TP1o54MumU0U6E9YSta6sRay5E=\",\"accountSupportedEncryptionTypes\":\"0x18 (AES128-SHA96, AES256-SHA96)\",\"accountAvailableKeys\":\"AES-SHA1, RC4\",\"serviceSupportedEncryptionTypes\":\"0x1F (DES, RC4, AES128-SHA96, AES256-SHA96)\",\"serviceAvailableKeys\":\"AES-SHA1, RC4\",\"dCSupportedEncryptionTypes\":\"0x1F (DES, RC4, AES128-SHA96, AES256-SHA96)\",\"dCAvailableKeys\":\"AES-SHA1, RC4\",\"clientAdvertizedEncryptionTypes\":\"   AES256-CTS-HMAC-SHA1-96   AES128-CTS-HMAC-SHA1-96   20   19\",\"sessionKeyEncryptionType\":\"0x12\",\"preAuthEncryptionType\":\"0x12\"}}}"}
{"id": "1789938004.123375", "decoder": "windows_eventchannel", "location": "EventChannel", "full_log": "{\"win\":{\"system\":{\"providerName\":\"Microsoft-Windows-Security-Auditing\",\"providerGuid\":\"{54849625-5478-4994-a5ba-3e3b0328c30d}\",\"eventID\":\"4769\",\"version\":\"2\",\"level\":\"0\",\"task\":\"14337\",\"opcode\":\"0\",\"keywords\":\"0x8020000000000000\",\"systemTime\":\"2026-09-20T21:00:04.0175090Z\",\"eventRecordID\":\"2838993856\",\"processID\":\"768\",\"threadID\":\"15556\",\"channel\":\"Security\",\"computer\":\"DC2.zaferbalkan.com\",\"severityValue\":\"AUDIT_SUCCESS\",\"message\":\"\\\"A Kerberos service ticket was requested.\\r\\n\\r\\nAccount Information:\\r\\n\\tAccount Name:\\t\\tRHEL10-TEMPLATE$@zaferbalkan.com\\r\\n\\tAccount Domain:\\t\\tzaferbalkan.com\\r\\n\\tLogon GUID:\\t\\t{97124e3c-751b-a7b4-b782-214741fed9f5}\\r\\n\\tMSDS-SupportedEncryptionTypes:\\tN/A\\r\\n\\tAvailable Keys:\\tN/A\\r\\n\\r\\nService Information:\\r\\n\\tService Name:\\t\\tDC2$\\r\\n\\tService ID:\\t\\tS-1-5-21-1485762334-58807183-3007761946-8129\\r\\n\\tMSDS-SupportedEncryptionTypes:\\t0x1F (DES, RC4, AES128-SHA96, AES256-SHA96)\\r\\n\\tAvailable Keys:\\tAES-SHA1, RC4\\r\\n\\r\\nDomain Controller Information:\\r\\n\\tMSDS-SupportedEncryptionTypes:\\t0x1F (DES, RC4, AES128-SHA96, AES256-SHA96)\\r\\n\\tAvailable Keys:\\tAES-SHA1, RC4\\r\\n\\r\\nNetwork Information:\\r\\n\\tClient Address:\\t\\t::ffff:172.0.0.32\\r\\n\\tClient Port:\\t\\t39014\\r\\n\\tAdvertized Etypes:\\t\\n\\t\\t20\\n\\t\\t19\\n\\t\\tAES256-CTS-HMAC-SHA1-96\\n\\t\\tAES128-CTS-HMAC-SHA1-96\\r\\n\\r\\nAdditional Information:\\r\\n\\tTicket Options:\\t\\t0x810000\\r\\n\\tTicket Encryption Type:\\t0x12\\r\\n\\tSession Encryption Type:\\t0x12\\r\\n\\tFailure Code:\\t\\t0x0\\r\\n\\tTransited Services:\\t-\\r\\n\\r\\nTicket information\\r\\n\\tRequest ticket hash:\\t\\tEq+W0xL70e6egYyr8TP1o54MumU0U6E9YSta6sRay5E=\\r\\n\\tResponse ticket hash:\\t\\tb78FtWDs1JmDEj4nOtWGt+TTZVAiEJn9ZnmpnADdVu0=\\r\\n\\r\\nThis event is generated every time access is requested to a resource such as a computer or a Windows service.  The service name indicates the resource to which access was requested.\\r\\n\\r\\nThis event can be correlated with Windows logon events by comparing the Logon GUID fields in each event.  The logon event occurs on the machine that was accessed, which is often a different machine than the domain controller which issued the service ticket.\\r\\n\\r\\nPre-authentication types, ticket options, encryption types and result codes are defined in RFC 4120.\\\"\"},\"eventdata\":{\"targetUserName\":\"RHEL10-TEMPLATE$@zaferbalkan.com\",\"targetDomainName\":\"zaferbalkan.com\",\"serviceName\":\"DC2$\",\"serviceSid\":\"S-1-5-21-1485762334-58807183-3007761946-8129\",\"ticketOptions\":\"0x810000\",\"ticketEncryptionType\":\"0x12\",\"ipAddress\":\"::ffff:172.0.0.32\",\"ipPort\":\"39014\",\"status\":\"0x0\",\"logonGuid\":\"{97124e3c-751b-a7b4-b782-214741fed9f5}\",\"requestTicketHash\":\"Eq+W0xL70e6egYyr8TP1o54MumU0U6E9YSta6sRay5E=\",\"responseTicketHash\":\"b78FtWDs1JmDEj4nOtWGt+TTZVAiEJn9ZnmpnADdVu0=\",\"accountSupportedEncryptionTypes\":\"N/A\",\"accountAvailableKeys\":\"N/A\",\"serviceSupportedEncryptionTypes\":\"0x1F (DES, RC4, AES128-SHA96, AES256-SHA96)\",\"serviceAvailableKeys\":\"AES-SHA1, RC4\",\"dCSupportedEncryptionTypes\":\"0x1F (DES, RC4, AES128-SHA96, AES256-SHA96)\",\"dCAvailableKeys\":\"AES-SHA1, RC4\",\"clientAdvertizedEncryptionTypes\":\"   20   19   AES256-CTS-HMAC-SHA1-96   AES128-CTS-HMAC-SHA1-96\",\"sessionKeyEncryptionType\":\"0x12\"}}}"}
