{"id": "1789938006.216396", "decoder": "windows_eventchannel", "location": "EventChannel", "full_log": "{\"win\":{\"system\":{\"providerName\":\"Microsoft-Windows-Security-Auditing\",\"providerGuid\":\"{54849625-5478-4994-a5ba-3e3b0328c30d}\",\"eventID\":\"4769\",\"version\":\"2\",\"level\":\"0\",\"task\":\"14337\",\"opcode\":\"0\",\"keywords\":\"0x8020000000000000\",\"systemTime\":\"2026-09-20T21:00:05.9176494Z\",\"eventRecordID\":\"2838993922\",\"processID\":\"768\",\"threadID\":\"15556\",\"channel\":\"Security\",\"computer\":\"DC2.zaferbalkan.com\",\"severityValue\":\"AUDIT_SUCCESS\",\"message\":\"\\\"A Kerberos service ticket was requested.\\r\\n\\r\\nAccount Information:\\r\\n\\tAccount Name:\\t\\tzafer@zaferbalkan.com\\r\\n\\tAccount Domain:\\t\\tzaferbalkan.com\\r\\n\\tLogon GUID:\\t\\t{a11f4bc4-b4fa-bd43-e2c9-937666b09c43}\\r\\n\\tMSDS-SupportedEncryptionTypes:\\tN/A\\r\\n\\tAvailable Keys:\\tN/A\\r\\n\\r\\nService Information:\\r\\n\\tService Name:\\t\\tjumphost2$\\r\\n\\tService ID:\\t\\tS-1-5-21-1485762334-58807183-3007761946-7121\\r\\n\\tMSDS-SupportedEncryptionTypes:\\t0x18 (AES128-SHA96, AES256-SHA96)\\r\\n\\tAvailable Keys:\\tAES-SHA1, RC4\\r\\n\\r\\nDomain Controller Information:\\r\\n\\tMSDS-SupportedEncryptionTypes:\\t0x1F (DES, RC4, AES128-SHA96, AES256-SHA96)\\r\\n\\tAvailable Keys:\\tAES-SHA1, RC4\\r\\n\\r\\nNetwork Information:\\r\\n\\tClient Address:\\t\\t::ffff:172.0.0.19\\r\\n\\tClient Port:\\t\\t56427\\r\\n\\tAdvertized Etypes:\\t\\n\\t\\tAES256-CTS-HMAC-SHA1-96\\n\\t\\tAES128-CTS-HMAC-SHA1-96\\r\\n\\r\\nAdditional Information:\\r\\n\\tTicket Options:\\t\\t0x40810000\\r\\n\\tTicket Encryption Type:\\t0x12\\r\\n\\tSession Encryption Type:\\t0x12\\r\\n\\tFailure Code:\\t\\t0x0\\r\\n\\tTransited Services:\\t-\\r\\n\\r\\nTicket information\\r\\n\\tRequest ticket hash:\\t\\t8zVInpny938zvMrl+F/MvX1+OJi/FmyTSFeON0JBwfg=\\r\\n\\tResponse ticket hash:\\t\\tuxALJio93rcOL5QKBNdbmcLcSOKhrYTpUt8l/1TDMOI=\\r\\n\\r\\nThis event is generated every time access is requested to a resource such as a computer or a Windows service.  The service name indicates the resource to which access was requested.\\r\\n\\r\\nThis event can be correlated with Windows logon events by comparing the Logon GUID fields in each event.  The logon event occurs on the machine that was accessed, which is often a different machine than the domain controller which issued the service ticket.\\r\\n\\r\\nPre-authentication types, ticket options, encryption types and result codes are defined in RFC 4120.\\\"\"},\"eventdata\":{\"targetUserName\":\"zafer@zaferbalkan.com\",\"targetDomainName\":\"zaferbalkan.com\",\"serviceName\":\"jumphost2$\",\"serviceSid\":\"S-1-5-21-1485762334-58807183-3007761946-7121\",\"ticketOptions\":\"0x40810000\",\"ticketEncryptionType\":\"0x12\",\"ipAddress\":\"::ffff:172.0.0.19\",\"ipPort\":\"56427\",\"status\":\"0x0\",\"logonGuid\":\"{a11f4bc4-b4fa-bd43-e2c9-937666b09c43}\",\"requestTicketHash\":\"8zVInpny938zvMrl+F/MvX1+OJi/FmyTSFeON0JBwfg=\",\"responseTicketHash\":\"uxALJio93rcOL5QKBNdbmcLcSOKhrYTpUt8l/1TDMOI=\",\"accountSupportedEncryptionTypes\":\"N/A\",\"accountAvailableKeys\":\"N/A\",\"serviceSupportedEncryptionTypes\":\"0x18 (AES128-SHA96, AES256-SHA96)\",\"serviceAvailableKeys\":\"AES-SHA1, RC4\",\"dCSupportedEncryptionTypes\":\"0x1F (DES, RC4, AES128-SHA96, AES256-SHA96)\",\"dCAvailableKeys\":\"AES-SHA1, RC4\",\"clientAdvertizedEncryptionTypes\":\"   AES256-CTS-HMAC-SHA1-96   AES128-CTS-HMAC-SHA1-96\",\"sessionKeyEncryptionType\":\"0x12\"}}}"}
{"id": "1789938006.216396", "decoder": "windows_eventchannel", "location": "EventChannel", "full_log": "{\"win\":{\"system\":{\"providerName\":\"Microsoft-Windows-Security-Auditing\",\"providerGuid\":\"{54849625-5478-4994-a5ba-3e3b0328c30d}\",\"eventID\":\"4648\",\"version\":\"0\",\"level\":\"0\",\"task\":\"12544\",\"opcode\":\"0\",\"keywords\":\"0x8020000000000000\",\"systemTime\":\"2026-09-20T21:00:05.9322700Z\",\"eventRecordID\":\"96042185\",\"processID\":\"868\",\"threadID\":\"34376\",\"channel\":\"Security\",\"computer\":\"jumphost2.zaferbalkan.com\",\"severityValue\":\"AUDIT_SUCCESS\",\"message\":\"\\\"A logon was attempted using explicit credentials.\\r\\n\\r\\nSubject:\\r\\n\\tSecurity ID:\\t\\tS-1-5-18\\r\\n\\tAccount Name:\\t\\tjumphost2$\\r\\n\\tAccount Domain:\\t\\tZAFERBALKAN.COM\\r\\n\\tLogon ID:\\t\\t0x3E7\\r\\n\\tLogon GUID:\\t\\t{00000000-0000-0000-0000-000000000000}\\r\\n\\r\\nAccount Whose Credentials Were Used:\\r\\n\\tAccount Name:\\t\\tzafer\\r\\n\\tAccount Domain:\\t\\tZAFERBALKAN.COM\\r\\n\\tLogon GUID:\\t\\t{a11f4bc4-b4fa-bd43-e2c9-937666b09c43}\\r\\n\\r\\nTarget Server:\\r\\n\\tTarget Server Name:\\tlocalhost\\r\\n\\tAdditional Information:\\tlocalhost\\r\\n\\r\\nProcess Information:\\r\\n\\tProcess ID:\\t\\t0xffc\\r\\n\\tProcess Name:\\t\\tC:\\\\Windows\\\\System32\\\\svchost.exe\\r\\n\\r\\nNetwork Information:\\r\\n\\tNetwork Address:\\t172.0.0.50\\r\\n\\tPort:\\t\\t\\t0\\r\\n\\r\\nThis event is generated when a process attempts to log on an account by explicitly specifying that account’s credentials.  This most commonly occurs in batch-type configurations such as scheduled tasks, or when using the RUNAS command.\\\"\"},\"eventdata\":{\"subjectUserSid\":\"S-1-5-18\",\"subjectUserName\":\"jumphost2$\",\"subjectDomainName\":\"ZAFERBALKAN.COM\",\"subjectLogonId\":\"0x3e7\",\"logonGuid\":\"{00000000-0000-0000-0000-000000000000}\",\"targetUserName\":\"zafer\",\"targetDomainName\":\"ZAFERBALKAN.COM\",\"targetLogonGuid\":\"{a11f4bc4-b4fa-bd43-e2c9-937666b09c43}\",\"targetServerName\":\"localhost\",\"targetInfo\":\"localhost\",\"processId\":\"0xffc\",\"processName\":\"C:\\\\\\\\Windows\\\\\\\\System32\\\\\\\\svchost.exe\",\"ipAddress\":\"172.0.0.50\",\"ipPort\":\"0\"}}}"}
{"id": "1789938006.216396", "decoder": "windows_eventchannel", "location": "EventChannel", "full_log": "{\"win\":{\"system\":{\"providerName\":\"Microsoft-Windows-Security-Auditing\",\"providerGuid\":\"{54849625-5478-4994-a5ba-3e3b0328c30d}\",\"eventID\":\"4768\",\"version\":\"2\",\"level\":\"0\",\"task\":\"14339\",\"opcode\":\"0\",\"keywords\":\"0x8020000000000000\",\"systemTime\":\"2026-09-20T21:00:06.1954701Z\",\"eventRecordID\":\"2838993923\",\"processID\":\"768\",\"threadID\":\"15556\",\"channel\":\"Security\",\"computer\":\"DC2.zaferbalkan.com\",\"severityValue\":\"AUDIT_SUCCESS\",\"message\":\"\\\"A Kerberos authentication ticket (TGT) was requested.\\r\\n\\r\\nAccount Information:\\r\\n\\tAccount Name:\\t\\tpostgres$\\r\\n\\tSupplied Realm Name:\\tzaferbalkan.com\\r\\n\\tUser ID:\\t\\t\\tS-1-5-21-1485762334-58807183-3007761946-11177\\r\\n\\tMSDS-SupportedEncryptionTypes:\\t0x18 (AES128-SHA96, AES256-SHA96)\\r\\n\\tAvailable Keys:\\tAES-SHA1, RC4\\r\\n\\r\\nService Information:\\r\\n\\tService Name:\\t\\tkrbtgt\\r\\n\\tService ID:\\t\\tS-1-5-21-1485762334-58807183-3007761946-502\\r\\n\\tMSDS-SupportedEncryptionTypes:\\t0x1F (DES, RC4, AES128-SHA96, AES256-SHA96)\\r\\n\\tAvailable Keys:\\tAES-SHA1, RC4\\r\\n\\r\\nDomain Controller Information:\\r\\n\\tMSDS-SupportedEncryptionTypes:\\t0x1F (DES, RC4, AES128-SHA96, AES256-SHA96)\\r\\n\\tAvailable Keys:\\tAES-SHA1, RC4\\r\\n\\r\\nNetwork Information:\\r\\n\\tClient Address:\\t\\t::ffff:172.0.0.24\\r\\n\\tClient Port:\\t\\t33710\\r\\n\\tAdvertized Etypes:\\t\\n\\t\\tAES256-CTS-HMAC-SHA1-96\\n\\t\\tAES128-CTS-HMAC-SHA1-96\\n\\t\\t20\\n\\t\\t19\\r\\n\\r\\nAdditional Information:\\r\\n\\tTicket Options:\\t\\t0x800000\\r\\n\\tResult Code:\\t\\t0x0\\r\\n\\tTicket Encryption Type:\\t0x12\\r\\n\\tSession Encryption Type:\\t0x12\\r\\n\\tPre-Authentication Type:\\t2\\r\\n\\tPre-Authentication EncryptionType:\\t0x12\\r\\n\\r\\nCertificate Information:\\r\\n\\tCertificate Issuer Name:\\t\\t\\r\\n\\tCertificate Serial Number:\\t\\r\\n\\tCertificate Thumbprint:\\t\\t\\r\\n\\r\\nTicket information\\r\\n\\tResponse ticket hash:\\t\\tNPY7XF2pnmQlvU3v+NMGANMat0IKICVaYLKACmF3J64=\\r\\n\\r\\nCertificate information is only provided if a certificate was used for pre-authentication.\\r\\n\\r\\nPre-authentication types, ticket options, encryption types and result codes are defined in RFC 4120.\\\"\"},\"eventdata\":{\"targetUserName\":\"postgres$\",\"targetDomainName\":\"zaferbalkan.com\",\"targetSid\":\"S-1-5-21-1485762334-58807183-3007761946-11177\",\"serviceName\":\"krbtgt\",\"serviceSid\":\"S-1-5-21-1485762334-58807183-3007761946-502\",\"ticketOptions\":\"0x800000\",\"status\":\"0x0\",\"ticketEncryptionType\":\"0x12\",\"preAuthType\":\"2\",\"ipAddress\":\"::ffff:172.0.0.24\",\"ipPort\":\"33710\",\"responseTicket\":\"NPY7XF2pnmQlvU3v+NMGANMat0IKICVaYLKACmF3J64=\",\"accountSupportedEncryptionTypes\":\"0x18 (AES128-SHA96, AES256-SHA96)\",\"accountAvailableKeys\":\"AES-SHA1, RC4\",\"serviceSupportedEncryptionTypes\":\"0x1F (DES, RC4, AES128-SHA96, AES256-SHA96)\",\"serviceAvailableKeys\":\"AES-SHA1, RC4\",\"dCSupportedEncryptionTypes\":\"0x1F (DES, RC4, AES128-SHA96, AES256-SHA96)\",\"dCAvailableKeys\":\"AES-SHA1, RC4\",\"clientAdvertizedEncryptionTypes\":\"   AES256-CTS-HMAC-SHA1-96   AES128-CTS-HMAC-SHA1-96   20   19\",\"sessionKeyEncryptionType\":\"0x12\",\"preAuthEncryptionType\":\"0x12\"}}}"}
{"id": "1789938006.216396", "decoder": "windows_eventchannel", "location": "EventChannel", "full_log": "{\"win\":{\"system\":{\"providerName\":\"Microsoft-Windows-Security-Auditing\",\"providerGuid\":\"{54849625-5478-4994-a5ba-3e3b0328c30d}\",\"eventID\":\"4624\",\"version\":\"2\",\"level\":\"0\",\"task\":\"12544\",\"opcode\":\"0\",\"keywords\":\"0x8020000000000000\",\"systemTime\":\"2026-09-20T21:00:05.9322917Z\",\"eventRecordID\":\"96042186\",\"processID\":\"868\",\"threadID\":\"34376\",\"channel\":\"Security\",\"computer\":\"jumphost2.zaferbalkan.com\",\"severityValue\":\"AUDIT_SUCCESS\",\"message\":\"\\\"An account was successfully logged on.\\r\\n\\r\\nSubject:\\r\\n\\tSecurity ID:\\t\\tS-1-5-18\\r\\n\\tAccount Name:\\t\\tjumphost2$\\r\\n\\tAccount Domain:\\t\\tZAFERBALKAN.COM\\r\\n\\tLogon ID:\\t\\t0x3E7\\r\\n\\r\\nLogon Information:\\r\\n\\tLogon Type:\\t\\t7\\r\\n\\tRestricted Admin Mode:\\t-\\r\\n\\tVirtual Account:\\t\\tNo\\r\\n\\tElevated Token:\\t\\tNo\\r\\n\\r\\nImpersonation Level:\\t\\tImpersonation\\r\\n\\r\\nNew Logon:\\r\\n\\tSecurity ID:\\t\\tS-1-5-21-1485762334-58807183-3007761946-3621\\r\\n\\tAccount Name:\\t\\tzafer\\r\\n\\tAccount Domain:\\t\\tZAFERBALKAN.COM\\r\\n\\tLogon ID:\\t\\t0x9A4B989D\\r\\n\\tLinked Logon ID:\\t\\t0x0\\r\\n\\tNetwork Account Name:\\t-\\r\\n\\tNetwork Account Domain:\\t-\\r\\n\\tLogon GUID:\\t\\t{a11f4bc4-b4fa-bd43-e2c9-937666b09c43}\\r\\n\\r\\nProcess Information:\\r\\n\\tProcess ID:\\t\\t0xffc\\r\\n\\tProcess Name:\\t\\tC:\\\\Windows\\\\System32\\\\svchost.exe\\r\\n\\r\\nNetwork Information:\\r\\n\\tWorkstation Name:\\tjumphost2\\r\\n\\tSource Network Address:\\t172.0.0.50\\r\\n\\tSource Port:\\t\\t0\\r\\n\\r\\nDetailed Authentication Information:\\r\\n\\tLogon Process:\\t\\tUser32 \\r\\n\\tAuthentication Package:\\tNegotiate\\r\\n\\tTransited Services:\\t-\\r\\n\\tPackage Name (NTLM only):\\t-\\r\\n\\tKey Length:\\t\\t0\\r\\n\\r\\nThis event is generated when a logon session is created. It is generated on the computer that was accessed.\\r\\n\\r\\nThe subject fields indicate the account on the local system which requested the logon. This is most commonly a service such as the Server service, or a local process such as Winlogon.exe or Services.exe.\\r\\n\\r\\nThe logon type field indicates the kind of logon that occurred. The most common types are 2 (interactive) and 3 (network).\\r\\n\\r\\nThe New Logon fields indicate the account for whom the new logon was created, i.e. the account that was logged on.\\r\\n\\r\\nThe network fields indicate where a remote logon request originated. Workstation name is not always available and may be left blank in some cases.\\r\\n\\r\\nThe impersonation level field indicates the extent to which a process in the logon session can impersonate.\\r\\n\\r\\nThe authentication information fields provide detailed information about this specific logon request.\\r\\n\\t- Logon GUID is a unique identifier that can be used to correlate this event with a KDC event.\\r\\n\\t- Transited services indicate which intermediate services have participated in this logon request.\\r\\n\\t- Package name indicates which sub-protocol was used among the NTLM protocols.\\r\\n\\t- Key length indicates the length of the generated session key. This will be 0 if no session key was requested.\\\"\"},\"eventdata\":{\"subjectUserSid\":\"S-1-5-18\",\"subjectUserName\":\"jumphost2$\",\"subjectDomainName\":\"ZAFERBALKAN.COM\",\"subjectLogonId\":\"0x3e7\",\"targetUserSid\":\"S-1-5-21-1485762334-58807183-3007761946-3621\",\"targetUserName\":\"zafer\",\"targetDomainName\":\"ZAFERBALKAN.COM\",\"targetLogonId\":\"0x9a4b989d\",\"logonType\":\"7\",\"logonProcessName\":\"User32\",\"authenticationPackageName\":\"Negotiate\",\"workstationName\":\"jumphost2\",\"logonGuid\":\"{a11f4bc4-b4fa-bd43-e2c9-937666b09c43}\",\"keyLength\":\"0\",\"processId\":\"0xffc\",\"processName\":\"C:\\\\\\\\Windows\\\\\\\\System32\\\\\\\\svchost.exe\",\"ipAddress\":\"172.0.0.50\",\"ipPort\":\"0\",\"impersonationLevel\":\"%%1833\",\"virtualAccount\":\"%%1843\",\"targetLinkedLogonId\":\"0x0\",\"elevatedToken\":\"%%1843\"}}}"}
{"id": "1789938006.216396", "decoder": "windows_eventchannel", "location": "EventChannel", "full_log": "{\"win\":{\"system\":{\"providerName\":\"Microsoft-Windows-Security-Auditing\",\"providerGuid\":\"{54849625-5478-4994-a5ba-3e3b0328c30d}\",\"eventID\":\"4769\",\"version\":\"2\",\"level\":\"0\",\"task\":\"14337\",\"opcode\":\"0\",\"keywords\":\"0x8020000000000000\",\"systemTime\":\"2026-09-20T21:00:06.1989309Z\",\"eventRecordID\":\"2838993924\",\"processID\":\"768\",\"threadID\":\"15556\",\"channel\":\"Security\",\"computer\":\"DC2.zaferbalkan.com\",\"severityValue\":\"AUDIT_SUCCESS\",\"message\":\"\\\"A Kerberos service ticket was requested.\\r\\n\\r\\nAccount Information:\\r\\n\\tAccount Name:\\t\\tpostgres$@zaferbalkan.com\\r\\n\\tAccount Domain:\\t\\tzaferbalkan.com\\r\\n\\tLogon GUID:\\t\\t{ba27ad81-b8a2-257f-bf28-591fd100fea0}\\r\\n\\tMSDS-SupportedEncryptionTypes:\\tN/A\\r\\n\\tAvailable Keys:\\tN/A\\r\\n\\r\\nService Information:\\r\\n\\tService Name:\\t\\tDC2$\\r\\n\\tService ID:\\t\\tS-1-5-21-1485762334-58807183-3007761946-8129\\r\\n\\tMSDS-SupportedEncryptionTypes:\\t0x1F (DES, RC4, AES128-SHA96, AES256-SHA96)\\r\\n\\tAvailable Keys:\\tAES-SHA1, RC4\\r\\n\\r\\nDomain Controller Information:\\r\\n\\tMSDS-SupportedEncryptionTypes:\\t0x1F (DES, RC4, AES128-SHA96, AES256-SHA96)\\r\\n\\tAvailable Keys:\\tAES-SHA1, RC4\\r\\n\\r\\nNetwork Information:\\r\\n\\tClient Address:\\t\\t::ffff:172.0.0.24\\r\\n\\tClient Port:\\t\\t33718\\r\\n\\tAdvertized Etypes:\\t\\n\\t\\t20\\n\\t\\t19\\n\\t\\tAES256-CTS-HMAC-SHA1-96\\n\\t\\tAES128-CTS-HMAC-SHA1-96\\r\\n\\r\\nAdditional Information:\\r\\n\\tTicket Options:\\t\\t0x810000\\r\\n\\tTicket Encryption Type:\\t0x12\\r\\n\\tSession Encryption Type:\\t0x12\\r\\n\\tFailure Code:\\t\\t0x0\\r\\n\\tTransited Services:\\t-\\r\\n\\r\\nTicket information\\r\\n\\tRequest ticket hash:\\t\\tNPY7XF2pnmQlvU3v+NMGANMat0IKICVaYLKACmF3J64=\\r\\n\\tResponse ticket hash:\\t\\t+/ztqihVT/T/zhh/Oe85n2p82W4z7yh7NhmqGw9lQJ8=\\r\\n\\r\\nThis event is generated every time access is requested to a resource such as a computer or a Windows service.  The service name indicates the resource to which access was requested.\\r\\n\\r\\nThis event can be correlated with Windows logon events by comparing the Logon GUID fields in each event.  The logon event occurs on the machine that was accessed, which is often a different machine than the domain controller which issued the service ticket.\\r\\n\\r\\nPre-authentication types, ticket options, encryption types and result codes are defined in RFC 4120.\\\"\"},\"eventdata\":{\"targetUserName\":\"postgres$@zaferbalkan.com\",\"targetDomainName\":\"zaferbalkan.com\",\"serviceName\":\"DC2$\",\"serviceSid\":\"S-1-5-21-1485762334-58807183-3007761946-8129\",\"ticketOptions\":\"0x810000\",\"ticketEncryptionType\":\"0x12\",\"ipAddress\":\"::ffff:172.0.0.24\",\"ipPort\":\"33718\",\"status\":\"0x0\",\"logonGuid\":\"{ba27ad81-b8a2-257f-bf28-591fd100fea0}\",\"requestTicketHash\":\"NPY7XF2pnmQlvU3v+NMGANMat0IKICVaYLKACmF3J64=\",\"responseTicketHash\":\"+/ztqihVT/T/zhh/Oe85n2p82W4z7yh7NhmqGw9lQJ8=\",\"accountSupportedEncryptionTypes\":\"N/A\",\"accountAvailableKeys\":\"N/A\",\"serviceSupportedEncryptionTypes\":\"0x1F (DES, RC4, AES128-SHA96, AES256-SHA96)\",\"serviceAvailableKeys\":\"AES-SHA1, RC4\",\"dCSupportedEncryptionTypes\":\"0x1F (DES, RC4, AES128-SHA96, AES256-SHA96)\",\"dCAvailableKeys\":\"AES-SHA1, RC4\",\"clientAdvertizedEncryptionTypes\":\"   20   19   AES256-CTS-HMAC-SHA1-96   AES128-CTS-HMAC-SHA1-96\",\"sessionKeyEncryptionType\":\"0x12\"}}}"}
{"id": "1789938006.216396", "decoder": "windows_eventchannel", "location": "EventChannel", "full_log": "{\"win\":{\"system\":{\"providerName\":\"Microsoft-Windows-Security-Auditing\",\"providerGuid\":\"{54849625-5478-4994-a5ba-3e3b0328c30d}\",\"eventID\":\"4611\",\"version\":\"0\",\"level\":\"0\",\"task\":\"12289\",\"opcode\":\"0\",\"keywords\":\"0x8020000000000000\",\"systemTime\":\"2026-09-20T21:00:05.9324823Z\",\"eventRecordID\":\"96042187\",\"processID\":\"868\",\"threadID\":\"34376\",\"channel\":\"Security\",\"computer\":\"jumphost2.zaferbalkan.com\",\"severityValue\":\"AUDIT_SUCCESS\",\"message\":\"\\\"A trusted logon process has been registered with the Local Security Authority.\\r\\nThis logon process will be trusted to submit logon requests.\\r\\n\\r\\nSubject:\\r\\n\\tSecurity ID:\\t\\tS-1-5-18\\r\\n\\tAccount Name:\\t\\tjumphost2$\\r\\n\\tAccount Domain:\\t\\tZAFERBALKAN.COM\\r\\n\\tLogon ID:\\t\\t0x3E7\\r\\n\\r\\nLogon Process Name:\\t\\tUserManager\\\"\"},\"eventdata\":{\"subjectUserSid\":\"S-1-5-18\",\"subjectUserName\":\"jumphost2$\",\"subjectDomainName\":\"ZAFERBALKAN.COM\",\"subjectLogonId\":\"0x3e7\",\"logonProcessName\":\"UserManager\"}}}"}
{"id": "1789938006.216396", "decoder": "windows_eventchannel", "location": "EventChannel", "full_log": "{\"win\":{\"system\":{\"providerName\":\"Microsoft-Windows-Security-Auditing\",\"providerGuid\":\"{54849625-5478-4994-a5ba-3e3b0328c30d}\",\"eventID\":\"4624\",\"version\":\"2\",\"level\":\"0\",\"task\":\"12544\",\"opcode\":\"0\",\"keywords\":\"0x8020000000000000\",\"systemTime\":\"2026-09-20T21:00:06.2001192Z\",\"eventRecordID\":\"2838993925\",\"processID\":\"768\",\"threadID\":\"15556\",\"channel\":\"Security\",\"computer\":\"DC2.zaferbalkan.com\",\"severityValue\":\"AUDIT_SUCCESS\",\"message\":\"\\\"An account was successfully logged on.\\r\\n\\r\\nSubject:\\r\\n\\tSecurity ID:\\t\\tS-1-0-0\\r\\n\\tAccount Name:\\t\\t-\\r\\n\\tAccount Domain:\\t\\t-\\r\\n\\tLogon ID:\\t\\t0x0\\r\\n\\r\\nLogon Information:\\r\\n\\tLogon Type:\\t\\t3\\r\\n\\tRestricted Admin Mode:\\t-\\r\\n\\tVirtual Account:\\t\\tNo\\r\\n\\tElevated Token:\\t\\tYes\\r\\n\\r\\nImpersonation Level:\\t\\tImpersonation\\r\\n\\r\\nNew Logon:\\r\\n\\tSecurity ID:\\t\\tS-1-5-21-1485762334-58807183-3007761946-11177\\r\\n\\tAccount Name:\\t\\tpostgres$\\r\\n\\tAccount Domain:\\t\\tzaferbalkan.com\\r\\n\\tLogon ID:\\t\\t0x3AFE2384\\r\\n\\tLinked Logon ID:\\t\\t0x0\\r\\n\\tNetwork Account Name:\\t-\\r\\n\\tNetwork Account Domain:\\t-\\r\\n\\tLogon GUID:\\t\\t{4c50b8de-d9a7-2efe-4503-649182d3c3a9}\\r\\n\\r\\nProcess Information:\\r\\n\\tProcess ID:\\t\\t0x0\\r\\n\\tProcess Name:\\t\\t-\\r\\n\\r\\nNetwork Information:\\r\\n\\tWorkstation Name:\\t-\\r\\n\\tSource Network Address:\\t172.0.0.24\\r\\n\\tSource Port:\\t\\t40688\\r\\n\\r\\nDetailed Authentication Information:\\r\\n\\tLogon Process:\\t\\tKerberos\\r\\n\\tAuthentication Package:\\tKerberos\\r\\n\\tTransited Services:\\t-\\r\\n\\tPackage Name (NTLM only):\\t-\\r\\n\\tKey Length:\\t\\t0\\r\\n\\r\\nThis event is generated when a logon session is created. It is generated on the computer that was accessed.\\r\\n\\r\\nThe subject fields indicate the account on the local system which requested the logon. This is most commonly a service such as the Server service, or a local process such as Winlogon.exe or Services.exe.\\r\\n\\r\\nThe logon type field indicates the kind of logon that occurred. The most common types are 2 (interactive) and 3 (network).\\r\\n\\r\\nThe New Logon fields indicate the account for whom the new logon was created, i.e. the account that was logged on.\\r\\n\\r\\nThe network fields indicate where a remote logon request originated. Workstation name is not always available and may be left blank in some cases.\\r\\n\\r\\nThe impersonation level field indicates the extent to which a process in the logon session can impersonate.\\r\\n\\r\\nThe authentication information fields provide detailed information about this specific logon request.\\r\\n\\t- Logon GUID is a unique identifier that can be used to correlate this event with a KDC event.\\r\\n\\t- Transited services indicate which intermediate services have participated in this logon request.\\r\\n\\t- Package name indicates which sub-protocol was used among the NTLM protocols.\\r\\n\\t- Key length indicates the length of the generated session key. This will be 0 if no session key was requested.\\\"\"},\"eventdata\":{\"subjectUserSid\":\"S-1-0-0\",\"subjectLogonId\":\"0x0\",\"targetUserSid\":\"S-1-5-21-1485762334-58807183-3007761946-11177\",\"targetUserName\":\"postgres$\",\"targetDomainName\":\"zaferbalkan.com\",\"targetLogonId\":\"0x3afe2384\",\"logonType\":\"3\",\"logonProcessName\":\"Kerberos\",\"authenticationPackageName\":\"Kerberos\",\"logonGuid\":\"{4c50b8de-d9a7-2efe-4503-649182d3c3a9}\",\"keyLength\":\"0\",\"processId\":\"0x0\",\"ipAddress\":\"172.0.0.24\",\"ipPort\":\"40688\",\"impersonationLevel\":\"%%1833\",\"virtualAccount\":\"%%1843\",\"targetLinkedLogonId\":\"0x0\",\"elevatedToken\":\"%%1842\"}}}"}
{"id": "1789938006.216396", "decoder": "windows_eventchannel", "location": "EventChannel", "full_log": "{\"win\":{\"system\":{\"providerName\":\"Microsoft-Windows-Security-Auditing\",\"providerGuid\":\"{54849625-5478-4994-a5ba-3e3b0328c30d}\",\"eventID\":\"4673\",\"version\":\"0\",\"level\":\"0\",\"task\":\"13056\",\"opcode\":\"0\",\"keywords\":\"0x8020000000000000\",\"systemTime\":\"2026-09-20T21:00:05.9324901Z\",\"eventRecordID\":\"96042188\",\"processID\":\"4\",\"threadID\":\"54344\",\"channel\":\"Security\",\"computer\":\"jumphost2.zaferbalkan.com\",\"severityValue\":\"AUDIT_SUCCESS\",\"message\":\"\\\"A privileged service was called.\\r\\n\\r\\nSubject:\\r\\n\\tSecurity ID:\\t\\tS-1-5-18\\r\\n\\tAccount Name:\\t\\tjumphost2$\\r\\n\\tAccount Domain:\\t\\tZAFERBALKAN.COM\\r\\n\\tLogon ID:\\t\\t0x3E7\\r\\n\\r\\nService:\\r\\n\\tServer:\\tNT Local Security Authority / Authentication Service\\r\\n\\tService Name:\\tLsaRegisterLogonProcess()\\r\\n\\r\\nProcess:\\r\\n\\tProcess ID:\\t0x364\\r\\n\\tProcess Name:\\tC:\\\\Windows\\\\System32\\\\lsass.exe\\r\\n\\r\\nService Request Information:\\r\\n\\tPrivileges:\\t\\tSeTcbPrivilege\\\"\"},\"eventdata\":{\"subjectUserSid\":\"S-1-5-18\",\"subjectUserName\":\"jumphost2$\",\"subjectDomainName\":\"ZAFERBALKAN.COM\",\"subjectLogonId\":\"0x3e7\",\"objectServer\":\"NT Local Security Authority / Authentication Service\",\"service\":\"LsaRegisterLogonProcess()\",\"privilegeList\":\"SeTcbPrivilege\",\"processId\":\"0x364\",\"processName\":\"C:\\\\\\\\Windows\\\\\\\\System32\\\\\\\\lsass.exe\"}}}"}
{"id": "1789938006.216396", "decoder": "windows_eventchannel", "location": "EventChannel", "full_log": "{\"win\":{\"system\":{\"providerName\":\"Microsoft-Windows-Security-Auditing\",\"providerGuid\":\"{54849625-5478-4994-a5ba-3e3b0328c30d}\",\"eventID\":\"4801\",\"version\":\"0\",\"level\":\"0\",\"task\":\"12551\",\"opcode\":\"0\",\"keywords\":\"0x8020000000000000\",\"systemTime\":\"2026-09-20T21:00:05.9332932Z\",\"eventRecordID\":\"96042189\",\"processID\":\"868\",\"threadID\":\"34376\",\"channel\":\"Security\",\"computer\":\"jumphost2.zaferbalkan.com\",\"severityValue\":\"AUDIT_SUCCESS\",\"message\":\"\\\"The workstation was unlocked.\\r\\n\\r\\nSubject:\\r\\n\\tSecurity ID:\\t\\tS-1-5-21-1485762334-58807183-3007761946-3621\\r\\n\\tAccount Name:\\t\\tzafer\\r\\n\\tAccount Domain:\\t\\tZAFERBALKAN.COM\\r\\n\\tLogon ID:\\t\\t0x994A3A41\\r\\n\\tSession ID:\\t70\\\"\"},\"eventdata\":{\"targetUserSid\":\"S-1-5-21-1485762334-58807183-3007761946-3621\",\"targetUserName\":\"zafer\",\"targetDomainName\":\"ZAFERBALKAN.COM\",\"targetLogonId\":\"0x994a3a41\",\"sessionId\":\"70\"}}}"}
{"id": "1789938007.216820", "decoder": "windows_eventchannel", "location": "EventChannel", "full_log": "{\"win\":{\"system\":{\"providerName\":\"Microsoft-Windows-Security-Auditing\",\"providerGuid\":\"{54849625-5478-4994-a5ba-3e3b0328c30d}\",\"eventID\":\"4688\",\"version\":\"2\",\"level\":\"0\",\"task\":\"13312\",\"opcode\":\"0\",\"keywords\":\"0x8020000000000000\",\"systemTime\":\"2026-09-20T21:00:05.9407063Z\",\"eventRecordID\":\"96042190\",\"processID\":\"4\",\"threadID\":\"13680\",\"channel\":\"Security\",\"computer\":\"jumphost2.zaferbalkan.com\",\"severityValue\":\"AUDIT_SUCCESS\",\"message\":\"\\\"A new process has been created.\\r\\n\\r\\nCreator Subject:\\r\\n\\tSecurity ID:\\t\\tS-1-5-18\\r\\n\\tAccount Name:\\t\\tjumphost2$\\r\\n\\tAccount Domain:\\t\\tZAFERBALKAN.COM\\r\\n\\tLogon ID:\\t\\t0x3E7\\r\\n\\r\\nTarget Subject:\\r\\n\\tSecurity ID:\\t\\tS-1-5-21-1485762334-58807183-3007761946-3621\\r\\n\\tAccount Name:\\t\\tzafer\\r\\n\\tAccount Domain:\\t\\tZAFERBALKAN.COM\\r\\n\\tLogon ID:\\t\\t0x994A3A41\\r\\n\\r\\nProcess Information:\\r\\n\\tNew Process ID:\\t\\t0x2384\\r\\n\\tNew Process Name:\\tC:\\\\Windows\\\\System32\\\\taskhostw.exe\\r\\n\\tToken Elevation Type:\\tTokenElevationTypeDefault (1)\\r\\n\\tMandatory Label:\\t\\tS-1-16-8192\\r\\n\\tCreator Process ID:\\t0x834\\r\\n\\tCreator Process Name:\\tC:\\\\Windows\\\\System32\\\\svchost.exe\\r\\n\\tProcess Command Line:\\ttaskhostw.exe KEYROAMING\\r\\n\\r\\nToken Elevation Type indicates the type of token that was assigned to the new process in accordance with User Account Control policy.\\r\\n\\r\\nType 1 is a full token with no privileges removed or groups disabled.  A full token is only used if User Account Control is disabled or if the user is the built-in Administrator account or a service account.\\r\\n\\r\\nType 2 is an elevated token with no privileges removed or groups disabled.  An elevated token is used when User Account Control is enabled and the user chooses to start the program using Run as administrator.  An elevated token is also used when an application is configured to always require administrative privilege or to always require maximum privilege, and the user is a member of the Administrators group.\\r\\n\\r\\nType 3 is a limited token with administrative privileges removed and administrative groups disabled.  The limited token is used when User Account Control is enabled, the application does not require administrative privilege, and the user does not choose to start the program using Run as administrator.\\\"\"},\"eventdata\":{\"subjectUserSid\":\"S-1-5-18\",\"subjectUserName\":\"jumphost2$\",\"subjectDomainName\":\"ZAFERBALKAN.COM\",\"subjectLogonId\":\"0x3e7\",\"newProcessId\":\"0x2384\",\"newProcessName\":\"C:\\\\\\\\Windows\\\\\\\\System32\\\\\\\\taskhostw.exe\",\"tokenElevationType\":\"%%1936\",\"processId\":\"0x834\",\"commandLine\":\"taskhostw.exe KEYROAMING\",\"targetUserSid\":\"S-1-5-21-1485762334-58807183-3007761946-3621\",\"targetUserName\":\"zafer\",\"targetDomainName\":\"ZAFERBALKAN.COM\",\"targetLogonId\":\"0x994a3a41\",\"parentProcessName\":\"C:\\\\\\\\Windows\\\\\\\\System32\\\\\\\\svchost.exe\",\"mandatoryLabel\":\"S-1-16-8192\"}}}"}
{"id": "1789938007.216820", "decoder": "windows_eventchannel", "location": "EventChannel", "full_log": "{\"win\":{\"system\":{\"providerName\":\"Microsoft-Windows-Security-Auditing\",\"providerGuid\":\"{54849625-5478-4994-a5ba-3e3b0328c30d}\",\"eventID\":\"4634\",\"version\":\"0\",\"level\":\"0\",\"task\":\"12545\",\"opcode\":\"0\",\"keywords\":\"0x8020000000000000\",\"systemTime\":\"2026-09-20T21:00:05.9453025Z\",\"eventRecordID\":\"96042191\",\"processID\":\"868\",\"threadID\":\"38652\",\"channel\":\"Security\",\"computer\":\"jumphost2.zaferbalkan.com\",\"severityValue\":\"AUDIT_SUCCESS\",\"message\":\"\\\"An account was logged off.\\r\\n\\r\\nSubject:\\r\\n\\tSecurity ID:\\t\\tS-1-5-21-1485762334-58807183-3007761946-3621\\r\\n\\tAccount Name:\\t\\tzafer\\r\\n\\tAccount Domain:\\t\\tZAFERBALKAN.COM\\r\\n\\tLogon ID:\\t\\t0x9A4B989D\\r\\n\\r\\nLogon Type:\\t\\t\\t7\\r\\n\\r\\nThis event is generated when a logon session is destroyed. It may be positively correlated with a logon event using the Logon ID value. Logon IDs are only unique between reboots on the same computer.\\\"\"},\"eventdata\":{\"targetUserSid\":\"S-1-5-21-1485762334-58807183-3007761946-3621\",\"targetUserName\":\"zafer\",\"targetDomainName\":\"ZAFERBALKAN.COM\",\"targetLogonId\":\"0x9a4b989d\",\"logonType\":\"7\"}}}"}
{"id": "1789938007.225167", "decoder": "windows_eventchannel", "location": "EventChannel", "full_log": "{\"win\":{\"system\":{\"providerName\":\"Microsoft-Windows-Security-Auditing\",\"providerGuid\":\"{54849625-5478-4994-a5ba-3e3b0328c30d}\",\"eventID\":\"4688\",\"version\":\"2\",\"level\":\"0\",\"task\":\"13312\",\"opcode\":\"0\",\"keywords\":\"0x8020000000000000\",\"systemTime\":\"2026-09-20T21:00:06.0113567Z\",\"eventRecordID\":\"96042192\",\"processID\":\"4\",\"threadID\":\"54344\",\"channel\":\"Security\",\"computer\":\"jumphost2.zaferbalkan.com\",\"severityValue\":\"AUDIT_SUCCESS\",\"message\":\"\\\"A new process has been created.\\r\\n\\r\\nCreator Subject:\\r\\n\\tSecurity ID:\\t\\tS-1-5-18\\r\\n\\tAccount Name:\\t\\tjumphost2$\\r\\n\\tAccount Domain:\\t\\tZAFERBALKAN.COM\\r\\n\\tLogon ID:\\t\\t0x3E7\\r\\n\\r\\nTarget Subject:\\r\\n\\tSecurity ID:\\t\\tS-1-5-21-1485762334-58807183-3007761946-3621\\r\\n\\tAccount Name:\\t\\tzafer\\r\\n\\tAccount Domain:\\t\\tZAFERBALKAN.COM\\r\\n\\tLogon ID:\\t\\t0x994A3A41\\r\\n\\r\\nProcess Information:\\r\\n\\tNew Process ID:\\t\\t0xd2b4\\r\\n\\tNew Process Name:\\tC:\\\\Windows\\\\System32\\\\AtBroker.exe\\r\\n\\tToken Elevation Type:\\tTokenElevationTypeDefault (1)\\r\\n\\tMandatory Label:\\t\\tS-1-16-8192\\r\\n\\tCreator Process ID:\\t0xadfc\\r\\n\\tCreator Process Name:\\tC:\\\\Windows\\\\System32\\\\winlogon.exe\\r\\n\\tProcess Command Line:\\tatbroker.exe\\r\\n\\r\\nToken Elevation Type indicates the type of token that was assigned to the new process in accordance with User Account Control policy.\\r\\n\\r\\nType 1 is a full token with no privileges removed or groups disabled.  A full token is only used if User Account Control is disabled or if the user is the built-in Administrator account or a service account.\\r\\n\\r\\nType 2 is an elevated token with no privileges removed or groups disabled.  An elevated token is used when User Account Control is enabled and the user chooses to start the program using Run as administrator.  An elevated token is also used when an application is configured to always require administrative privilege or to always require maximum privilege, and the user is a member of the Administrators group.\\r\\n\\r\\nType 3 is a limited token with administrative privileges removed and administrative groups disabled.  The limited token is used when User Account Control is enabled, the application does not require administrative privilege, and the user does not choose to start the program using Run as administrator.\\\"\"},\"eventdata\":{\"subjectUserSid\":\"S-1-5-18\",\"subjectUserName\":\"jumphost2$\",\"subjectDomainName\":\"ZAFERBALKAN.COM\",\"subjectLogonId\":\"0x3e7\",\"newProcessId\":\"0xd2b4\",\"newProcessName\":\"C:\\\\\\\\Windows\\\\\\\\System32\\\\\\\\AtBroker.exe\",\"tokenElevationType\":\"%%1936\",\"processId\":\"0xadfc\",\"commandLine\":\"atbroker.exe\",\"targetUserSid\":\"S-1-5-21-1485762334-58807183-3007761946-3621\",\"targetUserName\":\"zafer\",\"targetDomainName\":\"ZAFERBALKAN.COM\",\"targetLogonId\":\"0x994a3a41\",\"parentProcessName\":\"C:\\\\\\\\Windows\\\\\\\\System32\\\\\\\\winlogon.exe\",\"mandatoryLabel\":\"S-1-16-8192\"}}}"}
