{"source": "win_event_channel.ini:2", "name": "New Windows Service Created - root path execution", "log": "{\"win\":{\"eventdata\":{\"serviceType\":\"user mode service\",\"accountName\":\"LocalSystem\",\"imagePath\":\"%systemroot%\\\\\\\\TQkHeboM.exe\",\"startType\":\"demand start\",\"serviceName\":\"uxoN\"},\"system\":{\"eventID\":\"7045\",\"eventSourceName\":\"Service Control Manager\",\"keywords\":\"0x8080000000000000\",\"providerGuid\":\"{555908d1-a6d7-4695-8e1e-26931d2012f4}\",\"level\":\"4\",\"channel\":\"System\",\"opcode\":\"0\",\"message\":\"\\\"A service was installed in the system.\\r\\n\\r\\nService Name:  uxoN\\r\\nService File Name:  %systemroot%\\\\TQkHeboM.exe\\r\\nService Type:  user mode service\\r\\nService Start Type:  demand start\\r\\nService Account:  LocalSystem\\\"\",\"version\":\"0\",\"systemTime\":\"2021-06-25T18:33:57.953556700Z\",\"eventRecordID\":\"171981\",\"threadID\":\"9104\",\"computer\":\"bankdc.ExchangeTest.com\",\"task\":\"0\",\"processID\":\"544\",\"severityValue\":\"INFORMATION\",\"providerName\":\"Service Control Manager\"}}}"}
{"source": "win_event_channel.ini:8", "name": "Successful Remote Logon", "log": "{\"win\":{\"eventdata\":{\"subjectLogonId\":\"0x0\",\"targetLinkedLogonId\":\"0x0\",\"impersonationLevel\":\"%%1833\",\"ipAddress\":\"192.168.0.121\",\"authenticationPackageName\":\"Kerberos\",\"targetLogonId\":\"0x4cdcc9\",\"logonProcessName\":\"Kerberos\",\"logonGuid\":\"{C9208622-EB82-7047-0ED5-5FF1F674AC82}\",\"targetUserName\":\"Administrator\",\"keyLength\":\"0\",\"elevatedToken\":\"%%1842\",\"subjectUserSid\":\"S-1-0-0\",\"processId\":\"0x0\",\"ipPort\":\"49791\",\"targetDomainName\":\"EXCHANGETEST.COM\",\"targetUserSid\":\"S-1-5-21-887924094-598891991-956377308-500\",\"virtualAccount\":\"%%1843\",\"logonType\":\"3\"},\"system\":{\"eventID\":\"4624\",\"keywords\":\"0x8020000000000000\",\"providerGuid\":\"{54849625-5478-4994-A5BA-3E3B0328C30D}\",\"level\":\"0\",\"channel\":\"Security\",\"opcode\":\"0\",\"message\":\"\\\"An account was successfully logged on.\\r\\n\\r\\nSubject:\\r\\n\\tSecurity ID:\\t\\tS-1-0-0\\r\\n\\tAccount Name:\\t\\t-\\r\\n\\tAccount Domain:\\t\\t-\\r\\n\\tLogon ID:\\t\\t0x0\\r\\n\\r\\nLogon Information:\\r\\n\\tLogon Type:\\t\\t3\\r\\n\\tRestricted Admin Mode:\\t-\\r\\n\\tVirtual Account:\\t\\tNo\\r\\n\\tElevated Token:\\t\\tYes\\r\\n\\r\\nImpersonation Level:\\t\\tImpersonation\\r\\n\\r\\nNew Logon:\\r\\n\\tSecurity ID:\\t\\tS-1-5-21-887924094-598891991-956377308-500\\r\\n\\tAccount Name:\\t\\tAdministrator\\r\\n\\tAccount Domain:\\t\\tEXCHANGETEST.COM\\r\\n\\tLogon ID:\\t\\t0x4CDCC9\\r\\n\\tLinked Logon ID:\\t\\t0x0\\r\\n\\tNetwork Account Name:\\t-\\r\\n\\tNetwork Account Domain:\\t-\\r\\n\\tLogon GUID:\\t\\t{C9208622-EB82-7047-0ED5-5FF1F674AC82}\\r\\n\\r\\nProcess Information:\\r\\n\\tProcess ID:\\t\\t0x0\\r\\n\\tProcess Name:\\t\\t-\\r\\n\\r\\nNetwork Information:\\r\\n\\tWorkstation Name:\\t\\r\\n\\tSource Network Address:\\t192.168.0.121\\r\\n\\tSource Port:\\t\\t49791\\r\\n\\r\\nDetailed Authentication Information:\\r\\n\\tLogon Process:\\t\\tKerberos\\r\\n\\tAuthentication Package:\\tKerberos\\r\\n\\tTransited Services:\\t-\\r\\n\\tPackage Name (NTLM only):\\t-\\r\\n\\tKey Length:\\t\\t0\\r\\n\\r\\nThis event is generated when a logon session is created. It is generated on the computer that was accessed.\\r\\n\\r\\nThe subject fields indicate the account on the local system which requested the logon. This is most commonly a service such as the Server service, or a local process such as Winlogon.exe or Services.exe.\\r\\n\\r\\nThe logon type field indicates the kind of logon that occurred. The most common types are 2 (interactive) and 3 (network).\\r\\n\\r\\nThe New Logon fields indicate the account for whom the new logon was created, i.e. the account that was logged on.\\r\\n\\r\\nThe network fields indicate where a remote logon request originated. Workstation name is not always available and may be left blank in some cases.\\r\\n\\r\\nThe impersonation level field indicates the extent to which a process in the logon session can impersonate.\\r\\n\\r\\nThe authentication information fields provide detailed information about this specific logon request.\\r\\n\\t- Logon GUID is a unique identifier that can be used to correlate this event with a KDC event.\\r\\n\\t- Transited services indicate which intermediate services have participated in this logon request.\\r\\n\\t- Package name indicates which sub-protocol was used among the NTLM protocols.\\r\\n\\t- Key length indicates the length of the generated session key. This will be 0 if no session key was requested.\\\"\",\"version\":\"2\",\"systemTime\":\"2021-05-07T21:36:19.887424400Z\",\"eventRecordID\":\"1718492\",\"threadID\":\"1776\",\"computer\":\"bankdc.ExchangeTest.com\",\"task\":\"12544\",\"processID\":\"536\",\"severityValue\":\"AUDIT_SUCCESS\",\"providerName\":\"Microsoft-Windows-Security-Auditing\"}}}"}
{"source": "win_event_channel.ini:14", "name": "Successful Remote Logon Detected - NTLM authentication", "log": "{\"win\":{\"eventdata\":{\"subjectLogonId\":\"0x0\",\"targetLinkedLogonId\":\"0x0\",\"impersonationLevel\":\"%%1833\",\"ipAddress\":\"192.168.0.218\",\"authenticationPackageName\":\"NTLM\",\"lmPackageName\":\"NTLM V2\",\"targetLogonId\":\"0x30ad3c7\",\"logonProcessName\":\"NtLmSsp\",\"logonGuid\":\"{00000000-0000-0000-0000-000000000000}\",\"targetUserName\":\"Administrator\",\"keyLength\":\"128\",\"elevatedToken\":\"%%1842\",\"subjectUserSid\":\"S-1-0-0\",\"processId\":\"0x0\",\"ipPort\":\"51588\",\"targetDomainName\":\"EXCHANGETEST\",\"targetUserSid\":\"S-1-5-21-887924094-598891991-956377308-500\",\"virtualAccount\":\"%%1843\",\"logonType\":\"3\"},\"system\":{\"eventID\":\"4624\",\"keywords\":\"0x8020000000000000\",\"providerGuid\":\"{54849625-5478-4994-A5BA-3E3B0328C30D}\",\"level\":\"0\",\"channel\":\"Security\",\"opcode\":\"0\",\"message\":\"\\\"An account was successfully logged on.\\r\\n\\r\\nSubject:\\r\\n\\tSecurity ID:\\t\\tS-1-0-0\\r\\n\\tAccount Name:\\t\\t-\\r\\n\\tAccount Domain:\\t\\t-\\r\\n\\tLogon ID:\\t\\t0x0\\r\\n\\r\\nLogon Information:\\r\\n\\tLogon Type:\\t\\t3\\r\\n\\tRestricted Admin Mode:\\t-\\r\\n\\tVirtual Account:\\t\\tNo\\r\\n\\tElevated Token:\\t\\tYes\\r\\n\\r\\nImpersonation Level:\\t\\tImpersonation\\r\\n\\r\\nNew Logon:\\r\\n\\tSecurity ID:\\t\\tS-1-5-21-887924094-598891991-956377308-500\\r\\n\\tAccount Name:\\t\\tAdministrator\\r\\n\\tAccount Domain:\\t\\tEXCHANGETEST\\r\\n\\tLogon ID:\\t\\t0x30AD3C7\\r\\n\\tLinked Logon ID:\\t\\t0x0\\r\\n\\tNetwork Account Name:\\t-\\r\\n\\tNetwork Account Domain:\\t-\\r\\n\\tLogon GUID:\\t\\t{00000000-0000-0000-0000-000000000000}\\r\\n\\r\\nProcess Information:\\r\\n\\tProcess ID:\\t\\t0x0\\r\\n\\tProcess Name:\\t\\t-\\r\\n\\r\\nNetwork Information:\\r\\n\\tWorkstation Name:\\t\\r\\n\\tSource Network Address:\\t192.168.0.218\\r\\n\\tSource Port:\\t\\t51588\\r\\n\\r\\nDetailed Authentication Information:\\r\\n\\tLogon Process:\\t\\tNtLmSsp \\r\\n\\tAuthentication Package:\\tNTLM\\r\\n\\tTransited Services:\\t-\\r\\n\\tPackage Name (NTLM only):\\tNTLM V2\\r\\n\\tKey Length:\\t\\t128\\r\\n\\r\\nThis event is generated when a logon session is created. It is generated on the computer that was accessed.\\r\\n\\r\\nThe subject fields indicate the account on the local system which requested the logon. This is most commonly a service such as the Server service, or a local process such as Winlogon.exe or Services.exe.\\r\\n\\r\\nThe logon type field indicates the kind of logon that occurred. The most common types are 2 (interactive) and 3 (network).\\r\\n\\r\\nThe New Logon fields indicate the account for whom the new logon was created, i.e. the account that was logged on.\\r\\n\\r\\nThe network fields indicate where a remote logon request originated. Workstation name is not always available and may be left blank in some cases.\\r\\n\\r\\nThe impersonation level field indicates the extent to which a process in the logon session can impersonate.\\r\\n\\r\\nThe authentication information fields provide detailed information about this specific logon request.\\r\\n\\t- Logon GUID is a unique identifier that can be used to correlate this event with a KDC event.\\r\\n\\t- Transited services indicate which intermediate services have participated in this logon request.\\r\\n\\t- Package name indicates which sub-protocol was used among the NTLM protocols.\\r\\n\\t- Key length indicates the length of the generated session key. This will be 0 if no session key was requested.\\\"\",\"version\":\"2\",\"systemTime\":\"2021-06-25T13:42:33.795530000Z\",\"eventRecordID\":\"2892977\",\"threadID\":\"588\",\"computer\":\"bankdc.ExchangeTest.com\",\"task\":\"12544\",\"processID\":\"552\",\"severityValue\":\"AUDIT_SUCCESS\",\"providerName\":\"Microsoft-Windows-Security-Auditing\"}}}"}
{"source": "win_event_channel.ini:20", "name": "Successful Remote Logon Detected - NTLM authentication with RDP signature", "log": "{\"win\":{\"eventdata\":{\"subjectLogonId\":\"0x0\",\"targetLinkedLogonId\":\"0x0\",\"impersonationLevel\":\"%%1833\",\"ipAddress\":\"192.168.0.121\",\"authenticationPackageName\":\"NTLM\",\"workstationName\":\"kali\",\"lmPackageName\":\"NTLM V2\",\"targetLogonId\":\"0x1bbcd81\",\"logonProcessName\":\"NtLmSsp\",\"logonGuid\":\"{00000000-0000-0000-0000-000000000000}\",\"targetUserName\":\"Administrator\",\"keyLength\":\"128\",\"elevatedToken\":\"%%1842\",\"subjectUserSid\":\"S-1-0-0\",\"processId\":\"0x0\",\"ipPort\":\"0\",\"targetDomainName\":\"EXCHANGETEST\",\"targetUserSid\":\"S-1-5-21-887924094-598891991-956377308-500\",\"virtualAccount\":\"%%1843\",\"logonType\":\"3\"},\"system\":{\"eventID\":\"4624\",\"keywords\":\"0x8020000000000000\",\"providerGuid\":\"{54849625-5478-4994-A5BA-3E3B0328C30D}\",\"level\":\"0\",\"channel\":\"Security\",\"opcode\":\"0\",\"message\":\"\\\"An account was successfully logged on.\\r\\n\\r\\nSubject:\\r\\n\\tSecurity ID:\\t\\tS-1-0-0\\r\\n\\tAccount Name:\\t\\t-\\r\\n\\tAccount Domain:\\t\\t-\\r\\n\\tLogon ID:\\t\\t0x0\\r\\n\\r\\nLogon Information:\\r\\n\\tLogon Type:\\t\\t3\\r\\n\\tRestricted Admin Mode:\\t-\\r\\n\\tVirtual Account:\\t\\tNo\\r\\n\\tElevated Token:\\t\\tYes\\r\\n\\r\\nImpersonation Level:\\t\\tImpersonation\\r\\n\\r\\nNew Logon:\\r\\n\\tSecurity ID:\\t\\tS-1-5-21-887924094-598891991-956377308-500\\r\\n\\tAccount Name:\\t\\tAdministrator\\r\\n\\tAccount Domain:\\t\\tEXCHANGETEST\\r\\n\\tLogon ID:\\t\\t0x1BBCD81\\r\\n\\tLinked Logon ID:\\t\\t0x0\\r\\n\\tNetwork Account Name:\\t-\\r\\n\\tNetwork Account Domain:\\t-\\r\\n\\tLogon GUID:\\t\\t{00000000-0000-0000-0000-000000000000}\\r\\n\\r\\nProcess Information:\\r\\n\\tProcess ID:\\t\\t0x0\\r\\n\\tProcess Name:\\t\\t-\\r\\n\\r\\nNetwork Information:\\r\\n\\tWorkstation Name:\\tkali\\r\\n\\tSource Network Address:\\t192.168.0.121\\r\\n\\tSource Port:\\t\\t0\\r\\n\\r\\nDetailed Authentication Information:\\r\\n\\tLogon Process:\\t\\tNtLmSsp \\r\\n\\tAuthentication Package:\\tNTLM\\r\\n\\tTransited Services:\\t-\\r\\n\\tPackage Name (NTLM only):\\tNTLM V2\\r\\n\\tKey Length:\\t\\t128\\r\\n\\r\\nThis event is generated when a logon session is created. It is generated on the computer that was accessed.\\r\\n\\r\\nThe subject fields indicate the account on the local system which requested the logon. This is most commonly a service such as the Server service, or a local process such as Winlogon.exe or Services.exe.\\r\\n\\r\\nThe logon type field indicates the kind of logon that occurred. The most common types are 2 (interactive) and 3 (network).\\r\\n\\r\\nThe New Logon fields indicate the account for whom the new logon was created, i.e. the account that was logged on.\\r\\n\\r\\nThe network fields indicate where a remote logon request originated. Workstation name is not always available and may be left blank in some cases.\\r\\n\\r\\nThe impersonation level field indicates the extent to which a process in the logon session can impersonate.\\r\\n\\r\\nThe authentication information fields provide detailed information about this specific logon request.\\r\\n\\t- Logon GUID is a unique identifier that can be used to correlate this event with a KDC event.\\r\\n\\t- Transited services indicate which intermediate services have participated in this logon request.\\r\\n\\t- Package name indicates which sub-protocol was used among the NTLM protocols.\\r\\n\\t- Key length indicates the length of the generated session key. This will be 0 if no session key was requested.\\\"\",\"version\":\"2\",\"systemTime\":\"2021-10-12T21:45:02.903785200Z\",\"eventRecordID\":\"4903177\",\"threadID\":\"2272\",\"computer\":\"bankdc.ExchangeTest.com\",\"task\":\"12544\",\"processID\":\"548\",\"severityValue\":\"AUDIT_SUCCESS\",\"providerName\":\"Microsoft-Windows-Security-Auditing\"}}}"}
{"source": "win_event_channel.ini:26", "name": "User logged with RDP", "log": "{\"win\":{\"eventdata\":{\"subjectLogonId\":\"0x3e7\",\"restrictedAdminMode\":\"%%1843\",\"subjectDomainName\":\"EXCHANGETEST\",\"targetLinkedLogonId\":\"0x0\",\"impersonationLevel\":\"%%1833\",\"ipAddress\":\"192.168.0.1\",\"authenticationPackageName\":\"Negotiate\",\"workstationName\":\"BANKDC\",\"targetLogonId\":\"0x4105aff\",\"logonProcessName\":\"User32\",\"logonGuid\":\"{64C35E00-1827-0FCE-2AE0-11E54FFE301F}\",\"targetUserName\":\"Administrator\",\"keyLength\":\"0\",\"elevatedToken\":\"%%1842\",\"subjectUserSid\":\"S-1-5-18\",\"processId\":\"0x464\",\"processName\":\"C:\\\\\\\\Windows\\\\\\\\System32\\\\\\\\svchost.exe\",\"ipPort\":\"0\",\"targetDomainName\":\"EXCHANGETEST\",\"targetUserSid\":\"S-1-5-21-887924094-598891991-956377308-500\",\"virtualAccount\":\"%%1843\",\"logonType\":\"10\",\"subjectUserName\":\"BANKDC$\"},\"system\":{\"eventID\":\"4624\",\"keywords\":\"0x8020000000000000\",\"providerGuid\":\"{54849625-5478-4994-A5BA-3E3B0328C30D}\",\"level\":\"0\",\"channel\":\"Security\",\"opcode\":\"0\",\"message\":\"\\\"An account was successfully logged on.\\r\\n\\r\\nSubject:\\r\\n\\tSecurity ID:\\t\\tS-1-5-18\\r\\n\\tAccount Name:\\t\\tBANKDC$\\r\\n\\tAccount Domain:\\t\\tEXCHANGETEST\\r\\n\\tLogon ID:\\t\\t0x3E7\\r\\n\\r\\nLogon Information:\\r\\n\\tLogon Type:\\t\\t10\\r\\n\\tRestricted Admin Mode:\\tNo\\r\\n\\tVirtual Account:\\t\\tNo\\r\\n\\tElevated Token:\\t\\tYes\\r\\n\\r\\nImpersonation Level:\\t\\tImpersonation\\r\\n\\r\\nNew Logon:\\r\\n\\tSecurity ID:\\t\\tS-1-5-21-887924094-598891991-956377308-500\\r\\n\\tAccount Name:\\t\\tAdministrator\\r\\n\\tAccount Domain:\\t\\tEXCHANGETEST\\r\\n\\tLogon ID:\\t\\t0x4105AFF\\r\\n\\tLinked Logon ID:\\t\\t0x0\\r\\n\\tNetwork Account Name:\\t-\\r\\n\\tNetwork Account Domain:\\t-\\r\\n\\tLogon GUID:\\t\\t{64C35E00-1827-0FCE-2AE0-11E54FFE301F}\\r\\n\\r\\nProcess Information:\\r\\n\\tProcess ID:\\t\\t0x464\\r\\n\\tProcess Name:\\t\\tC:\\\\Windows\\\\System32\\\\svchost.exe\\r\\n\\r\\nNetwork Information:\\r\\n\\tWorkstation Name:\\tBANKDC\\r\\n\\tSource Network Address:\\t::1\\r\\n\\tSource Port:\\t\\t0\\r\\n\\r\\nDetailed Authentication Information:\\r\\n\\tLogon Process:\\t\\tUser32 \\r\\n\\tAuthentication Package:\\tNegotiate\\r\\n\\tTransited Services:\\t-\\r\\n\\tPackage Name (NTLM only):\\t-\\r\\n\\tKey Length:\\t\\t0\\r\\n\\r\\nThis event is generated when a logon session is created. It is generated on the computer that was accessed.\\r\\n\\r\\nThe subject fields indicate the account on the local system which requested the logon. This is most commonly a service such as the Server service, or a local process such as Winlogon.exe or Services.exe.\\r\\n\\r\\nThe logon type field indicates the kind of logon that occurred. The most common types are 2 (interactive) and 3 (network).\\r\\n\\r\\nThe New Logon fields indicate the account for whom the new logon was created, i.e. the account that was logged on.\\r\\n\\r\\nThe network fields indicate where a remote logon request originated. Workstation name is not always available and may be left blank in some cases.\\r\\n\\r\\nThe impersonation level field indicates the extent to which a process in the logon session can impersonate.\\r\\n\\r\\nThe authentication information fields provide detailed information about this specific logon request.\\r\\n\\t- Logon GUID is a unique identifier that can be used to correlate this event with a KDC event.\\r\\n\\t- Transited services indicate which intermediate services have participated in this logon request.\\r\\n\\t- Package name indicates which sub-protocol was used among the NTLM protocols.\\r\\n\\t- Key length indicates the length of the generated session key. This will be 0 if no session key was requested.\\\"\",\"version\":\"2\",\"systemTime\":\"2021-07-02T20:19:32.631853500Z\",\"eventRecordID\":\"4200219\",\"threadID\":\"720\",\"computer\":\"bankdc.ExchangeTest.com\",\"task\":\"12544\",\"processID\":\"556\",\"severityValue\":\"AUDIT_SUCCESS\",\"providerName\":\"Microsoft-Windows-Security-Auditing\"}}}"}
{"source": "win_event_channel.ini:27", "name": "User logged with RDP", "log": "{\"win\":{\"eventdata\":{\"subjectLogonId\":\"0x3e7\",\"restrictedAdminMode\":\"%%1843\",\"subjectDomainName\":\"EXCHANGETEST\",\"targetLinkedLogonId\":\"0x5d74a0\",\"impersonationLevel\":\"%%1833\",\"ipAddress\":\"192.168.0.57\",\"authenticationPackageName\":\"Negotiate\",\"workstationName\":\"HRMANAGER\",\"targetLogonId\":\"0x5d7553\",\"logonProcessName\":\"User32\",\"logonGuid\":\"{00000000-0000-0000-0000-000000000000}\",\"targetUserName\":\"AtomicRed\",\"keyLength\":\"0\",\"elevatedToken\":\"%%1843\",\"subjectUserSid\":\"S-1-5-18\",\"processId\":\"0x474\",\"processName\":\"C:\\\\\\\\Windows\\\\\\\\System32\\\\\\\\svchost.exe\",\"ipPort\":\"0\",\"targetDomainName\":\"EXCHANGETEST\",\"targetUserSid\":\"S-1-5-21-887924094-598891991-956377308-1146\",\"virtualAccount\":\"%%1843\",\"logonType\":\"10\",\"subjectUserName\":\"HRMANAGER$\"},\"system\":{\"eventID\":\"4624\",\"keywords\":\"0x8020000000000000\",\"providerGuid\":\"{54849625-5478-4994-a5ba-3e3b0328c30d}\",\"level\":\"0\",\"channel\":\"Security\",\"opcode\":\"0\",\"message\":\"\\\"An account was successfully logged on.\\r\\n\\r\\nSubject:\\r\\n\\tSecurity ID:\\t\\tS-1-5-18\\r\\n\\tAccount Name:\\t\\tHRMANAGER$\\r\\n\\tAccount Domain:\\t\\tEXCHANGETEST\\r\\n\\tLogon ID:\\t\\t0x3E7\\r\\n\\r\\nLogon Information:\\r\\n\\tLogon Type:\\t\\t10\\r\\n\\tRestricted Admin Mode:\\tNo\\r\\n\\tVirtual Account:\\t\\tNo\\r\\n\\tElevated Token:\\t\\tNo\\r\\n\\r\\nImpersonation Level:\\t\\tImpersonation\\r\\n\\r\\nNew Logon:\\r\\n\\tSecurity ID:\\t\\tS-1-5-21-887924094-598891991-956377308-1146\\r\\n\\tAccount Name:\\t\\tAtomicRed\\r\\n\\tAccount Domain:\\t\\tEXCHANGETEST\\r\\n\\tLogon ID:\\t\\t0x5D7553\\r\\n\\tLinked Logon ID:\\t\\t0x5D74A0\\r\\n\\tNetwork Account Name:\\t-\\r\\n\\tNetwork Account Domain:\\t-\\r\\n\\tLogon GUID:\\t\\t{00000000-0000-0000-0000-000000000000}\\r\\n\\r\\nProcess Information:\\r\\n\\tProcess ID:\\t\\t0x474\\r\\n\\tProcess Name:\\t\\tC:\\\\Windows\\\\System32\\\\svchost.exe\\r\\n\\r\\nNetwork Information:\\r\\n\\tWorkstation Name:\\tHRMANAGER\\r\\n\\tSource Network Address:\\t192.168.0.57\\r\\n\\tSource Port:\\t\\t0\\r\\n\\r\\nDetailed Authentication Information:\\r\\n\\tLogon Process:\\t\\tUser32 \\r\\n\\tAuthentication Package:\\tNegotiate\\r\\n\\tTransited Services:\\t-\\r\\n\\tPackage Name (NTLM only):\\t-\\r\\n\\tKey Length:\\t\\t0\\r\\n\\r\\nThis event is generated when a logon session is created. It is generated on the computer that was accessed.\\r\\n\\r\\nThe subject fields indicate the account on the local system which requested the logon. This is most commonly a service such as the Server service, or a local process such as Winlogon.exe or Services.exe.\\r\\n\\r\\nThe logon type field indicates the kind of logon that occurred. The most common types are 2 (interactive) and 3 (network).\\r\\n\\r\\nThe New Logon fields indicate the account for whom the new logon was created, i.e. the account that was logged on.\\r\\n\\r\\nThe network fields indicate where a remote logon request originated. Workstation name is not always available and may be left blank in some cases.\\r\\n\\r\\nThe impersonation level field indicates the extent to which a process in the logon session can impersonate.\\r\\n\\r\\nThe authentication information fields provide detailed information about this specific logon request.\\r\\n\\t- Logon GUID is a unique identifier that can be used to correlate this event with a KDC event.\\r\\n\\t- Transited services indicate which intermediate services have participated in this logon request.\\r\\n\\t- Package name indicates which sub-protocol was used among the NTLM protocols.\\r\\n\\t- Key length indicates the length of the generated session key. This will be 0 if no session key was requested.\\\"\",\"version\":\"2\",\"systemTime\":\"2021-07-14T15:44:42.4327920Z\",\"eventRecordID\":\"481524\",\"threadID\":\"3448\",\"computer\":\"hrmanager.ExchangeTest.com\",\"task\":\"12544\",\"processID\":\"588\",\"severityValue\":\"AUDIT_SUCCESS\",\"providerName\":\"Microsoft-Windows-Security-Auditing\"}}}"}
{"source": "win_event_channel.ini:33", "name": "Printer driver failed to load", "log": "{\"win\":{\"system\":{\"eventID\":\"808\",\"keywords\":\"0x8000000000020000\",\"providerGuid\":\"{747ef6fd-e535-4d16-b510-42c90f6873a1}\",\"level\":\"2\",\"channel\":\"Microsoft-Windows-PrintService/Admin\",\"opcode\":\"12\",\"message\":\"\\\"The print spooler failed to load a plug-in module C:\\\\Windows\\\\system32\\\\spool\\\\DRIVERS\\\\x64\\\\3\\\\mimispool.dll, error code 0x45A. See the event user data for context information.\\\"\",\"version\":\"0\",\"systemTime\":\"2021-07-12T14:40:42.8983599Z\",\"eventRecordID\":\"3\",\"threadID\":\"6544\",\"computer\":\"hrmanager.ExchangeTest.com\",\"task\":\"36\",\"processID\":\"1804\",\"severityValue\":\"ERROR\",\"providerName\":\"Microsoft-Windows-PrintService\"},\"loadPluginFailed\":{\"context\":\"112\",\"errorCode\":\"0x45a\",\"pluginDllName\":\"C:\\\\\\\\Windows\\\\\\\\system32\\\\\\\\spool\\\\\\\\DRIVERS\\\\\\\\x64\\\\\\\\3\\\\\\\\mimispool.dll\"}}}"}
{"source": "win_event_channel.ini:39", "name": "User logged using Remote Desktop Connection (RDP)", "log": "{\"win\":{\"eventdata\":{\"subjectLogonId\":\"0x3e7\",\"restrictedAdminMode\":\"%%1843\",\"subjectDomainName\":\"EXCHANGETEST\",\"targetLinkedLogonId\":\"0x0\",\"impersonationLevel\":\"%%1833\",\"ipAddress\":\"::1\",\"authenticationPackageName\":\"Negotiate\",\"workstationName\":\"BANKDC\",\"targetLogonId\":\"0x4105aff\",\"logonProcessName\":\"User32\",\"logonGuid\":\"{64C35E00-1827-0FCE-2AE0-11E54FFE301F}\",\"targetUserName\":\"Administrator\",\"keyLength\":\"0\",\"elevatedToken\":\"%%1842\",\"subjectUserSid\":\"S-1-5-18\",\"processId\":\"0x464\",\"processName\":\"C:\\\\\\\\Windows\\\\\\\\System32\\\\\\\\svchost.exe\",\"ipPort\":\"0\",\"targetDomainName\":\"EXCHANGETEST\",\"targetUserSid\":\"S-1-5-21-887924094-598891991-956377308-500\",\"virtualAccount\":\"%%1843\",\"logonType\":\"10\",\"subjectUserName\":\"BANKDC$\"},\"system\":{\"eventID\":\"4624\",\"keywords\":\"0x8020000000000000\",\"providerGuid\":\"{54849625-5478-4994-A5BA-3E3B0328C30D}\",\"level\":\"0\",\"channel\":\"Security\",\"opcode\":\"0\",\"message\":\"\\\"An account was successfully logged on.\\r\\n\\r\\nSubject:\\r\\n\\tSecurity ID:\\t\\tS-1-5-18\\r\\n\\tAccount Name:\\t\\tBANKDC$\\r\\n\\tAccount Domain:\\t\\tEXCHANGETEST\\r\\n\\tLogon ID:\\t\\t0x3E7\\r\\n\\r\\nLogon Information:\\r\\n\\tLogon Type:\\t\\t10\\r\\n\\tRestricted Admin Mode:\\tNo\\r\\n\\tVirtual Account:\\t\\tNo\\r\\n\\tElevated Token:\\t\\tYes\\r\\n\\r\\nImpersonation Level:\\t\\tImpersonation\\r\\n\\r\\nNew Logon:\\r\\n\\tSecurity ID:\\t\\tS-1-5-21-887924094-598891991-956377308-500\\r\\n\\tAccount Name:\\t\\tAdministrator\\r\\n\\tAccount Domain:\\t\\tEXCHANGETEST\\r\\n\\tLogon ID:\\t\\t0x4105AFF\\r\\n\\tLinked Logon ID:\\t\\t0x0\\r\\n\\tNetwork Account Name:\\t-\\r\\n\\tNetwork Account Domain:\\t-\\r\\n\\tLogon GUID:\\t\\t{64C35E00-1827-0FCE-2AE0-11E54FFE301F}\\r\\n\\r\\nProcess Information:\\r\\n\\tProcess ID:\\t\\t0x464\\r\\n\\tProcess Name:\\t\\tC:\\\\Windows\\\\System32\\\\svchost.exe\\r\\n\\r\\nNetwork Information:\\r\\n\\tWorkstation Name:\\tBANKDC\\r\\n\\tSource Network Address:\\t::1\\r\\n\\tSource Port:\\t\\t0\\r\\n\\r\\nDetailed Authentication Information:\\r\\n\\tLogon Process:\\t\\tUser32 \\r\\n\\tAuthentication Package:\\tNegotiate\\r\\n\\tTransited Services:\\t-\\r\\n\\tPackage Name (NTLM only):\\t-\\r\\n\\tKey Length:\\t\\t0\\r\\n\\r\\nThis event is generated when a logon session is created. It is generated on the computer that was accessed.\\r\\n\\r\\nThe subject fields indicate the account on the local system which requested the logon. This is most commonly a service such as the Server service, or a local process such as Winlogon.exe or Services.exe.\\r\\n\\r\\nThe logon type field indicates the kind of logon that occurred. The most common types are 2 (interactive) and 3 (network).\\r\\n\\r\\nThe New Logon fields indicate the account for whom the new logon was created, i.e. the account that was logged on.\\r\\n\\r\\nThe network fields indicate where a remote logon request originated. Workstation name is not always available and may be left blank in some cases.\\r\\n\\r\\nThe impersonation level field indicates the extent to which a process in the logon session can impersonate.\\r\\n\\r\\nThe authentication information fields provide detailed information about this specific logon request.\\r\\n\\t- Logon GUID is a unique identifier that can be used to correlate this event with a KDC event.\\r\\n\\t- Transited services indicate which intermediate services have participated in this logon request.\\r\\n\\t- Package name indicates which sub-protocol was used among the NTLM protocols.\\r\\n\\t- Key length indicates the length of the generated session key. This will be 0 if no session key was requested.\\\"\",\"version\":\"2\",\"systemTime\":\"2021-07-02T20:19:32.631853500Z\",\"eventRecordID\":\"4200219\",\"threadID\":\"720\",\"computer\":\"bankdc.ExchangeTest.com\",\"task\":\"12544\",\"processID\":\"556\",\"severityValue\":\"AUDIT_SUCCESS\",\"providerName\":\"Microsoft-Windows-Security-Auditing\"}}}"}
{"source": "win_security.ini:2", "name": "User account enabled or created", "log": "{ \"win\": { \"eventdata\": { \"subjectLogonId\": \"0x1f6f29\", \"targetUserName\": \"toby\", \"subjectUserSid\": \"S-1-5-21-3002370232-1004552484-2337450515-1103\", \"subjectDomainName\": \"XRISBARNEY\", \"targetDomainName\": \"APT29W1\", \"targetSid\": \"S-1-5-21-184966080-802066075-2268707989-1002\", \"subjectUserName\": \"itadmin\" }, \"system\": { \"eventID\": \"4722\", \"keywords\": \"0x8020000000000000\", \"providerGuid\": \"{54849625-5478-4994-a5ba-3e3b0328c30d}\", \"level\": \"0\", \"channel\": \"Security\", \"opcode\": \"0\", \"message\": \"\\\"A user account was enabled.\\r\\n\\r\\nSubject:\\r\\n\\tSecurity ID:\\t\\tS-1-5-21-3002370232-1004552484-2337450515-1103\\r\\n\\tAccount Name:\\t\\titadmin\\r\\n\\tAccount Domain:\\t\\tXRISBARNEY\\r\\n\\tLogon ID:\\t\\t0x1F6F29\\r\\n\\r\\nTarget Account:\\r\\n\\tSecurity ID:\\t\\tS-1-5-21-184966080-802066075-2268707989-1002\\r\\n\\tAccount Name:\\t\\ttoby\\r\\n\\tAccount Domain:\\t\\tAPT29W1\\\"\", \"version\": \"0\", \"systemTime\": \"2021-11-08T18:09:47.4367951Z\", \"eventRecordID\": \"15217\", \"threadID\": \"2256\", \"computer\": \"apt29w1.xrisbarney.local\", \"task\": \"13824\", \"processID\": \"620\", \"severityValue\": \"AUDIT_SUCCESS\", \"providerName\": \"Microsoft-Windows-Security-Auditing\" } } }"}
{"source": "win_security.ini:8", "name": "User account changed", "log": "{ \"win\": { \"eventdata\": { \"subjectLogonId\": \"0x1f6f29\", \"scriptPath\": \"%%1793\", \"passwordLastSet\": \"11/8/2021 10:09:47 AM\", \"homeDirectory\": \"%%1793\", \"subjectDomainName\": \"XRISBARNEY\", \"displayName\": \"%%1793\", \"accountExpires\": \"%%1794\", \"homePath\": \"%%1793\", \"samAccountName\": \"toby\", \"targetUserName\": \"toby\", \"subjectUserSid\": \"S-1-5-21-3002370232-1004552484-2337450515-1103\", \"primaryGroupId\": \"513\", \"logonHours\": \"%%1797\", \"targetDomainName\": \"APT29W1\", \"profilePath\": \"%%1793\", \"userWorkstations\": \"%%1793\", \"oldUacValue\": \"0x15\", \"newUacValue\": \"0x10\", \"targetSid\": \"S-1-5-21-184966080-802066075-2268707989-1002\", \"userAccountControl\": \"    %%2048    %%2050\", \"subjectUserName\": \"itadmin\" }, \"system\": { \"eventID\": \"4738\", \"keywords\": \"0x8020000000000000\", \"providerGuid\": \"{54849625-5478-4994-a5ba-3e3b0328c30d}\", \"level\": \"0\", \"channel\": \"Security\", \"opcode\": \"0\", \"message\": \"\\\"A user account was changed.\\r\\n\\r\\nSubject:\\r\\n\\tSecurity ID:\\t\\tS-1-5-21-3002370232-1004552484-2337450515-1103\\r\\n\\tAccount Name:\\t\\titadmin\\r\\n\\tAccount Domain:\\t\\tXRISBARNEY\\r\\n\\tLogon ID:\\t\\t0x1F6F29\\r\\n\\r\\nTarget Account:\\r\\n\\tSecurity ID:\\t\\tS-1-5-21-184966080-802066075-2268707989-1002\\r\\n\\tAccount Name:\\t\\ttoby\\r\\n\\tAccount Domain:\\t\\tAPT29W1\\r\\n\\r\\nChanged Attributes:\\r\\n\\tSAM Account Name:\\ttoby\\r\\n\\tDisplay Name:\\t\\t<value not set>\\r\\n\\tUser Principal Name:\\t-\\r\\n\\tHome Directory:\\t\\t<value not set>\\r\\n\\tHome Drive:\\t\\t<value not set>\\r\\n\\tScript Path:\\t\\t<value not set>\\r\\n\\tProfile Path:\\t\\t<value not set>\\r\\n\\tUser Workstations:\\t<value not set>\\r\\n\\tPassword Last Set:\\t11/8/2021 10:09:47 AM\\r\\n\\tAccount Expires:\\t\\t<never>\\r\\n\\tPrimary Group ID:\\t513\\r\\n\\tAllowedToDelegateTo:\\t-\\r\\n\\tOld UAC Value:\\t\\t0x15\\r\\n\\tNew UAC Value:\\t\\t0x10\\r\\n\\tUser Account Control:\\t\\r\\n\\t\\tAccount Enabled\\r\\n\\t\\t'Password Not Required' - Disabled\\r\\n\\tUser Parameters:\\t-\\r\\n\\tSID History:\\t\\t-\\r\\n\\tLogon Hours:\\t\\tAll\\r\\n\\r\\nAdditional Information:\\r\\n\\tPrivileges:\\t\\t-\\\"\", \"version\": \"0\", \"systemTime\": \"2021-11-08T18:09:47.4369635Z\", \"eventRecordID\": \"15218\", \"threadID\": \"2256\", \"computer\": \"apt29w1.xrisbarney.local\", \"task\": \"13824\", \"processID\": \"620\", \"severityValue\": \"AUDIT_SUCCESS\", \"providerName\": \"Microsoft-Windows-Security-Auditing\" } } }"}
{"source": "win_security.ini:14", "name": "Windows Audit Policy changed", "log": "{ \"win\": { \"eventdata\": { \"subjectLogonId\": \"0x3e7\", \"subjectUserSid\": \"S-1-5-18\", \"subjectDomainName\": \"XRISBARNEY\", \"auditPolicyChanges\": \"Failure added\", \"subcategoryId\": \"%%14339\", \"auditPolicyChangesId\": \"%%8451\", \"category\": \"Account Logon\", \"subcategory\": \"Kerberos Authentication Service\", \"categoryId\": \"%%8280\", \"subjectUserName\": \"HOTELDC$\", \"subcategoryGuid\": \"{0cce9242-69ae-11d9-bed3-505054503030}\" }, \"system\": { \"eventID\": \"4719\", \"keywords\": \"0x8020000000000000\", \"providerGuid\": \"{54849625-5478-4994-a5ba-3e3b0328c30d}\", \"level\": \"0\", \"channel\": \"Security\", \"opcode\": \"0\", \"message\": \"\\\"System audit policy was changed.\\r\\n\\r\\nSubject:\\r\\n\\tSecurity ID:\\t\\tS-1-5-18\\r\\n\\tAccount Name:\\t\\tHOTELDC$\\r\\n\\tAccount Domain:\\t\\tXRISBARNEY\\r\\n\\tLogon ID:\\t\\t0x3E7\\r\\n\\r\\nAudit Policy Change:\\r\\n\\tCategory:\\t\\tAccount Logon\\r\\n\\tSubcategory:\\t\\tKerberos Authentication Service\\r\\n\\tSubcategory GUID:\\t{0cce9242-69ae-11d9-bed3-505054503030}\\r\\n\\tChanges:\\t\\tFailure added\\\"\", \"version\": \"0\", \"systemTime\": \"2021-11-11T17:40:12.383182200Z\", \"eventRecordID\": \"144520\", \"threadID\": \"608\", \"computer\": \"hoteldc.xrisbarney.local\", \"task\": \"13568\", \"processID\": \"560\", \"severityValue\": \"AUDIT_SUCCESS\", \"providerName\": \"Microsoft-Windows-Security-Auditing\" } } }"}
{"source": "win_security.ini:20", "name": "Domain Users Group Changed", "log": "{ \"win\": { \"eventdata\": { \"subjectLogonId\": \"0x1f6f29\", \"targetUserName\": \"None\", \"memberSid\": \"S-1-5-21-184966080-802066075-2268707989-1002\", \"subjectUserSid\": \"S-1-5-21-3002370232-1004552484-2337450515-1103\", \"subjectDomainName\": \"XRISBARNEY\", \"targetDomainName\": \"APT29W1\", \"targetSid\": \"S-1-5-21-184966080-802066075-2268707989-513\", \"subjectUserName\": \"itadmin\" }, \"system\": { \"eventID\": \"4728\", \"keywords\": \"0x8020000000000000\", \"providerGuid\": \"{54849625-5478-4994-a5ba-3e3b0328c30d}\", \"level\": \"0\", \"channel\": \"Security\", \"opcode\": \"0\", \"message\": \"\\\"A member was added to a security-enabled global group.\\r\\n\\r\\nSubject:\\r\\n\\tSecurity ID:\\t\\tS-1-5-21-3002370232-1004552484-2337450515-1103\\r\\n\\tAccount Name:\\t\\titadmin\\r\\n\\tAccount Domain:\\t\\tXRISBARNEY\\r\\n\\tLogon ID:\\t\\t0x1F6F29\\r\\n\\r\\nMember:\\r\\n\\tSecurity ID:\\t\\tS-1-5-21-184966080-802066075-2268707989-1002\\r\\n\\tAccount Name:\\t\\t-\\r\\n\\r\\nGroup:\\r\\n\\tSecurity ID:\\t\\tS-1-5-21-184966080-802066075-2268707989-513\\r\\n\\tGroup Name:\\t\\tNone\\r\\n\\tGroup Domain:\\t\\tAPT29W1\\r\\n\\r\\nAdditional Information:\\r\\n\\tPrivileges:\\t\\t-\\\"\", \"version\": \"0\", \"systemTime\": \"2021-11-08T18:09:47.3872627Z\", \"eventRecordID\": \"15215\", \"threadID\": \"2256\", \"computer\": \"apt29w1.xrisbarney.local\", \"task\": \"13826\", \"processID\": \"620\", \"severityValue\": \"AUDIT_SUCCESS\", \"providerName\": \"Microsoft-Windows-Security-Auditing\" } } }"}
{"source": "win_security.ini:26", "name": "A new external device was recognized by the system", "log": "{ \"win\": { \"eventdata\": { \"subjectLogonId\": \"0x3e7\", \"compatibleIds\": \"    USB\\\\\\\\Class_06&amp;SubClass_01&amp;Prot_01    USB\\\\\\\\Class_06&amp;SubClass_01    USB\\\\\\\\Class_06\", \"classId\": \"{eec5ad98-8080-425f-922a-dabf3de3f69a}\", \"subjectUserSid\": \"S-1-5-18\", \"deviceDescription\": \"Apple iPhone\", \"vendorIds\": \"    USB\\\\\\\\VID_05AC&amp;PID_12A8&amp;REV_1003&amp;MI_00    USB\\\\\\\\VID_05AC&amp;PID_12A8&amp;MI_00\", \"subjectDomainName\": \"WORKGROUP\", \"locationInformation\": \"    0000.0014.0000.001.000.000.000.000.000\", \"className\": \"WPD\", \"deviceId\": \"USB\\\\\\\\VID_05AC&amp;PID_12A8&amp;MI_00\\\\\\\\6&amp;161d18cc&amp;0&amp;0000\", \"subjectUserName\": \"CYBERWARRIOR$\" }, \"system\": { \"eventID\": \"6416\", \"keywords\": \"0x8020000000000000\", \"providerGuid\": \"{54849625-5478-4994-a5ba-3e3b0328c30d}\", \"level\": \"0\", \"channel\": \"Security\", \"opcode\": \"0\", \"message\": \"\\\"A new external device was recognized by the system.\\r\\n\\r\\nSubject:\\r\\n\\tSecurity ID:\\t\\tS-1-5-18\\r\\n\\tAccount Name:\\t\\tCYBERWARRIOR$\\r\\n\\tAccount Domain:\\t\\tWORKGROUP\\r\\n\\tLogon ID:\\t\\t0x3E7\\r\\n\\r\\nDevice ID:\\tUSB\\\\VID_05AC&PID_12A8&MI_00\\\\6&161d18cc&0&0000\\r\\n\\r\\nDevice Name:\\tApple iPhone\\r\\n\\r\\nClass ID:\\t\\t{eec5ad98-8080-425f-922a-dabf3de3f69a}\\r\\n\\r\\nClass Name:\\tWPD\\r\\n\\r\\nVendor IDs:\\t\\r\\n\\t\\tUSB\\\\VID_05AC&PID_12A8&REV_1003&MI_00\\r\\n\\t\\tUSB\\\\VID_05AC&PID_12A8&MI_00\\r\\n\\t\\t\\r\\n\\t\\t\\r\\n\\r\\nCompatible IDs:\\t\\r\\n\\t\\tUSB\\\\Class_06&SubClass_01&Prot_01\\r\\n\\t\\tUSB\\\\Class_06&SubClass_01\\r\\n\\t\\tUSB\\\\Class_06\\r\\n\\t\\t\\r\\n\\t\\t\\r\\n\\r\\nLocation Information:\\t\\r\\n\\t\\t0000.0014.0000.001.000.000.000.000.000\\r\\n\\t\\t\\\"\", \"version\": \"1\", \"systemTime\": \"2021-11-11T16:25:05.2558280Z\", \"eventRecordID\": \"27135\", \"threadID\": \"23840\", \"computer\": \"cyberwarrior\", \"task\": \"13316\", \"processID\": \"4\", \"severityValue\": \"AUDIT_SUCCESS\", \"providerName\": \"Microsoft-Windows-Security-Auditing\" } } }"}
{"source": "win_security.ini:32", "name": "A scheduled task was created", "log": "{ \"win\": { \"eventdata\": { \"subjectLogonId\": \"0x6a874\", \"subjectUserSid\": \"S-1-5-21-3002370232-1004552484-2337450515-500\", \"taskContent\": \"&lt\", \"subjectDomainName\": \"XRISBARNEY\", \"taskName\": \"\\\\\\\\sdfg\", \"subjectUserName\": \"Administrator\" }, \"system\": { \"eventID\": \"4698\", \"keywords\": \"0x8020000000000000\", \"providerGuid\": \"{54849625-5478-4994-a5ba-3e3b0328c30d}\", \"level\": \"0\", \"channel\": \"Security\", \"opcode\": \"0\", \"message\": \"\\\"A scheduled task was created.\", \"version\": \"0\", \"systemTime\": \"2021-11-12T11:40:29.919882400Z\", \"eventRecordID\": \"144538\", \"threadID\": \"1892\", \"computer\": \"hoteldc.xrisbarney.local\", \"task\": \"12804\", \"processID\": \"560\", \"severityValue\": \"AUDIT_SUCCESS\", \"providerName\": \"Microsoft-Windows-Security-Auditing\" } } }"}
{"source": "win_security.ini:38", "name": "A directory service object was modified", "log": "{ \"win\": { \"eventdata\": { \"subjectLogonId\": \"0x6a874\", \"dSName\": \"xrisbarney.local\", \"attributeValue\": \"accounting accounting\", \"subjectDomainName\": \"XRISBARNEY\", \"objectClass\": \"user\", \"opCorrelationID\": \"{199ff79b-1b43-4bdc-a742-67c94ef4eaba}\", \"objectDN\": \"CN=accounting accounting2,CN=Users,DC=xrisbarney,DC=local\", \"attributeSyntaxOID\": \"2.5.5.12\", \"subjectUserSid\": \"S-1-5-21-3002370232-1004552484-2337450515-500\", \"dSType\": \"%%14676\", \"attributeLDAPDisplayName\": \"name\", \"objectGUID\": \"{3f7a4d00-7651-4e57-acc7-5ef76585351e}\", \"operationType\": \"%%14674\", \"subjectUserName\": \"Administrator\" }, \"system\": { \"eventID\": \"5136\", \"keywords\": \"0x8020000000000000\", \"providerGuid\": \"{54849625-5478-4994-a5ba-3e3b0328c30d}\", \"level\": \"0\", \"channel\": \"Security\", \"opcode\": \"0\", \"message\": \"\\\"A directory service object was modified.\\r\\n\\t\\r\\nSubject:\\r\\n\\tSecurity ID:\\t\\tS-1-5-21-3002370232-1004552484-2337450515-500\\r\\n\\tAccount Name:\\t\\tAdministrator\\r\\n\\tAccount Domain:\\t\\tXRISBARNEY\\r\\n\\tLogon ID:\\t\\t0x6A874\\r\\n\\r\\nDirectory Service:\\r\\n\\tName:\\txrisbarney.local\\r\\n\\tType:\\tActive Directory Domain Services\\r\\n\\t\\r\\nObject:\\r\\n\\tDN:\\tCN=accounting accounting2,CN=Users,DC=xrisbarney,DC=local\\r\\n\\tGUID:\\t{3f7a4d00-7651-4e57-acc7-5ef76585351e}\\r\\n\\tClass:\\tuser\\r\\n\\t\\r\\nAttribute:\\r\\n\\tLDAP Display Name:\\tname\\r\\n\\tSyntax (OID):\\t2.5.5.12\\r\\n\\tValue:\\taccounting accounting\\r\\n\\t\\r\\nOperation:\\r\\n\\tType:\\tValue Added\\r\\n\\tCorrelation ID:\\t{199ff79b-1b43-4bdc-a742-67c94ef4eaba}\\r\\n\\tApplication Correlation ID:\\t-\\\"\", \"version\": \"0\", \"systemTime\": \"2021-11-12T11:53:46.800716700Z\", \"eventRecordID\": \"144592\", \"threadID\": \"660\", \"computer\": \"hoteldc.xrisbarney.local\", \"task\": \"14081\", \"processID\": \"560\", \"severityValue\": \"AUDIT_SUCCESS\", \"providerName\": \"Microsoft-Windows-Security-Auditing\" } } }"}
{"source": "win_security.ini:44", "name": "A directory service object was created", "log": "{ \"win\": { \"eventdata\": { \"subjectLogonId\": \"0x6a874\", \"dSName\": \"xrisbarney.local\", \"subjectUserSid\": \"S-1-5-21-3002370232-1004552484-2337450515-500\", \"subjectDomainName\": \"XRISBARNEY\", \"dSType\": \"%%14676\", \"objectGUID\": \"{1a7bf7a4-3d57-4674-b1a1-3b0f5456e014}\", \"objectClass\": \"user\", \"opCorrelationID\": \"{fd9b26af-5d82-4cd3-a55a-5abb54d9f538}\", \"objectDN\": \"cn=test,CN=Users,DC=xrisbarney,DC=local\", \"subjectUserName\": \"Administrator\" }, \"system\": { \"eventID\": \"5137\", \"keywords\": \"0x8020000000000000\", \"providerGuid\": \"{54849625-5478-4994-a5ba-3e3b0328c30d}\", \"level\": \"0\", \"channel\": \"Security\", \"opcode\": \"0\", \"message\": \"\\\"A directory service object was created.\\r\\n\\t\\r\\nSubject:\\r\\n\\tSecurity ID:\\t\\tS-1-5-21-3002370232-1004552484-2337450515-500\\r\\n\\tAccount Name:\\t\\tAdministrator\\r\\n\\tAccount Domain:\\t\\tXRISBARNEY\\r\\n\\tLogon ID:\\t\\t0x6A874\\r\\n\\t\\r\\nDirectory Service:\\r\\n\\tName:\\txrisbarney.local\\r\\n\\tType:\\tActive Directory Domain Services\\r\\n\\t\\r\\nObject:\\r\\n\\tDN:\\tcn=test,CN=Users,DC=xrisbarney,DC=local\\r\\n\\tGUID:\\t{1a7bf7a4-3d57-4674-b1a1-3b0f5456e014}\\r\\n\\tClass:\\tuser\\r\\n\\t\\r\\nOperation:\\r\\n\\tCorrelation ID:\\t{fd9b26af-5d82-4cd3-a55a-5abb54d9f538}\\r\\n\\tApplication Correlation ID:\\t-\\\"\", \"version\": \"0\", \"systemTime\": \"2021-11-12T12:06:07.200487500Z\", \"eventRecordID\": \"144612\", \"threadID\": \"660\", \"computer\": \"hoteldc.xrisbarney.local\", \"task\": \"14081\", \"processID\": \"560\", \"severityValue\": \"AUDIT_SUCCESS\", \"providerName\": \"Microsoft-Windows-Security-Auditing\" } } }"}
{"source": "win_security.ini:50", "name": "A directory service object was deleted", "log": "{ \"win\": { \"eventdata\": { \"subjectLogonId\": \"0x6a874\", \"dSName\": \"xrisbarney.local\", \"treeDelete\": \"%%14679\", \"subjectUserSid\": \"S-1-5-21-3002370232-1004552484-2337450515-500\", \"subjectDomainName\": \"XRISBARNEY\", \"dSType\": \"%%14676\", \"objectGUID\": \"{3f7a4d00-7651-4e57-acc7-5ef76585351e}\", \"objectClass\": \"user\", \"opCorrelationID\": \"{c235ef0e-0d48-4381-b6a0-114c69fc3324}\", \"objectDN\": \"CN=accounting accounting,CN=Users,DC=xrisbarney,DC=local\", \"subjectUserName\": \"Administrator\" }, \"system\": { \"eventID\": \"5141\", \"keywords\": \"0x8020000000000000\", \"providerGuid\": \"{54849625-5478-4994-a5ba-3e3b0328c30d}\", \"level\": \"0\", \"channel\": \"Security\", \"opcode\": \"0\", \"message\": \"\\\"A directory service object was deleted.\\r\\n\\t\\r\\nSubject:\\r\\n\\tSecurity ID:\\t\\tS-1-5-21-3002370232-1004552484-2337450515-500\\r\\n\\tAccount Name:\\t\\tAdministrator\\r\\n\\tAccount Domain:\\t\\tXRISBARNEY\\r\\n\\tLogon ID:\\t\\t0x6A874\\r\\n\\t\\r\\nDirectory Service:\\r\\n\\tName:\\txrisbarney.local\\r\\n\\tType:\\tActive Directory Domain Services\\r\\n\\t\\r\\nObject:\\r\\n\\tDN:\\tCN=accounting accounting,CN=Users,DC=xrisbarney,DC=local\\r\\n\\tGUID:\\t{3f7a4d00-7651-4e57-acc7-5ef76585351e}\\r\\n\\tClass:\\tuser\\r\\n\\t\\r\\nOperation:\\r\\n\\tTree Delete:\\tNo\\r\\n\\tCorrelation ID:\\t{c235ef0e-0d48-4381-b6a0-114c69fc3324}\\r\\n\\tApplication Correlation ID:\\t-\\\"\", \"version\": \"0\", \"systemTime\": \"2021-11-12T12:03:37.060332200Z\", \"eventRecordID\": \"144611\", \"threadID\": \"660\", \"computer\": \"hoteldc.xrisbarney.local\", \"task\": \"14081\", \"processID\": \"560\", \"severityValue\": \"AUDIT_SUCCESS\", \"providerName\": \"Microsoft-Windows-Security-Auditing\" } } }"}
{"source": "sysmon.ini:20", "name": "Sysmon EventID 1", "log": "{\"win\":{\"eventdata\":{\"originalFileName\":\"Wmiprvse.exe\",\"image\":\"C:\\\\\\\\Windows\\\\\\\\System32\\\\\\\\wbem\\\\\\\\WmiPrvSE.exe\",\"product\":\"Microsoft® Windows® Operating System\",\"parentProcessGuid\":\"{00000000-0000-0000-0000-000000000000}\",\"description\":\"WMI Provider Host\",\"logonGuid\":\"{4dc16835-1309-6130-e403-000000000000}\",\"processGuid\":\"{4dc16835-eaa5-612f-d04e-830000000000}\",\"logonId\":\"0x3e4\",\"parentProcessId\":\"720\",\"processId\":\"3552\",\"currentDirectory\":\"C:\\\\\\\\Windows\\\\\\\\system32\\\\\\\\\",\"utcTime\":\"2021-09-01 21:03:33.317\",\"hashes\":\"SHA1=3EA7CC066317AC45F963C2227C4C7C50AA16EB7C,MD5=60FF40CFD7FB8FE41EE4FE9AE5FE1C51,SHA256=2198A7B58BCCB758036B969DDAE6CC2ECE07565E2659A7C541A313A0492231A3,IMPHASH=B71CB3AC5C352BEC857C940CBC95F0F3\",\"ruleName\":\"technique_id=T1047,technique_name=Windows Management Instrumentation\",\"company\":\"Microsoft Corporation\",\"commandLine\":\"C:\\\\\\\\Windows\\\\\\\\system32\\\\\\\\wbem\\\\\\\\wmiprvse.exe -secured -Embedding\",\"integrityLevel\":\"System\",\"fileVersion\":\"10.0.19041.546 (WinBuild.160101.0800)\",\"user\":\"NT AUTHORITY\\\\\\\\NETWORK SERVICE\",\"terminalSessionId\":\"0\"},\"system\":{\"eventID\":\"1\",\"keywords\":\"0x8000000000000000\",\"providerGuid\":\"{5770385f-c22a-43e0-bf4c-06f5698ffbd9}\",\"level\":\"4\",\"channel\":\"Microsoft-Windows-Sysmon/Operational\",\"opcode\":\"0\",\"message\":\"\\\"Process Create:\\r\\nRuleName: technique_id=T1047,technique_name=Windows Management Instrumentation\\r\\nUtcTime: 2021-09-01 21:03:33.317\\r\\nProcessGuid: {4dc16835-eaa5-612f-d04e-830000000000}\\r\\nProcessId: 3552\\r\\nImage: C:\\\\Windows\\\\System32\\\\wbem\\\\WmiPrvSE.exe\\r\\nFileVersion: 10.0.19041.546 (WinBuild.160101.0800)\\r\\nDescription: WMI Provider Host\\r\\nProduct: Microsoft® Windows® Operating System\\r\\nCompany: Microsoft Corporation\\r\\nOriginalFileName: Wmiprvse.exe\\r\\nCommandLine: C:\\\\Windows\\\\system32\\\\wbem\\\\wmiprvse.exe -secured -Embedding\\r\\nCurrentDirectory: C:\\\\Windows\\\\system32\\\\\\r\\nUser: NT AUTHORITY\\\\NETWORK SERVICE\\r\\nLogonGuid: {4dc16835-1309-6130-e403-000000000000}\\r\\nLogonId: 0x3E4\\r\\nTerminalSessionId: 0\\r\\nIntegrityLevel: System\\r\\nHashes: SHA1=3EA7CC066317AC45F963C2227C4C7C50AA16EB7C,MD5=60FF40CFD7FB8FE41EE4FE9AE5FE1C51,SHA256=2198A7B58BCCB758036B969DDAE6CC2ECE07565E2659A7C541A313A0492231A3,IMPHASH=B71CB3AC5C352BEC857C940CBC95F0F3\\r\\nParentProcessGuid: {00000000-0000-0000-0000-000000000000}\\r\\nParentProcessId: 720\\r\\nParentImage: -\\r\\nParentCommandLine: -\\\"\",\"version\":\"5\",\"systemTime\":\"2021-09-01T21:03:33.3185950Z\",\"eventRecordID\":\"351608\",\"threadID\":\"3644\",\"computer\":\"hrmanager.ExchangeTest.com\",\"task\":\"1\",\"processID\":\"2516\",\"severityValue\":\"INFORMATION\",\"providerName\":\"Microsoft-Windows-Sysmon\"}}}"}
{"source": "sysmon.ini:26", "name": "Sysmon EventID 2", "log": "{\"win\":{\"eventdata\":{\"image\":\"C:\\\\\\\\Users\\\\\\\\ATOMIC~1\\\\\\\\AppData\\\\\\\\Local\\\\\\\\Temp\\\\\\\\{B280E7B6-1E83-4F12-8EDA-F1AB03DBFEC5}\\\\\\\\.cr\\\\\\\\dotnet-sdk-5.0.200-win-x64.exe\",\"processGuid\":\"{4dc16835-7d51-6042-1801-000000001100}\",\"processId\":\"3788\",\"utcTime\":\"2021-03-05 18:50:12.790\",\"targetFilename\":\"C:\\\\\\\\Users\\\\\\\\ATOMIC~1\\\\\\\\AppData\\\\\\\\Local\\\\\\\\Temp\\\\\\\\{015C7FBB-55E8-4F48-A734-CEC83D0AB3A2}\\\\\\\\AspNetCoreSharedFramework_x64\",\"previousCreationUtcTime\":\"2021-03-05 18:50:12.774\",\"ruleName\":\"technique_id=T1099,technique_name=Timestomp\",\"creationUtcTime\":\"2021-01-23 20:57:42.000\"},\"system\":{\"eventID\":\"2\",\"keywords\":\"0x8000000000000000\",\"providerGuid\":\"{5770385f-c22a-43e0-bf4c-06f5698ffbd9}\",\"level\":\"4\",\"channel\":\"Microsoft-Windows-Sysmon/Operational\",\"opcode\":\"0\",\"message\":\"\\\"File creation time changed:\\r\\nRuleName: technique_id=T1099,technique_name=Timestomp\\r\\nUtcTime: 2021-03-05 18:50:12.790\\r\\nProcessGuid: {4dc16835-7d51-6042-1801-000000001100}\\r\\nProcessId: 3788\\r\\nImage: C:\\\\Users\\\\ATOMIC~1\\\\AppData\\\\Local\\\\Temp\\\\{B280E7B6-1E83-4F12-8EDA-F1AB03DBFEC5}\\\\.cr\\\\dotnet-sdk-5.0.200-win-x64.exe\\r\\nTargetFilename: C:\\\\Users\\\\ATOMIC~1\\\\AppData\\\\Local\\\\Temp\\\\{015C7FBB-55E8-4F48-A734-CEC83D0AB3A2}\\\\AspNetCoreSharedFramework_x64\\r\\nCreationUtcTime: 2021-01-23 20:57:42.000\\r\\nPreviousCreationUtcTime: 2021-03-05 18:50:12.774\\\"\",\"version\":\"5\",\"systemTime\":\"2021-03-05T18:50:12.8065118Z\",\"eventRecordID\":\"49656\",\"threadID\":\"2180\",\"computer\":\"DESKTOP-2QKFOBA\",\"task\":\"2\",\"processID\":\"2128\",\"severityValue\":\"INFORMATION\",\"providerName\":\"Microsoft-Windows-Sysmon\"}}}"}
{"source": "sysmon.ini:32", "name": "Sysmon EventID 3", "log": "{\"win\":{\"eventdata\":{\"destinationPort\":\"7010\",\"image\":\"C:\\\\\\\\Users\\\\\\\\Public\\\\\\\\super_scary.exe\",\"sourcePort\":\"49747\",\"initiated\":\"true\",\"destinationIp\":\"192.168.0.4\",\"protocol\":\"tcp\",\"processGuid\":\"{4dc16835-b1a4-6112-d917-2f0000000000}\",\"sourceIp\":\"192.168.0.121\",\"processId\":\"1320\",\"utcTime\":\"2021-08-10 17:04:40.816\",\"ruleName\":\"technique_id=T1036,technique_name=Masquerading\",\"destinationIsIpv6\":\"false\",\"user\":\"EXCHANGETEST\\\\\\\\AtomicRed\",\"sourceIsIpv6\":\"false\"},\"system\":{\"eventID\":\"3\",\"keywords\":\"0x8000000000000000\",\"providerGuid\":\"{5770385f-c22a-43e0-bf4c-06f5698ffbd9}\",\"level\":\"4\",\"channel\":\"Microsoft-Windows-Sysmon/Operational\",\"opcode\":\"0\",\"message\":\"\\\"Network connection detected:\\r\\nRuleName: technique_id=T1036,technique_name=Masquerading\\r\\nUtcTime: 2021-08-10 17:04:40.816\\r\\nProcessGuid: {4dc16835-b1a4-6112-d917-2f0000000000}\\r\\nProcessId: 1320\\r\\nImage: C:\\\\Users\\\\Public\\\\super_scary.exe\\r\\nUser: EXCHANGETEST\\\\AtomicRed\\r\\nProtocol: tcp\\r\\nInitiated: true\\r\\nSourceIsIpv6: false\\r\\nSourceIp: 192.168.0.121\\r\\nSourceHostname: -\\r\\nSourcePort: 49747\\r\\nSourcePortName: -\\r\\nDestinationIsIpv6: false\\r\\nDestinationIp: 192.168.0.4\\r\\nDestinationHostname: -\\r\\nDestinationPort: 7010\\r\\nDestinationPortName: -\\\"\",\"version\":\"5\",\"systemTime\":\"2021-08-10T17:04:41.8691945Z\",\"eventRecordID\":\"328239\",\"threadID\":\"3444\",\"computer\":\"hrmanager.ExchangeTest.com\",\"task\":\"3\",\"processID\":\"2312\",\"severityValue\":\"INFORMATION\",\"providerName\":\"Microsoft-Windows-Sysmon\"}}}"}
{"source": "sysmon.ini:38", "name": "Sysmon EventID 4", "log": "{\"win\":{\"eventdata\":{\"schemaVersion\":\"4.70\",\"utcTime\":\"2021-08-13 20:59:07.499\",\"state\":\"Started\",\"version\":\"13.22\"},\"system\":{\"eventID\":\"4\",\"keywords\":\"0x8000000000000000\",\"providerGuid\":\"{5770385f-c22a-43e0-bf4c-06f5698ffbd9}\",\"level\":\"4\",\"channel\":\"Microsoft-Windows-Sysmon/Operational\",\"opcode\":\"0\",\"message\":\"\\\"Sysmon service state changed:\\r\\nUtcTime: 2021-08-13 20:59:07.499\\r\\nState: Started\\r\\nVersion: 13.22\\r\\nSchemaVersion: 4.70\\\"\",\"version\":\"3\",\"systemTime\":\"2021-08-13T20:59:07.4999128Z\",\"eventRecordID\":\"342247\",\"threadID\":\"4260\",\"computer\":\"hrmanager.ExchangeTest.com\",\"task\":\"4\",\"processID\":\"2668\",\"severityValue\":\"INFORMATION\",\"providerName\":\"Microsoft-Windows-Sysmon\"}}}"}
